Log file open, 10/16/19 13:59:38
LogWindows: Failed to load 'aqProf.dll' (GetLastError=126)
LogWindows: File 'aqProf.dll' does not exist
LogWindows: Failed to load 'VtuneApi.dll' (GetLastError=126)
LogWindows: File 'VtuneApi.dll' does not exist
LogWindows: Failed to load 'VtuneApi32e.dll' (GetLastError=126)
LogWindows: File 'VtuneApi32e.dll' does not exist
LogConsoleResponse: Display: Failed to find resolution value strings in scalability ini. Falling back to default.
LogInit: Display: Running engine for game: P2_Iteration1
LogPakFile: Registered encryption key '00000000000000000000000000000000': 0 pak files mounted, 0 remain pending
LogPlatformFile: Not using cached read wrapper
LogTaskGraph: Started task graph with 5 named threads and 23 total threads with 3 sets of task threads.
LogStats: Stats thread started at 0.281081
LogD3D11RHI: Loaded GFSDK_Aftermath_Lib.x64.dll
LogICUInternationalization: ICU TimeZone Detection - Raw Offset: +10:00, Platform Override: ''
LogPluginManager: Mounting plugin Paper2D
LogPluginManager: Mounting plugin AISupport
LogPluginManager: Mounting plugin LightPropagationVolume
LogPluginManager: Mounting plugin ActorLayerUtilities
LogPluginManager: Mounting plugin AnimationSharing
LogPluginManager: Mounting plugin CLionSourceCodeAccess
LogPluginManager: Mounting plugin CodeLiteSourceCodeAccess
LogPluginManager: Mounting plugin GitSourceControl
LogPluginManager: Mounting plugin KDevelopSourceCodeAccess
LogPluginManager: Mounting plugin NullSourceCodeAccess
LogPluginManager: Mounting plugin PerforceSourceControl
LogPluginManager: Mounting plugin SubversionSourceControl
LogPluginManager: Mounting plugin UObjectPlugin
LogPluginManager: Mounting plugin VisualStudioCodeSourceCodeAccess
LogPluginManager: Mounting plugin VisualStudioSourceCodeAccess
LogPluginManager: Mounting plugin XCodeSourceCodeAccess
LogPluginManager: Mounting plugin AssetManagerEditor
LogPluginManager: Mounting plugin CryptoKeys
LogPluginManager: Mounting plugin DataValidation
LogPluginManager: Mounting plugin FacialAnimation
LogPluginManager: Mounting plugin GameplayTagsEditor
LogPluginManager: Mounting plugin MacGraphicsSwitching
LogPluginManager: Mounting plugin MaterialAnalyzer
LogPluginManager: Mounting plugin MobileLauncherProfileWizard
LogPluginManager: Mounting plugin PluginBrowser
LogPluginManager: Mounting plugin SpeedTreeImporter
LogPluginManager: Mounting plugin DatasmithContent
LogPluginManager: Mounting plugin VariantManagerContent
LogPluginManager: Mounting plugin AlembicImporter
LogPluginManager: Mounting plugin AppleImageUtils
LogPluginManager: Mounting plugin AppleVision
LogPluginManager: Mounting plugin BackChannel
LogPluginManager: Mounting plugin CharacterAI
LogPluginManager: Mounting plugin GeometryCache
LogPluginManager: Mounting plugin HTML5Networking
LogPluginManager: Mounting plugin ProxyLODPlugin
LogPluginManager: Mounting plugin SkeletalReduction
LogPluginManager: Mounting plugin MagicLeap
LogPluginManager: Mounting plugin MagicLeapMedia
LogPluginManager: Mounting plugin AndroidMedia
LogPluginManager: Mounting plugin AvfMedia
LogPluginManager: Mounting plugin ImgMedia
LogPluginManager: Mounting plugin LinearTimecode
LogPluginManager: Mounting plugin MediaCompositing
LogPluginManager: Mounting plugin MediaPlayerEditor
LogPluginManager: Mounting plugin WebMMedia
LogPluginManager: Mounting plugin WmfMedia
LogPluginManager: Mounting plugin TcpMessaging
LogPluginManager: Mounting plugin UdpMessaging
LogPluginManager: Mounting plugin ActorSequence
LogPluginManager: Mounting plugin LevelSequenceEditor
LogPluginManager: Mounting plugin MatineeToLevelSequence
LogPluginManager: Mounting plugin NetcodeUnitTest
LogPluginManager: Mounting plugin NUTUnrealEngine4
LogPluginManager: Mounting plugin OnlineSubsystemGooglePlay
LogPluginManager: Mounting plugin OnlineSubsystemIOS
LogPluginManager: Mounting plugin OnlineSubsystem
LogPluginManager: Mounting plugin OnlineSubsystemNull
LogPluginManager: Mounting plugin OnlineSubsystemUtils
LogPluginManager: Mounting plugin LauncherChunkInstaller
LogPluginManager: Mounting plugin AndroidDeviceProfileSelector
LogPluginManager: Mounting plugin AndroidMoviePlayer
LogPluginManager: Mounting plugin AndroidPermission
LogPluginManager: Mounting plugin AppleMoviePlayer
LogPluginManager: Mounting plugin ArchVisCharacter
LogPluginManager: Mounting plugin AudioCapture
LogPluginManager: Mounting plugin CableComponent
LogPluginManager: Mounting plugin CustomMeshComponent
LogPluginManager: Mounting plugin EditableMesh
LogPluginManager: Mounting plugin ExampleDeviceProfileSelector
LogPluginManager: Mounting plugin Firebase
LogPluginManager: Mounting plugin GoogleCloudMessaging
LogPluginManager: Mounting plugin IOSDeviceProfileSelector
LogPluginManager: Mounting plugin LinuxDeviceProfileSelector
LogPluginManager: Mounting plugin LocationServicesBPLibrary
LogPluginManager: Mounting plugin MobilePatchingUtils
LogPluginManager: Mounting plugin OculusVR
LogPluginManager: Mounting plugin PhysXVehicles
LogPluginManager: Mounting plugin ProceduralMeshComponent
LogPluginManager: Mounting plugin RuntimePhysXCooking
LogPluginManager: Mounting plugin SignificanceManager
LogPluginManager: Mounting plugin SteamVR
LogPluginManager: Mounting plugin WebMMoviePlayer
LogPluginManager: Mounting plugin WindowsMoviePlayer
LogInit: Using libcurl 7.55.1-DEV
LogInit:  - built for x86_64-pc-win32
LogInit:  - supports SSL with OpenSSL/1.1.1
LogInit:  - supports HTTP deflate (compression) using libz 1.2.8
LogInit:  - other features:
LogInit:      CURL_VERSION_SSL
LogInit:      CURL_VERSION_LIBZ
LogInit:      CURL_VERSION_IPV6
LogInit:      CURL_VERSION_ASYNCHDNS
LogInit:      CURL_VERSION_LARGEFILE
LogInit:      CURL_VERSION_IDN
LogInit:  CurlRequestOptions (configurable via config and command line):
LogInit:  - bVerifyPeer = true  - Libcurl will verify peer certificate
LogInit:  - bUseHttpProxy = false  - Libcurl will NOT use HTTP proxy
LogInit:  - bDontReuseConnections = false  - Libcurl will reuse connections
LogInit:  - MaxHostConnections = 16  - Libcurl will limit the number of connections to a host
LogInit:  - LocalHostAddr = Default
LogInit:  - BufferSize = 65536
LogInit: WinSock: version 1.1 (2.2), MaxSocks=32767, MaxUdp=65467
LogHMD: Failed initializing OVRPlugin 1.32.0
LogInit: Build: ++UE4+Release-4.22-CL-7053642
LogInit: Engine Version: 4.22.3-7053642+++UE4+Release-4.22
LogInit: Compatible Engine Version: 4.22.0-5660361+++UE4+Release-4.22
LogInit: Net CL: 5660361
LogInit: OS: Windows 10 (Release 1903) (), CPU: Intel(R) Core(TM) i7-6700 CPU @ 3.40GHz, GPU: NVIDIA GeForce GTX 980
LogInit: Compiled (64-bit): Jun 18 2019 03:09:11
LogInit: Compiled with Visual C++: 19.16.27025.01
LogInit: Build Configuration: Development
LogInit: Branch Name: ++UE4+Release-4.22
LogInit: Command Line:  -EpicPortal -epicusername=FerousFolly -epicuserid=829d646046284f4b91b322475fa86590 -epiclocale=en-US
LogInit: Base Directory: C:/Program Files/Epic Games/UE_4.22/Engine/Binaries/Win64/
LogInit: Installed Engine Build: 1
LogDevObjectVersion: Number of dev versions registered: 23
LogDevObjectVersion:   Dev-Blueprints (B0D832E4-1F89-4F0D-ACCF-7EB736FD4AA2): 10
LogDevObjectVersion:   Dev-Build (E1C64328-A22C-4D53-A36C-8E866417BD8C): 0
LogDevObjectVersion:   Dev-Core (375EC13C-06E4-48FB-B500-84F0262A717E): 3
LogDevObjectVersion:   Dev-Editor (E4B068ED-F494-42E9-A231-DA0B2E46BB41): 30
LogDevObjectVersion:   Dev-Framework (CFFC743F-43B0-4480-9391-14DF171D2073): 35
LogDevObjectVersion:   Dev-Mobile (B02B49B5-BB20-44E9-A304-32B752E40360): 2
LogDevObjectVersion:   Dev-Networking (A4E4105C-59A1-49B5-A7C5-40C4547EDFEE): 0
LogDevObjectVersion:   Dev-Online (39C831C9-5AE6-47DC-9A44-9C173E1C8E7C): 0
LogDevObjectVersion:   Dev-Physics (78F01B33-EBEA-4F98-B9B4-84EACCB95AA2): 0
LogDevObjectVersion:   Dev-Platform (6631380F-2D4D-43E0-8009-CF276956A95A): 0
LogDevObjectVersion:   Dev-Rendering (12F88B9F-8875-4AFC-A67C-D90C383ABD29): 28
LogDevObjectVersion:   Dev-Sequencer (7B5AE74C-D270-4C10-A958-57980B212A5A): 11
LogDevObjectVersion:   Dev-VR (D7296918-1DD6-4BDD-9DE2-64A83CC13884): 2
LogDevObjectVersion:   Dev-LoadTimes (C2A15278-BFE7-4AFE-6C17-90FF531DF755): 1
LogDevObjectVersion:   Private-Geometry (6EACA3D4-40EC-4CC1-B786-8BED09428FC5): 3
LogDevObjectVersion:   Dev-AnimPhys (29E575DD-E0A3-4627-9D10-D276232CDCEA): 17
LogDevObjectVersion:   Dev-Anim (AF43A65D-7FD3-4947-9873-3E8ED9C1BB05): 2
LogDevObjectVersion:   Dev-ReflectionCapture (6B266CEC-1EC7-4B8F-A30B-E4D90942FC07): 1
LogDevObjectVersion:   Dev-Automation (0DF73D61-A23F-47EA-B727-89E90C41499A): 1
LogDevObjectVersion:   FortniteMain (601D1886-AC64-4F84-AA16-D3DE0DEAC7D6): 25
LogDevObjectVersion:   Dev-Enterprise (9DFFBCD6-494F-0158-E221-12823C92A888): 6
LogDevObjectVersion:   Dev-Niagara (F2AED0AC-9AFE-416F-8664-AA7FFA26D6FC): 1
LogDevObjectVersion:   Dev-Destruction (174F1F0B-B4C6-45A5-B13F-2EE8D0FB917D): 2
LogInit: Presizing for max 16777216 objects, including 0 objects not considered by GC, pre-allocating 0 bytes for permanent pool.
LogInit: Object subsystem initialized
LogConfig: Setting CVar [[con.DebugEarlyDefault:1]]
LogConfig: Setting CVar [[r.setres:1280x720]]
[2019.10.16-02.59.39:672][  0]LogConfig: Setting CVar [[r.VSync:0]]
[2019.10.16-02.59.39:672][  0]LogConfig: Setting CVar [[r.RHICmdBypass:0]]
[2019.10.16-02.59.39:672][  0]LogConfig: Applying CVar settings from Section [/Script/Engine.RendererSettings] File [D:/Git/GBG210-TeamA/Prototype 2/P2_Iteration1/Saved/Config/Windows/Engine.ini]
[2019.10.16-02.59.39:672][  0]LogConfig: Setting CVar [[r.GPUCrashDebugging:0]]
[2019.10.16-02.59.39:672][  0]LogConfig: Applying CVar settings from Section [/Script/Engine.RendererOverrideSettings] File [D:/Git/GBG210-TeamA/Prototype 2/P2_Iteration1/Saved/Config/Windows/Engine.ini]
[2019.10.16-02.59.39:672][  0]LogConfig: Applying CVar settings from Section [/Script/Engine.StreamingSettings] File [D:/Git/GBG210-TeamA/Prototype 2/P2_Iteration1/Saved/Config/Windows/Engine.ini]
[2019.10.16-02.59.39:672][  0]LogConfig: Setting CVar [[s.MinBulkDataSizeForAsyncLoading:131072]]
[2019.10.16-02.59.39:672][  0]LogConfig: Setting CVar [[s.AsyncLoadingThreadEnabled:0]]
[2019.10.16-02.59.39:672][  0]LogConfig: Setting CVar [[s.EventDrivenLoaderEnabled:1]]
[2019.10.16-02.59.39:672][  0]LogConfig: Setting CVar [[s.WarnIfTimeLimitExceeded:0]]
[2019.10.16-02.59.39:672][  0]LogConfig: Setting CVar [[s.TimeLimitExceededMultiplier:1.5]]
[2019.10.16-02.59.39:672][  0]LogConfig: Setting CVar [[s.TimeLimitExceededMinTime:0.005]]
[2019.10.16-02.59.39:672][  0]LogConfig: Setting CVar [[s.UseBackgroundLevelStreaming:1]]
[2019.10.16-02.59.39:673][  0]LogConfig: Setting CVar [[s.PriorityAsyncLoadingExtraTime:15.0]]
[2019.10.16-02.59.39:673][  0]LogConfig: Setting CVar [[s.LevelStreamingActorsUpdateTimeLimit:5.0]]
[2019.10.16-02.59.39:673][  0]LogConfig: Setting CVar [[s.PriorityLevelStreamingActorsUpdateExtraTime:5.0]]
[2019.10.16-02.59.39:673][  0]LogConfig: Setting CVar [[s.LevelStreamingComponentsRegistrationGranularity:10]]
[2019.10.16-02.59.39:673][  0]LogConfig: Setting CVar [[s.UnregisterComponentsTimeLimit:1.0]]
[2019.10.16-02.59.39:673][  0]LogConfig: Setting CVar [[s.LevelStreamingComponentsUnregistrationGranularity:5]]
[2019.10.16-02.59.39:673][  0]LogConfig: Applying CVar settings from Section [/Script/Engine.GarbageCollectionSettings] File [D:/Git/GBG210-TeamA/Prototype 2/P2_Iteration1/Saved/Config/Windows/Engine.ini]
[2019.10.16-02.59.39:673][  0]LogConfig: Setting CVar [[gc.MaxObjectsNotConsideredByGC:1]]
[2019.10.16-02.59.39:673][  0]LogConfig: Setting CVar [[gc.SizeOfPermanentObjectPool:0]]
[2019.10.16-02.59.39:673][  0]LogConfig: Setting CVar [[gc.FlushStreamingOnGC:0]]
[2019.10.16-02.59.39:673][  0]LogConfig: Setting CVar [[gc.NumRetriesBeforeForcingGC:10]]
[2019.10.16-02.59.39:673][  0]LogConfig: Setting CVar [[gc.AllowParallelGC:1]]
[2019.10.16-02.59.39:673][  0]LogConfig: Setting CVar [[gc.TimeBetweenPurgingPendingKillObjects:61.1]]
[2019.10.16-02.59.39:673][  0]LogConfig: Setting CVar [[gc.MaxObjectsInEditor:16777216]]
[2019.10.16-02.59.39:673][  0]LogConfig: Setting CVar [[gc.IncrementalBeginDestroyEnabled:1]]
[2019.10.16-02.59.39:673][  0]LogConfig: Setting CVar [[gc.CreateGCClusters:1]]
[2019.10.16-02.59.39:673][  0]LogConfig: Setting CVar [[gc.MinGCClusterSize:5]]
[2019.10.16-02.59.39:673][  0]LogConfig: Setting CVar [[gc.ActorClusteringEnabled:0]]
[2019.10.16-02.59.39:673][  0]LogConfig: Setting CVar [[gc.BlueprintClusteringEnabled:0]]
[2019.10.16-02.59.39:673][  0]LogConfig: Setting CVar [[gc.UseDisregardForGCOnDedicatedServers:0]]
[2019.10.16-02.59.39:673][  0]LogConfig: Applying CVar settings from Section [/Script/Engine.NetworkSettings] File [D:/Git/GBG210-TeamA/Prototype 2/P2_Iteration1/Saved/Config/Windows/Engine.ini]
[2019.10.16-02.59.39:673][  0]LogConfig: Applying CVar settings from Section [/Script/UnrealEd.CookerSettings] File [D:/Git/GBG210-TeamA/Prototype 2/P2_Iteration1/Saved/Config/Windows/Engine.ini]
[2019.10.16-02.59.39:677][  0]LogConfig: Applying CVar settings from Section [ViewDistanceQuality@3] File [D:/Git/GBG210-TeamA/Prototype 2/P2_Iteration1/Saved/Config/Windows/Scalability.ini]
[2019.10.16-02.59.39:677][  0]LogConfig: Setting CVar [[r.SkeletalMeshLODBias:0]]
[2019.10.16-02.59.39:677][  0]LogConfig: Setting CVar [[r.ViewDistanceScale:1.0]]
[2019.10.16-02.59.39:677][  0]LogConfig: Applying CVar settings from Section [AntiAliasingQuality@3] File [D:/Git/GBG210-TeamA/Prototype 2/P2_Iteration1/Saved/Config/Windows/Scalability.ini]
[2019.10.16-02.59.39:677][  0]LogConfig: Setting CVar [[r.PostProcessAAQuality:4]]
[2019.10.16-02.59.39:677][  0]LogConfig: Applying CVar settings from Section [ShadowQuality@3] File [D:/Git/GBG210-TeamA/Prototype 2/P2_Iteration1/Saved/Config/Windows/Scalability.ini]
[2019.10.16-02.59.39:677][  0]LogConfig: Setting CVar [[r.LightFunctionQuality:1]]
[2019.10.16-02.59.39:677][  0]LogConfig: Setting CVar [[r.ShadowQuality:5]]
[2019.10.16-02.59.39:677][  0]LogConfig: Setting CVar [[r.Shadow.CSM.MaxCascades:10]]
[2019.10.16-02.59.39:677][  0]LogConfig: Setting CVar [[r.Shadow.MaxResolution:2048]]
[2019.10.16-02.59.39:677][  0]LogConfig: Setting CVar [[r.Shadow.MaxCSMResolution:2048]]
[2019.10.16-02.59.39:677][  0]LogConfig: Setting CVar [[r.Shadow.RadiusThreshold:0.01]]
[2019.10.16-02.59.39:677][  0]LogConfig: Setting CVar [[r.Shadow.DistanceScale:1.0]]
[2019.10.16-02.59.39:677][  0]LogConfig: Setting CVar [[r.Shadow.CSM.TransitionScale:1.0]]
[2019.10.16-02.59.39:677][  0]LogConfig: Setting CVar [[r.Shadow.PreShadowResolutionFactor:1.0]]
[2019.10.16-02.59.39:677][  0]LogConfig: Setting CVar [[r.DistanceFieldShadowing:1]]
[2019.10.16-02.59.39:677][  0]LogConfig: Setting CVar [[r.DistanceFieldAO:1]]
[2019.10.16-02.59.39:677][  0]LogConfig: Setting CVar [[r.AOQuality:2]]
[2019.10.16-02.59.39:677][  0]LogConfig: Setting CVar [[r.VolumetricFog:1]]
[2019.10.16-02.59.39:677][  0]LogConfig: Setting CVar [[r.VolumetricFog.GridPixelSize:8]]
[2019.10.16-02.59.39:677][  0]LogConfig: Setting CVar [[r.VolumetricFog.GridSizeZ:128]]
[2019.10.16-02.59.39:677][  0]LogConfig: Setting CVar [[r.VolumetricFog.HistoryMissSupersampleCount:4]]
[2019.10.16-02.59.39:677][  0]LogConfig: Setting CVar [[r.LightMaxDrawDistanceScale:1]]
[2019.10.16-02.59.39:677][  0]LogConfig: Setting CVar [[r.CapsuleShadows:1]]
[2019.10.16-02.59.39:677][  0]LogConfig: Applying CVar settings from Section [PostProcessQuality@3] File [D:/Git/GBG210-TeamA/Prototype 2/P2_Iteration1/Saved/Config/Windows/Scalability.ini]
[2019.10.16-02.59.39:677][  0]LogConfig: Setting CVar [[r.MotionBlurQuality:4]]
[2019.10.16-02.59.39:677][  0]LogConfig: Setting CVar [[r.AmbientOcclusionMipLevelFactor:0.4]]
[2019.10.16-02.59.39:677][  0]LogConfig: Setting CVar [[r.AmbientOcclusionMaxQuality:100]]
[2019.10.16-02.59.39:677][  0]LogConfig: Setting CVar [[r.AmbientOcclusionLevels:-1]]
[2019.10.16-02.59.39:677][  0]LogConfig: Setting CVar [[r.AmbientOcclusionRadiusScale:1.0]]
[2019.10.16-02.59.39:677][  0]LogConfig: Setting CVar [[r.DepthOfFieldQuality:2]]
[2019.10.16-02.59.39:677][  0]LogConfig: Setting CVar [[r.RenderTargetPoolMin:400]]
[2019.10.16-02.59.39:677][  0]LogConfig: Setting CVar [[r.LensFlareQuality:2]]
[2019.10.16-02.59.39:677][  0]LogConfig: Setting CVar [[r.SceneColorFringeQuality:1]]
[2019.10.16-02.59.39:678][  0]LogConfig: Setting CVar [[r.EyeAdaptationQuality:2]]
[2019.10.16-02.59.39:678][  0]LogConfig: Setting CVar [[r.BloomQuality:5]]
[2019.10.16-02.59.39:678][  0]LogConfig: Setting CVar [[r.FastBlurThreshold:100]]
[2019.10.16-02.59.39:678][  0]LogConfig: Setting CVar [[r.Upscale.Quality:3]]
[2019.10.16-02.59.39:678][  0]LogConfig: Setting CVar [[r.Tonemapper.GrainQuantization:1]]
[2019.10.16-02.59.39:678][  0]LogConfig: Setting CVar [[r.LightShaftQuality:1]]
[2019.10.16-02.59.39:678][  0]LogConfig: Setting CVar [[r.Filter.SizeScale:1]]
[2019.10.16-02.59.39:678][  0]LogConfig: Setting CVar [[r.Tonemapper.Quality:5]]
[2019.10.16-02.59.39:678][  0]LogConfig: Setting CVar [[r.DOF.Gather.AccumulatorQuality:1        ; higher gathering accumulator quality]]
[2019.10.16-02.59.39:678][  0]LogConfig: Setting CVar [[r.DOF.Gather.PostfilterMethod:1          ; Median3x3 postfilering method]]
[2019.10.16-02.59.39:678][  0]LogConfig: Setting CVar [[r.DOF.Gather.EnableBokehSettings:0       ; no bokeh simulation when gathering]]
[2019.10.16-02.59.39:678][  0]LogConfig: Setting CVar [[r.DOF.Gather.RingCount:4                 ; medium number of samples when gathering]]
[2019.10.16-02.59.39:678][  0]LogConfig: Setting CVar [[r.DOF.Scatter.ForegroundCompositing:1    ; additive foreground scattering]]
[2019.10.16-02.59.39:678][  0]LogConfig: Setting CVar [[r.DOF.Scatter.BackgroundCompositing:2    ; additive background scattering]]
[2019.10.16-02.59.39:678][  0]LogConfig: Setting CVar [[r.DOF.Scatter.EnableBokehSettings:1      ; bokeh simulation when scattering]]
[2019.10.16-02.59.39:678][  0]LogConfig: Setting CVar [[r.DOF.Scatter.MaxSpriteRatio:0.1         ; only a maximum of 10% of scattered bokeh]]
[2019.10.16-02.59.39:678][  0]LogConfig: Setting CVar [[r.DOF.Recombine.Quality:1                ; cheap slight out of focus]]
[2019.10.16-02.59.39:678][  0]LogConfig: Setting CVar [[r.DOF.Recombine.EnableBokehSettings:0    ; no bokeh simulation on slight out of focus]]
[2019.10.16-02.59.39:678][  0]LogConfig: Setting CVar [[r.DOF.TemporalAAQuality:1                ; more stable temporal accumulation]]
[2019.10.16-02.59.39:678][  0]LogConfig: Setting CVar [[r.DOF.Kernel.MaxForegroundRadius:0.025]]
[2019.10.16-02.59.39:678][  0]LogConfig: Setting CVar [[r.DOF.Kernel.MaxBackgroundRadius:0.025]]
[2019.10.16-02.59.39:678][  0]LogConfig: Applying CVar settings from Section [TextureQuality@3] File [D:/Git/GBG210-TeamA/Prototype 2/P2_Iteration1/Saved/Config/Windows/Scalability.ini]
[2019.10.16-02.59.39:678][  0]LogConfig: Setting CVar [[r.Streaming.MipBias:0]]
[2019.10.16-02.59.39:678][  0]LogConfig: Setting CVar [[r.Streaming.AmortizeCPUToGPUCopy:0]]
[2019.10.16-02.59.39:678][  0]LogConfig: Setting CVar [[r.Streaming.MaxNumTexturesToStreamPerFrame:0]]
[2019.10.16-02.59.39:678][  0]LogConfig: Setting CVar [[r.Streaming.Boost:1]]
[2019.10.16-02.59.39:678][  0]LogConfig: Setting CVar [[r.MaxAnisotropy:8]]
[2019.10.16-02.59.39:678][  0]LogConfig: Setting CVar [[r.Streaming.LimitPoolSizeToVRAM:0]]
[2019.10.16-02.59.39:678][  0]LogConfig: Setting CVar [[r.Streaming.PoolSize:1000]]
[2019.10.16-02.59.39:678][  0]LogConfig: Setting CVar [[r.Streaming.MaxEffectiveScreenSize:0]]
[2019.10.16-02.59.39:678][  0]LogConfig: Applying CVar settings from Section [EffectsQuality@3] File [D:/Git/GBG210-TeamA/Prototype 2/P2_Iteration1/Saved/Config/Windows/Scalability.ini]
[2019.10.16-02.59.39:678][  0]LogConfig: Setting CVar [[r.TranslucencyLightingVolumeDim:64]]
[2019.10.16-02.59.39:678][  0]LogConfig: Setting CVar [[r.RefractionQuality:2]]
[2019.10.16-02.59.39:678][  0]LogConfig: Setting CVar [[r.SSR.Quality:3]]
[2019.10.16-02.59.39:678][  0]LogConfig: Setting CVar [[r.SceneColorFormat:4]]
[2019.10.16-02.59.39:678][  0]LogConfig: Setting CVar [[r.DetailMode:2]]
[2019.10.16-02.59.39:678][  0]LogConfig: Setting CVar [[r.TranslucencyVolumeBlur:1]]
[2019.10.16-02.59.39:678][  0]LogConfig: Setting CVar [[r.MaterialQualityLevel:1 ; High quality]]
[2019.10.16-02.59.39:678][  0]LogConfig: Setting CVar [[r.SSS.Scale:1]]
[2019.10.16-02.59.39:678][  0]LogConfig: Setting CVar [[r.SSS.SampleSet:2]]
[2019.10.16-02.59.39:678][  0]LogConfig: Setting CVar [[r.SSS.Quality:1]]
[2019.10.16-02.59.39:678][  0]LogConfig: Setting CVar [[r.SSS.HalfRes:1]]
[2019.10.16-02.59.39:678][  0]LogConfig: Setting CVar [[r.EmitterSpawnRateScale:1.0]]
[2019.10.16-02.59.39:678][  0]LogConfig: Setting CVar [[r.ParticleLightQuality:2]]
[2019.10.16-02.59.39:678][  0]LogConfig: Applying CVar settings from Section [FoliageQuality@3] File [D:/Git/GBG210-TeamA/Prototype 2/P2_Iteration1/Saved/Config/Windows/Scalability.ini]
[2019.10.16-02.59.39:678][  0]LogConfig: Setting CVar [[foliage.DensityScale:1.0]]
[2019.10.16-02.59.39:678][  0]LogConfig: Setting CVar [[grass.DensityScale:1.0]]
[2019.10.16-02.59.39:678][  0]LogInit: Selected Device Profile: [Windows]
[2019.10.16-02.59.39:678][  0]LogInit: Applying CVar settings loaded from the selected device profile: [Windows]
[2019.10.16-02.59.39:692][  0]LogHAL: Display: Platform has ~ 32 GB [34270765056 / 34359738368 / 32], which maps to Largest [LargestMinGB=32, LargerMinGB=12, DefaultMinGB=8, SmallerMinGB=6, SmallestMinGB=0)
[2019.10.16-02.59.39:692][  0]LogConfig: Setting CVar [[r.Vulkan.UseRealUBs:0		; Required until we fix HLR fall-out]]
[2019.10.16-02.59.39:692][  0]LogInit: Going up to parent DeviceProfile []
[2019.10.16-02.59.39:692][  0]LogConfig: Applying CVar settings from Section [ViewDistanceQuality@3] File [D:/Git/GBG210-TeamA/Prototype 2/P2_Iteration1/Saved/Config/Windows/Scalability.ini]
[2019.10.16-02.59.39:692][  0]LogConfig: Setting CVar [[r.SkeletalMeshLODBias:0]]
[2019.10.16-02.59.39:692][  0]LogConfig: Setting CVar [[r.ViewDistanceScale:1.0]]
[2019.10.16-02.59.39:692][  0]LogConfig: Applying CVar settings from Section [AntiAliasingQuality@3] File [D:/Git/GBG210-TeamA/Prototype 2/P2_Iteration1/Saved/Config/Windows/Scalability.ini]
[2019.10.16-02.59.39:692][  0]LogConfig: Setting CVar [[r.PostProcessAAQuality:4]]
[2019.10.16-02.59.39:692][  0]LogConfig: Applying CVar settings from Section [ShadowQuality@3] File [D:/Git/GBG210-TeamA/Prototype 2/P2_Iteration1/Saved/Config/Windows/Scalability.ini]
[2019.10.16-02.59.39:692][  0]LogConfig: Setting CVar [[r.LightFunctionQuality:1]]
[2019.10.16-02.59.39:692][  0]LogConfig: Setting CVar [[r.ShadowQuality:5]]
[2019.10.16-02.59.39:692][  0]LogConfig: Setting CVar [[r.Shadow.CSM.MaxCascades:10]]
[2019.10.16-02.59.39:692][  0]LogConfig: Setting CVar [[r.Shadow.MaxResolution:2048]]
[2019.10.16-02.59.39:692][  0]LogConfig: Setting CVar [[r.Shadow.MaxCSMResolution:2048]]
[2019.10.16-02.59.39:692][  0]LogConfig: Setting CVar [[r.Shadow.RadiusThreshold:0.01]]
[2019.10.16-02.59.39:692][  0]LogConfig: Setting CVar [[r.Shadow.DistanceScale:1.0]]
[2019.10.16-02.59.39:692][  0]LogConfig: Setting CVar [[r.Shadow.CSM.TransitionScale:1.0]]
[2019.10.16-02.59.39:692][  0]LogConfig: Setting CVar [[r.Shadow.PreShadowResolutionFactor:1.0]]
[2019.10.16-02.59.39:692][  0]LogConfig: Setting CVar [[r.DistanceFieldShadowing:1]]
[2019.10.16-02.59.39:692][  0]LogConfig: Setting CVar [[r.DistanceFieldAO:1]]
[2019.10.16-02.59.39:692][  0]LogConfig: Setting CVar [[r.AOQuality:2]]
[2019.10.16-02.59.39:692][  0]LogConfig: Setting CVar [[r.VolumetricFog:1]]
[2019.10.16-02.59.39:692][  0]LogConfig: Setting CVar [[r.VolumetricFog.GridPixelSize:8]]
[2019.10.16-02.59.39:692][  0]LogConfig: Setting CVar [[r.VolumetricFog.GridSizeZ:128]]
[2019.10.16-02.59.39:692][  0]LogConfig: Setting CVar [[r.VolumetricFog.HistoryMissSupersampleCount:4]]
[2019.10.16-02.59.39:692][  0]LogConfig: Setting CVar [[r.LightMaxDrawDistanceScale:1]]
[2019.10.16-02.59.39:692][  0]LogConfig: Setting CVar [[r.CapsuleShadows:1]]
[2019.10.16-02.59.39:692][  0]LogConfig: Applying CVar settings from Section [PostProcessQuality@3] File [D:/Git/GBG210-TeamA/Prototype 2/P2_Iteration1/Saved/Config/Windows/Scalability.ini]
[2019.10.16-02.59.39:692][  0]LogConfig: Setting CVar [[r.MotionBlurQuality:4]]
[2019.10.16-02.59.39:692][  0]LogConfig: Setting CVar [[r.AmbientOcclusionMipLevelFactor:0.4]]
[2019.10.16-02.59.39:692][  0]LogConfig: Setting CVar [[r.AmbientOcclusionMaxQuality:100]]
[2019.10.16-02.59.39:692][  0]LogConfig: Setting CVar [[r.AmbientOcclusionLevels:-1]]
[2019.10.16-02.59.39:692][  0]LogConfig: Setting CVar [[r.AmbientOcclusionRadiusScale:1.0]]
[2019.10.16-02.59.39:692][  0]LogConfig: Setting CVar [[r.DepthOfFieldQuality:2]]
[2019.10.16-02.59.39:692][  0]LogConfig: Setting CVar [[r.RenderTargetPoolMin:400]]
[2019.10.16-02.59.39:692][  0]LogConfig: Setting CVar [[r.LensFlareQuality:2]]
[2019.10.16-02.59.39:692][  0]LogConfig: Setting CVar [[r.SceneColorFringeQuality:1]]
[2019.10.16-02.59.39:692][  0]LogConfig: Setting CVar [[r.EyeAdaptationQuality:2]]
[2019.10.16-02.59.39:692][  0]LogConfig: Setting CVar [[r.BloomQuality:5]]
[2019.10.16-02.59.39:692][  0]LogConfig: Setting CVar [[r.FastBlurThreshold:100]]
[2019.10.16-02.59.39:692][  0]LogConfig: Setting CVar [[r.Upscale.Quality:3]]
[2019.10.16-02.59.39:692][  0]LogConfig: Setting CVar [[r.Tonemapper.GrainQuantization:1]]
[2019.10.16-02.59.39:692][  0]LogConfig: Setting CVar [[r.LightShaftQuality:1]]
[2019.10.16-02.59.39:692][  0]LogConfig: Setting CVar [[r.Filter.SizeScale:1]]
[2019.10.16-02.59.39:692][  0]LogConfig: Setting CVar [[r.Tonemapper.Quality:5]]
[2019.10.16-02.59.39:692][  0]LogConfig: Setting CVar [[r.DOF.Gather.AccumulatorQuality:1        ; higher gathering accumulator quality]]
[2019.10.16-02.59.39:692][  0]LogConfig: Setting CVar [[r.DOF.Gather.PostfilterMethod:1          ; Median3x3 postfilering method]]
[2019.10.16-02.59.39:693][  0]LogConfig: Setting CVar [[r.DOF.Gather.EnableBokehSettings:0       ; no bokeh simulation when gathering]]
[2019.10.16-02.59.39:693][  0]LogConfig: Setting CVar [[r.DOF.Gather.RingCount:4                 ; medium number of samples when gathering]]
[2019.10.16-02.59.39:693][  0]LogConfig: Setting CVar [[r.DOF.Scatter.ForegroundCompositing:1    ; additive foreground scattering]]
[2019.10.16-02.59.39:693][  0]LogConfig: Setting CVar [[r.DOF.Scatter.BackgroundCompositing:2    ; additive background scattering]]
[2019.10.16-02.59.39:693][  0]LogConfig: Setting CVar [[r.DOF.Scatter.EnableBokehSettings:1      ; bokeh simulation when scattering]]
[2019.10.16-02.59.39:693][  0]LogConfig: Setting CVar [[r.DOF.Scatter.MaxSpriteRatio:0.1         ; only a maximum of 10% of scattered bokeh]]
[2019.10.16-02.59.39:693][  0]LogConfig: Setting CVar [[r.DOF.Recombine.Quality:1                ; cheap slight out of focus]]
[2019.10.16-02.59.39:693][  0]LogConfig: Setting CVar [[r.DOF.Recombine.EnableBokehSettings:0    ; no bokeh simulation on slight out of focus]]
[2019.10.16-02.59.39:693][  0]LogConfig: Setting CVar [[r.DOF.TemporalAAQuality:1                ; more stable temporal accumulation]]
[2019.10.16-02.59.39:693][  0]LogConfig: Setting CVar [[r.DOF.Kernel.MaxForegroundRadius:0.025]]
[2019.10.16-02.59.39:693][  0]LogConfig: Setting CVar [[r.DOF.Kernel.MaxBackgroundRadius:0.025]]
[2019.10.16-02.59.39:693][  0]LogConfig: Applying CVar settings from Section [TextureQuality@3] File [D:/Git/GBG210-TeamA/Prototype 2/P2_Iteration1/Saved/Config/Windows/Scalability.ini]
[2019.10.16-02.59.39:693][  0]LogConfig: Setting CVar [[r.Streaming.MipBias:0]]
[2019.10.16-02.59.39:693][  0]LogConfig: Setting CVar [[r.Streaming.AmortizeCPUToGPUCopy:0]]
[2019.10.16-02.59.39:693][  0]LogConfig: Setting CVar [[r.Streaming.MaxNumTexturesToStreamPerFrame:0]]
[2019.10.16-02.59.39:693][  0]LogConfig: Setting CVar [[r.Streaming.Boost:1]]
[2019.10.16-02.59.39:693][  0]LogConfig: Setting CVar [[r.MaxAnisotropy:8]]
[2019.10.16-02.59.39:693][  0]LogConfig: Setting CVar [[r.Streaming.LimitPoolSizeToVRAM:0]]
[2019.10.16-02.59.39:693][  0]LogConfig: Setting CVar [[r.Streaming.PoolSize:1000]]
[2019.10.16-02.59.39:693][  0]LogConfig: Setting CVar [[r.Streaming.MaxEffectiveScreenSize:0]]
[2019.10.16-02.59.39:693][  0]LogConfig: Applying CVar settings from Section [EffectsQuality@3] File [D:/Git/GBG210-TeamA/Prototype 2/P2_Iteration1/Saved/Config/Windows/Scalability.ini]
[2019.10.16-02.59.39:693][  0]LogConfig: Setting CVar [[r.TranslucencyLightingVolumeDim:64]]
[2019.10.16-02.59.39:693][  0]LogConfig: Setting CVar [[r.RefractionQuality:2]]
[2019.10.16-02.59.39:693][  0]LogConfig: Setting CVar [[r.SSR.Quality:3]]
[2019.10.16-02.59.39:693][  0]LogConfig: Setting CVar [[r.SceneColorFormat:4]]
[2019.10.16-02.59.39:693][  0]LogConfig: Setting CVar [[r.DetailMode:2]]
[2019.10.16-02.59.39:693][  0]LogConfig: Setting CVar [[r.TranslucencyVolumeBlur:1]]
[2019.10.16-02.59.39:693][  0]LogConfig: Setting CVar [[r.MaterialQualityLevel:1 ; High quality]]
[2019.10.16-02.59.39:693][  0]LogConfig: Setting CVar [[r.SSS.Scale:1]]
[2019.10.16-02.59.39:693][  0]LogConfig: Setting CVar [[r.SSS.SampleSet:2]]
[2019.10.16-02.59.39:693][  0]LogConfig: Setting CVar [[r.SSS.Quality:1]]
[2019.10.16-02.59.39:693][  0]LogConfig: Setting CVar [[r.SSS.HalfRes:1]]
[2019.10.16-02.59.39:693][  0]LogConfig: Setting CVar [[r.EmitterSpawnRateScale:1.0]]
[2019.10.16-02.59.39:693][  0]LogConfig: Setting CVar [[r.ParticleLightQuality:2]]
[2019.10.16-02.59.39:693][  0]LogConfig: Applying CVar settings from Section [FoliageQuality@3] File [D:/Git/GBG210-TeamA/Prototype 2/P2_Iteration1/Saved/Config/Windows/Scalability.ini]
[2019.10.16-02.59.39:693][  0]LogConfig: Setting CVar [[foliage.DensityScale:1.0]]
[2019.10.16-02.59.39:693][  0]LogConfig: Setting CVar [[grass.DensityScale:1.0]]
[2019.10.16-02.59.39:693][  0]LogConfig: Applying CVar settings from Section [Startup] File [../../../Engine/Config/ConsoleVariables.ini]
[2019.10.16-02.59.39:693][  0]LogConfig: Setting CVar [[net.UseAdaptiveNetUpdateFrequency:0]]
[2019.10.16-02.59.39:693][  0]LogConfig: Setting CVar [[p.chaos.AllowCreatePhysxBodies:1]]
[2019.10.16-02.59.39:693][  0]LogConfig: Applying CVar settings from Section [ConsoleVariables] File [D:/Git/GBG210-TeamA/Prototype 2/P2_Iteration1/Saved/Config/Windows/Engine.ini]
[2019.10.16-02.59.39:693][  0]LogInit: Computer: SYD-R102-PC15
[2019.10.16-02.59.39:693][  0]LogInit: User: aheeleydoring
[2019.10.16-02.59.39:693][  0]LogInit: CPU Page size=4096, Cores=4
[2019.10.16-02.59.39:693][  0]LogInit: High frequency timer resolution =10.000000 MHz
[2019.10.16-02.59.39:694][  0]LogMemory: Memory total: Physical=31.9GB (32GB approx)
[2019.10.16-02.59.39:694][  0]LogMemory: Platform Memory Stats for Windows
[2019.10.16-02.59.39:694][  0]LogMemory: Process Physical Memory: 100.35 MB used, 100.36 MB peak
[2019.10.16-02.59.39:694][  0]LogMemory: Process Virtual Memory: 94.59 MB used, 94.59 MB peak
[2019.10.16-02.59.39:694][  0]LogMemory: Physical Memory: 6629.39 MB used,  26053.76 MB free, 32683.15 MB total
[2019.10.16-02.59.39:694][  0]LogMemory: Virtual Memory: 4663.57 MB used,  134213064.00 MB free, 134217728.00 MB total
[2019.10.16-02.59.39:724][  0]LogInit: Using OS detected language (en-US).
[2019.10.16-02.59.39:724][  0]LogInit: Using OS detected locale (en-AU).
[2019.10.16-02.59.39:725][  0]LogTextLocalizationManager: No specific localization for 'en-US' exists, so the 'en' localization will be used.
[2019.10.16-02.59.39:886][  0]LogInit: Setting process to per monitor DPI aware
[2019.10.16-02.59.39:928][  0]LogSlate: New Slate User Created.  User Index 0, Is Virtual User: 0
[2019.10.16-02.59.39:928][  0]LogSlate: Slate User Registered.  User Index 0, Is Virtual User: 0
[2019.10.16-02.59.40:115][  0]LogHMD: Failed to initialize OpenVR with code 110
[2019.10.16-02.59.40:115][  0]LogD3D11RHI: D3D11 adapters:
[2019.10.16-02.59.40:177][  0]LogD3D11RHI:    0. 'NVIDIA GeForce GTX 980' (Feature Level 11_0)
[2019.10.16-02.59.40:177][  0]LogD3D11RHI:       4053/0/16341 MB DedicatedVideo/DedicatedSystem/SharedSystem, Outputs:1, VendorId:0x10de
[2019.10.16-02.59.40:180][  0]LogD3D11RHI:    1. 'Microsoft Basic Render Driver' (Feature Level 11_0)
[2019.10.16-02.59.40:180][  0]LogD3D11RHI:       0/0/16341 MB DedicatedVideo/DedicatedSystem/SharedSystem, Outputs:0, VendorId:0x1414
[2019.10.16-02.59.40:180][  0]LogD3D11RHI: Chosen D3D11 Adapter: 0
[2019.10.16-02.59.40:187][  0]LogD3D11RHI: Creating new Direct3DDevice
[2019.10.16-02.59.40:187][  0]LogD3D11RHI:     GPU DeviceId: 0x13c0 (for the marketing name, search the web for "GPU Device Id")
[2019.10.16-02.59.40:187][  0]LogWindows: EnumDisplayDevices:
[2019.10.16-02.59.40:188][  0]LogWindows:    0. 'NVIDIA GeForce GTX 980' (P:1 D:1)
[2019.10.16-02.59.40:188][  0]LogWindows:    1. 'NVIDIA GeForce GTX 980' (P:0 D:0)
[2019.10.16-02.59.40:189][  0]LogWindows:    2. 'NVIDIA GeForce GTX 980' (P:0 D:0)
[2019.10.16-02.59.40:189][  0]LogWindows:    3. 'NVIDIA GeForce GTX 980' (P:0 D:0)
[2019.10.16-02.59.40:190][  0]LogWindows: DebugString: FoundDriverCount:4 
[2019.10.16-02.59.40:190][  0]LogD3D11RHI:     Adapter Name: NVIDIA GeForce GTX 980
[2019.10.16-02.59.40:190][  0]LogD3D11RHI:   Driver Version: 436.15 (internal:26.21.14.3615, unified:436.15)
[2019.10.16-02.59.40:190][  0]LogD3D11RHI:      Driver Date: 8-24-2019
[2019.10.16-02.59.40:190][  0]LogRHI: Texture pool is 2837 MB (70% of 4053 MB)
[2019.10.16-02.59.40:244][  0]LogD3D11RHI: Async texture creation enabled
[2019.10.16-02.59.40:249][  0]LogRendererCore: FGlobalReadBuffer::InitRHI
[2019.10.16-02.59.40:249][  0]LogRendererCore: FGlobalReadBuffer::InitRHI
[2019.10.16-02.59.40:249][  0]LogRendererCore: FGlobalReadBuffer::InitRHI
[2019.10.16-02.59.40:257][  0]LogD3D11RHI: GPU Timing Frequency: 1000.000000 (Debug: 2 1)
[2019.10.16-02.59.40:693][  0]LogTemp: Display: Module 'AllDesktopTargetPlatform' loaded TargetPlatform 'AllDesktop'
[2019.10.16-02.59.40:710][  0]LogTemp: Display: Module 'MacClientTargetPlatform' loaded TargetPlatform 'MacClient'
[2019.10.16-02.59.40:724][  0]LogTemp: Display: Module 'MacNoEditorTargetPlatform' loaded TargetPlatform 'MacNoEditor'
[2019.10.16-02.59.40:739][  0]LogTemp: Display: Module 'MacServerTargetPlatform' loaded TargetPlatform 'MacServer'
[2019.10.16-02.59.40:753][  0]LogTemp: Display: Module 'MacTargetPlatform' loaded TargetPlatform 'Mac'
[2019.10.16-02.59.40:768][  0]LogTemp: Display: Module 'WindowsClientTargetPlatform' loaded TargetPlatform 'WindowsClient'
[2019.10.16-02.59.40:782][  0]LogTemp: Display: Module 'WindowsNoEditorTargetPlatform' loaded TargetPlatform 'WindowsNoEditor'
[2019.10.16-02.59.40:800][  0]LogTemp: Display: Module 'WindowsServerTargetPlatform' loaded TargetPlatform 'WindowsServer'
[2019.10.16-02.59.40:807][  0]LogTemp: Display: Module 'WindowsTargetPlatform' loaded TargetPlatform 'Windows'
[2019.10.16-02.59.40:887][  0]LogTemp: Display: Module 'AndroidTargetPlatform' loaded TargetPlatform 'Android'
[2019.10.16-02.59.40:888][  0]LogTemp: Display: Module 'AndroidTargetPlatform' loaded TargetPlatform 'Android_ASTC'
[2019.10.16-02.59.40:888][  0]LogTemp: Display: Module 'AndroidTargetPlatform' loaded TargetPlatform 'Android_ATC'
[2019.10.16-02.59.40:888][  0]LogTemp: Display: Module 'AndroidTargetPlatform' loaded TargetPlatform 'Android_DXT'
[2019.10.16-02.59.40:888][  0]LogTemp: Display: Module 'AndroidTargetPlatform' loaded TargetPlatform 'Android_ETC1'
[2019.10.16-02.59.40:888][  0]LogTemp: Display: Module 'AndroidTargetPlatform' loaded TargetPlatform 'Android_ETC1a'
[2019.10.16-02.59.40:888][  0]LogTemp: Display: Module 'AndroidTargetPlatform' loaded TargetPlatform 'Android_ETC2'
[2019.10.16-02.59.40:888][  0]LogTemp: Display: Module 'AndroidTargetPlatform' loaded TargetPlatform 'Android_PVRTC'
[2019.10.16-02.59.40:888][  0]LogTemp: Display: Module 'AndroidTargetPlatform' loaded TargetPlatform 'AndroidClient'
[2019.10.16-02.59.40:888][  0]LogTemp: Display: Module 'AndroidTargetPlatform' loaded TargetPlatform 'Android_ASTCClient'
[2019.10.16-02.59.40:888][  0]LogTemp: Display: Module 'AndroidTargetPlatform' loaded TargetPlatform 'Android_ATCClient'
[2019.10.16-02.59.40:888][  0]LogTemp: Display: Module 'AndroidTargetPlatform' loaded TargetPlatform 'Android_DXTClient'
[2019.10.16-02.59.40:888][  0]LogTemp: Display: Module 'AndroidTargetPlatform' loaded TargetPlatform 'Android_ETC1Client'
[2019.10.16-02.59.40:888][  0]LogTemp: Display: Module 'AndroidTargetPlatform' loaded TargetPlatform 'Android_ETC1aClient'
[2019.10.16-02.59.40:888][  0]LogTemp: Display: Module 'AndroidTargetPlatform' loaded TargetPlatform 'Android_ETC2Client'
[2019.10.16-02.59.40:888][  0]LogTemp: Display: Module 'AndroidTargetPlatform' loaded TargetPlatform 'Android_PVRTCClient'
[2019.10.16-02.59.40:888][  0]LogTemp: Display: Module 'AndroidTargetPlatform' loaded TargetPlatform 'Android_Multi'
[2019.10.16-02.59.40:888][  0]LogTemp: Display: Module 'AndroidTargetPlatform' loaded TargetPlatform 'Android_MultiClient'
[2019.10.16-02.59.40:890][  0]LogTemp: Display: Module 'HTML5TargetPlatform' loaded TargetPlatform 'HTML5'
[2019.10.16-02.59.40:941][  0]LogTemp: Display: Module 'IOSTargetPlatform' loaded TargetPlatform 'IOSClient'
[2019.10.16-02.59.40:941][  0]LogTemp: Display: Module 'IOSTargetPlatform' loaded TargetPlatform 'IOS'
[2019.10.16-02.59.40:964][  0]LogTemp: Display: Module 'TVOSTargetPlatform' loaded TargetPlatform 'TVOSClient'
[2019.10.16-02.59.40:964][  0]LogTemp: Display: Module 'TVOSTargetPlatform' loaded TargetPlatform 'TVOS'
[2019.10.16-02.59.40:976][  0]LogTemp: Display: Module 'LinuxClientTargetPlatform' loaded TargetPlatform 'LinuxClient'
[2019.10.16-02.59.40:989][  0]LogTemp: Display: Module 'LinuxNoEditorTargetPlatform' loaded TargetPlatform 'LinuxNoEditor'
[2019.10.16-02.59.41:004][  0]LogTemp: Display: Module 'LinuxServerTargetPlatform' loaded TargetPlatform 'LinuxServer'
[2019.10.16-02.59.41:018][  0]LogTemp: Display: Module 'LinuxTargetPlatform' loaded TargetPlatform 'Linux'
[2019.10.16-02.59.41:064][  0]LogTemp: Display: Module 'LuminTargetPlatform' loaded TargetPlatform 'Lumin'
[2019.10.16-02.59.41:064][  0]LogTemp: Display: Module 'LuminTargetPlatform' loaded TargetPlatform 'LuminClient'
[2019.10.16-02.59.41:064][  0]LogTargetPlatformManager: Display: Building Assets For Windows
[2019.10.16-02.59.41:078][  0]LogAudioDebug: Display: Lib vorbis DLL was dynamically loaded.
[2019.10.16-02.59.41:146][  0]LogShaderCompilers: Guid format shader working directory is 8 characters bigger than the processId version (D:/Git/GBG210-TeamA/Prototype 2/P2_Iteration1/Intermediate/Shaders/WorkingDirectory/11376/).
[2019.10.16-02.59.41:146][  0]LogShaderCompilers: Cleaned the shader compiler working directory 'C:/Users/aheeleydoring/AppData/Local/Temp/UnrealShaderWorkingDir/0A06284C4C59D5CA085BFFB2369FC389/'.
[2019.10.16-02.59.41:161][  0]LogShaderCompilers: Display: Using XGE Shader Compiler (Interception Interface).
[2019.10.16-02.59.41:726][  0]LogDerivedDataCache: Display: Max Cache Size: 512 MB
[2019.10.16-02.59.41:776][  0]LogDerivedDataCache: Loaded boot cache 0.05s 71MB C:/Users/aheeleydoring/AppData/Local/UnrealEngine/4.22/DerivedDataCache/Boot.ddc.
[2019.10.16-02.59.41:776][  0]LogDerivedDataCache: Display: Loaded Boot cache: C:/Users/aheeleydoring/AppData/Local/UnrealEngine/4.22/DerivedDataCache/Boot.ddc
[2019.10.16-02.59.41:776][  0]LogDerivedDataCache: FDerivedDataBackendGraph:  Pak pak cache file D:/Git/GBG210-TeamA/Prototype 2/P2_Iteration1/DerivedDataCache/DDC.ddp not found, will not use a pak cache.
[2019.10.16-02.59.41:776][  0]LogDerivedDataCache: Unable to find inner node Pak for hierarchical cache Hierarchy.
[2019.10.16-02.59.41:776][  0]LogDerivedDataCache: FDerivedDataBackendGraph:  CompressedPak pak cache file D:/Git/GBG210-TeamA/Prototype 2/P2_Iteration1/DerivedDataCache/Compressed.ddp not found, will not use a pak cache.
[2019.10.16-02.59.41:776][  0]LogDerivedDataCache: Unable to find inner node CompressedPak for hierarchical cache Hierarchy.
[2019.10.16-02.59.41:790][  0]LogDerivedDataCache: Display: Pak cache opened for reading ../../../Engine/DerivedDataCache/Compressed.ddp.
[2019.10.16-02.59.41:791][  0]LogDerivedDataCache: FDerivedDataBackendGraph:  EnterprisePak pak cache file ../../../Enterprise/DerivedDataCache/Compressed.ddp not found, will not use a pak cache.
[2019.10.16-02.59.41:791][  0]LogDerivedDataCache: Unable to find inner node EnterprisePak for hierarchical cache Hierarchy.
[2019.10.16-02.59.41:803][  0]LogDerivedDataCache: Using Local data cache path C:/Users/aheeleydoring/AppData/Local/UnrealEngine/Common/DerivedDataCache: Writable
[2019.10.16-02.59.41:803][  0]LogDerivedDataCache: Shared data cache path not found in *engine.ini, will not use an Shared cache.
[2019.10.16-02.59.41:803][  0]LogDerivedDataCache: Unable to find inner node Shared for hierarchical cache Hierarchy.
[2019.10.16-02.59.41:826][  0]LogMaterial: Verifying Global Shaders for PCD3D_SM5
[2019.10.16-02.59.41:827][  0]LogSlate: Using FreeType 2.6.0
[2019.10.16-02.59.41:827][  0]LogSlate: SlateFontServices - WITH_FREETYPE: 1, WITH_HARFBUZZ: 1
[2019.10.16-02.59.41:920][  0]LogAssetRegistry: FAssetRegistry took 0.0324 seconds to start up
[2019.10.16-02.59.42:292][  0]LogInit: Selected Device Profile: [Windows]
[2019.10.16-02.59.42:364][  0]LogMeshReduction: Using QuadricMeshReduction for automatic static mesh reduction
[2019.10.16-02.59.42:364][  0]LogMeshReduction: Using SimplygonMeshReduction for automatic skeletal mesh reduction
[2019.10.16-02.59.42:364][  0]LogMeshReduction: Using ProxyLODMeshReduction for automatic mesh merging
[2019.10.16-02.59.42:364][  0]LogMeshReduction: No distributed automatic mesh merging module available
[2019.10.16-02.59.42:364][  0]LogMeshMerging: No distributed automatic mesh merging module available
[2019.10.16-02.59.42:454][  0]LogNetVersion: P2_Iteration1 1.0.0, NetCL: 5660361, EngineNetVer: 10, GameNetVer: 0 (Checksum: 1179186539)
[2019.10.16-02.59.42:868][  0]LogPackageLocalizationCache: Processed 10 localized package path(s) for 1 prioritized culture(s) in 0.043400 seconds
[2019.10.16-02.59.42:875][  0]LogUObjectArray: 42205 objects as part of root set at end of initial load.
[2019.10.16-02.59.42:875][  0]LogUObjectAllocator: 7325032 out of 0 bytes used by permanent object pool.
[2019.10.16-02.59.42:875][  0]LogUObjectArray: CloseDisregardForGC: 0/0 objects in disregard for GC pool
[2019.10.16-02.59.43:862][  0]LogTcpMessaging: Initializing TcpMessaging bridge
[2019.10.16-02.59.43:876][  0]LogUdpMessaging: Initializing bridge on interface 0.0.0.0:0 to multicast group 230.0.0.1:6666.
[2019.10.16-02.59.43:993][  0]SourceControl: Source control is disabled
[2019.10.16-02.59.43:993][  0]SourceControl: Source control is disabled
[2019.10.16-02.59.43:995][  0]SourceControl: Source control is disabled
[2019.10.16-02.59.43:996][  0]SourceControl: Source control is disabled
[2019.10.16-02.59.44:085][  0]LogAndroidPermission: UAndroidPermissionCallbackProxy::GetInstance
[2019.10.16-02.59.44:239][  0]LogOcInput: OculusInput pre-init called
[2019.10.16-02.59.45:031][  0]LogEngine: Initializing Engine...
[2019.10.16-02.59.45:032][  0]LogHMD: Failed to initialize OpenVR with code 110
[2019.10.16-02.59.45:032][  0]LogStats: UGameplayTagsManager::InitializeManager -  0.000 s
[2019.10.16-02.59.45:251][  0]LogInit: Initializing FReadOnlyCVARCache
[2019.10.16-02.59.45:273][  0]LogAIModule: Creating AISystem for world Untitled
[2019.10.16-02.59.45:333][  0]LogInit: XAudio2 using 'Speakers (Realtek High Definition Audio)' : 2 channels at 48 kHz using 32 bits per sample (channel mask 0x3)
[2019.10.16-02.59.45:370][  0]LogInit: FAudioDevice initialized.
[2019.10.16-02.59.45:370][  0]LogNetVersion: Set ProjectVersion to 1.0.0.0. Version Checksum will be recalculated on next use.
[2019.10.16-02.59.45:441][  0]LogDerivedDataCache: Saved boot cache 0.07s 71MB C:/Users/aheeleydoring/AppData/Local/UnrealEngine/4.22/DerivedDataCache/Boot.ddc.
[2019.10.16-02.59.45:448][  0]LogInit: Texture streaming: Enabled
[2019.10.16-02.59.45:471][  0]LogEngineSessionManager: EngineSessionManager initialized
[2019.10.16-02.59.45:499][  0]LogInit: Transaction tracking system initialized
[2019.10.16-02.59.45:528][  0]BlueprintLog: New page: Editor Load
[2019.10.16-02.59.45:632][  0]LocalizationService: Localization service is disabled
[2019.10.16-02.59.45:959][  0]LogFileCache: Scanning file cache for directory 'D:/Git/GBG210-TeamA/Prototype 2/P2_Iteration1/Content/' took 0.02s
[2019.10.16-02.59.45:959][  0]LogCook: Display: Max memory allowance for cook 16384mb min free memory 0mb
[2019.10.16-02.59.45:959][  0]LogCook: Display: Mobile HDR setting 1
[2019.10.16-02.59.46:169][  0]SourceControl: Source control is disabled
[2019.10.16-02.59.46:169][  0]Cmd: MAP LOAD FILE="D:/Git/GBG210-TeamA/Prototype 2/P2_Iteration1/Content/SideScrollerBP/Maps/SideScrollerExampleMap.umap" TEMPLATE=0 SHOWPROGRESS=1 FEATURELEVEL=3
[2019.10.16-02.59.46:169][  0]LightingResults: New page: Lighting Build
[2019.10.16-02.59.46:172][  0]MapCheck: New page: Map Check
[2019.10.16-02.59.46:172][  0]LightingResults: New page: Lighting Build
[2019.10.16-02.59.46:197][  0]LogUObjectHash: Compacting FUObjectHashTables data took   1.68ms
[2019.10.16-02.59.46:606][  0]LogMaterial: Display: Missing cached shader map for material MT_Steel, compiling. 
[2019.10.16-02.59.46:675][  0]LogAIModule: Creating AISystem for world SideScrollerExampleMap
[2019.10.16-02.59.46:686][  0]LogEditorServer: Finished looking for orphan Actors (0.000 secs)
[2019.10.16-02.59.46:713][  0]LogUObjectHash: Compacting FUObjectHashTables data took   1.88ms
[2019.10.16-02.59.46:713][  0]Cmd: MAP CHECKDEP NOCLEARLOG
[2019.10.16-02.59.46:713][  0]MapCheck: Map check complete: 0 Error(s), 0 Warning(s), took 0.075ms to complete.
[2019.10.16-02.59.46:713][  0]LogFileHelpers: Loading map 'SideScrollerExampleMap' took 0.545
[2019.10.16-02.59.46:830][  0]LogSlate: Updating window title bar state: overlay mode, drag disabled, window buttons hidden, title bar hidden
[2019.10.16-02.59.46:839][  0]LogSlate: Updating window title bar state: overlay mode, drag disabled, window buttons hidden, title bar hidden
[2019.10.16-02.59.46:848][  0]LogSlate: Updating window title bar state: overlay mode, drag disabled, window buttons hidden, title bar hidden
[2019.10.16-02.59.46:858][  0]LogSlate: Updating window title bar state: overlay mode, drag disabled, window buttons hidden, title bar hidden
[2019.10.16-02.59.46:868][  0]LogCollectionManager: Loaded 0 collections in 0.003296 seconds
[2019.10.16-02.59.46:887][  0]LogFileCache: Scanning file cache for directory 'D:/Git/GBG210-TeamA/Prototype 2/P2_Iteration1/Saved/Collections/' took 0.01s
[2019.10.16-02.59.46:887][  0]LogFileCache: Scanning file cache for directory 'D:/Git/GBG210-TeamA/Prototype 2/P2_Iteration1/Content/Developers/aheeleydoring/Collections/' took 0.00s
[2019.10.16-02.59.46:887][  0]LogFileCache: Scanning file cache for directory 'D:/Git/GBG210-TeamA/Prototype 2/P2_Iteration1/Content/Collections/' took 0.00s
[2019.10.16-02.59.46:887][  0]LogCollectionManager: Rebuilt the GUID cache for 0 collections in 0.000000 seconds
[2019.10.16-02.59.46:898][  0]LogContentBrowser: Native class hierarchy populated in 0.0106 seconds. Added 2732 classes and 659 folders.
[2019.10.16-02.59.46:908][  0]LogContentBrowser: Native class hierarchy updated for 'WidgetCarousel' in 0.0004 seconds. Added 0 classes and 0 folders.
[2019.10.16-02.59.46:910][  0]LogPakFile: Registered encryption key '00000000000000000000000000000000': 0 pak files mounted, 0 remain pending
[2019.10.16-02.59.46:911][  0]LogPakFile: Registered encryption key '00000000000000000000000000000000': 0 pak files mounted, 0 remain pending
[2019.10.16-02.59.46:911][  0]LogPakFile: Registered encryption key '00000000000000000000000000000000': 0 pak files mounted, 0 remain pending
[2019.10.16-02.59.46:912][  0]LogPakFile: Registered encryption key '00000000000000000000000000000000': 0 pak files mounted, 0 remain pending
[2019.10.16-02.59.46:913][  0]LogPakFile: Registered encryption key '00000000000000000000000000000000': 0 pak files mounted, 0 remain pending
[2019.10.16-02.59.46:913][  0]LogPakFile: Registered encryption key '00000000000000000000000000000000': 0 pak files mounted, 0 remain pending
[2019.10.16-02.59.46:914][  0]LogPakFile: Registered encryption key '00000000000000000000000000000000': 0 pak files mounted, 0 remain pending
[2019.10.16-02.59.46:914][  0]LogPakFile: Registered encryption key '00000000000000000000000000000000': 0 pak files mounted, 0 remain pending
[2019.10.16-02.59.46:915][  0]LogPakFile: Registered encryption key '00000000000000000000000000000000': 0 pak files mounted, 0 remain pending
[2019.10.16-02.59.46:915][  0]LogPakFile: Registered encryption key '00000000000000000000000000000000': 0 pak files mounted, 0 remain pending
[2019.10.16-02.59.46:916][  0]LogPakFile: Registered encryption key '00000000000000000000000000000000': 0 pak files mounted, 0 remain pending
[2019.10.16-02.59.46:917][  0]LogPakFile: Registered encryption key '00000000000000000000000000000000': 0 pak files mounted, 0 remain pending
[2019.10.16-02.59.46:917][  0]LogPakFile: Registered encryption key '00000000000000000000000000000000': 0 pak files mounted, 0 remain pending
[2019.10.16-02.59.46:918][  0]LogPakFile: Registered encryption key '00000000000000000000000000000000': 0 pak files mounted, 0 remain pending
[2019.10.16-02.59.46:918][  0]LogPakFile: Registered encryption key '00000000000000000000000000000000': 0 pak files mounted, 0 remain pending
[2019.10.16-02.59.46:919][  0]LogPakFile: Registered encryption key '00000000000000000000000000000000': 0 pak files mounted, 0 remain pending
[2019.10.16-02.59.46:920][  0]LogPakFile: Registered encryption key '00000000000000000000000000000000': 0 pak files mounted, 0 remain pending
[2019.10.16-02.59.46:920][  0]LogPakFile: Registered encryption key '00000000000000000000000000000000': 0 pak files mounted, 0 remain pending
[2019.10.16-02.59.46:921][  0]LogPakFile: Registered encryption key '00000000000000000000000000000000': 0 pak files mounted, 0 remain pending
[2019.10.16-02.59.46:921][  0]LogPakFile: Registered encryption key '00000000000000000000000000000000': 0 pak files mounted, 0 remain pending
[2019.10.16-02.59.46:922][  0]LogPakFile: Registered encryption key '00000000000000000000000000000000': 0 pak files mounted, 0 remain pending
[2019.10.16-02.59.46:923][  0]LogPakFile: Registered encryption key '00000000000000000000000000000000': 0 pak files mounted, 0 remain pending
[2019.10.16-02.59.46:923][  0]LogPakFile: Registered encryption key '00000000000000000000000000000000': 0 pak files mounted, 0 remain pending
[2019.10.16-02.59.46:924][  0]LogPakFile: Registered encryption key '00000000000000000000000000000000': 0 pak files mounted, 0 remain pending
[2019.10.16-02.59.46:924][  0]LogPakFile: Registered encryption key '00000000000000000000000000000000': 0 pak files mounted, 0 remain pending
[2019.10.16-02.59.46:925][  0]LogPakFile: Registered encryption key '00000000000000000000000000000000': 0 pak files mounted, 0 remain pending
[2019.10.16-02.59.46:977][  0]LogContentBrowser: Native class hierarchy updated for 'AddContentDialog' in 0.0002 seconds. Added 0 classes and 0 folders.
[2019.10.16-02.59.46:984][  0]LogContentBrowser: Native class hierarchy updated for 'SceneOutliner' in 0.0003 seconds. Added 1 classes and 2 folders.
[2019.10.16-02.59.46:999][  0]LogSlate: Took 0.000190 seconds to synchronously load lazily loaded font '../../../Engine/Content/Slate/Fonts/Roboto-Regular.ttf' (155K)
[2019.10.16-02.59.47:002][  0]LogSlate: Took 0.000216 seconds to synchronously load lazily loaded font '../../../Engine/Content/Slate/Fonts/Roboto-Bold.ttf' (160K)
[2019.10.16-02.59.47:007][  0]LogSlate: Took 0.000242 seconds to synchronously load lazily loaded font '../../../Engine/Content/Editor/Slate/Fonts/FontAwesome.ttf' (139K)
[2019.10.16-02.59.47:075][  0]LogRenderer: Reallocating scene render targets to support 1616x808 Format 10 NumSamples 1 (Frame:1).
[2019.10.16-02.59.47:198][  0]LogContentBrowser: Native class hierarchy updated for 'HierarchicalLODOutliner' in 0.0002 seconds. Added 0 classes and 0 folders.
[2019.10.16-02.59.47:198][  0]LogLoad: (Engine Initialization) Total time: 10.36 seconds
[2019.10.16-02.59.47:198][  0]LogLoad: (Engine Initialization) Total Blueprint compile time: 0.00 seconds
[2019.10.16-02.59.47:231][  0]LogAssetRegistry: Asset discovery search completed in 5.3334 seconds
[2019.10.16-02.59.47:234][  0]LogCollectionManager: Rebuilt the object cache for 0 collections in 0.000000 seconds (found 0 objects)
[2019.10.16-02.59.47:234][  0]LogCollectionManager: Fixed up redirectors for 0 collections in 0.000088 seconds (updated 0 objects)
[2019.10.16-02.59.47:237][  0]LogContentStreaming: Texture pool size now 1000 MB
[2019.10.16-03.00.52:394][178]LogSlate: FSceneViewport::OnFocusLost() reason 0
[2019.10.16-03.00.55:008][488]LogBlueprintUserMessages: Early PlayInEditor Detection: Level '/Game/SideScrollerBP/Maps/SideScrollerExampleMap.SideScrollerExampleMap:PersistentLevel' has LevelScriptBlueprint '/Game/SideScrollerBP/Maps/SideScrollerExampleMap.SideScrollerExampleMap:PersistentLevel.SideScrollerExampleMap' with GeneratedClass '/Game/SideScrollerBP/Maps/SideScrollerExampleMap.SideScrollerExampleMap_C' with ClassGeneratedBy '/Game/SideScrollerBP/Maps/SideScrollerExampleMap.SideScrollerExampleMap:PersistentLevel.SideScrollerExampleMap'
[2019.10.16-03.00.55:008][488]LogPlayLevel: PlayLevel: No blueprints needed recompiling
[2019.10.16-03.00.55:008][488]PIE: New page: PIE session: SideScrollerExampleMap (17 Oct 2019 1:00:55 am)
[2019.10.16-03.00.55:021][488]LogPlayLevel: Creating play world package: /Game/SideScrollerBP/Maps/UEDPIE_0_SideScrollerExampleMap
[2019.10.16-03.00.55:036][488]LogPlayLevel: PIE: StaticDuplicateObject took: (0.014800s)
[2019.10.16-03.00.55:037][488]LogAIModule: Creating AISystem for world SideScrollerExampleMap
[2019.10.16-03.00.55:037][488]LogPlayLevel: PIE: World Init took: (0.000944s)
[2019.10.16-03.00.55:037][488]LogPlayLevel: PIE: Created PIE world by copying editor world from /Game/SideScrollerBP/Maps/SideScrollerExampleMap.SideScrollerExampleMap to /Game/SideScrollerBP/Maps/UEDPIE_0_SideScrollerExampleMap.SideScrollerExampleMap (0.016002s)
[2019.10.16-03.00.55:062][488]LogUObjectHash: Compacting FUObjectHashTables data took   1.04ms
[2019.10.16-03.00.55:108][488]LogInit: XAudio2 using 'Speakers (Realtek High Definition Audio)' : 2 channels at 48 kHz using 32 bits per sample (channel mask 0x3)
[2019.10.16-03.00.55:134][488]LogInit: FAudioDevice initialized.
[2019.10.16-03.00.55:143][488]LogSlate: Updating window title bar state: overlay mode, drag disabled, window buttons hidden, title bar hidden
[2019.10.16-03.00.55:192][488]LogLoad: Game class is 'SideScrollerGameMode_C'
[2019.10.16-03.00.55:195][488]LogWorld: Bringing World /Game/SideScrollerBP/Maps/UEDPIE_0_SideScrollerExampleMap.SideScrollerExampleMap up for play (max tick rate 0) at 2019.10.16-14.00.55
[2019.10.16-03.00.55:196][488]LogWorld: Bringing up level for play took: 0.002345
[2019.10.16-03.00.55:216][488]LogContentBrowser: Native class hierarchy updated for 'MovieSceneCapture' in 0.0003 seconds. Added 20 classes and 0 folders.
[2019.10.16-03.00.55:220][488]PIE: Play in editor start time for /Game/SideScrollerBP/Maps/UEDPIE_0_SideScrollerExampleMap 0.18
[2019.10.16-03.00.55:220][488]LogBlueprintUserMessages: Late PlayInEditor Detection: Level '/Game/SideScrollerBP/Maps/SideScrollerExampleMap.SideScrollerExampleMap:PersistentLevel' has LevelScriptBlueprint '/Game/SideScrollerBP/Maps/SideScrollerExampleMap.SideScrollerExampleMap:PersistentLevel.SideScrollerExampleMap' with GeneratedClass '/Game/SideScrollerBP/Maps/SideScrollerExampleMap.SideScrollerExampleMap_C' with ClassGeneratedBy '/Game/SideScrollerBP/Maps/SideScrollerExampleMap.SideScrollerExampleMap:PersistentLevel.SideScrollerExampleMap'
[2019.10.16-03.01.16:326][  3]LogCharacterMovement: SideScrollerCharacter_78 is stuck and failed to move! Velocity: X=0.00 Y=-17.07 Z=0.00 Location: X=1200.00 Y=-1635.71 Z=500.40 Normal: X=0.75 Y=0.66 Z=0.00 PenetrationDepth:0.011 Actor:BP_Door_Attempt_2 Component:Cube BoneName:None (0 other events since notify)
[2019.10.16-03.01.23:861][907]LogCharacterMovement: SideScrollerCharacter_78 is stuck and failed to move! Velocity: X=0.00 Y=17.07 Z=0.00 Location: X=1200.00 Y=-3228.55 Z=500.40 Normal: X=0.02 Y=-1.00 Z=0.00 PenetrationDepth:0.249 Actor:BP_Door_Attempt2_2 Component:Cube BoneName:None (0 other events since notify)
[2019.10.16-03.01.25:560][111]LogCharacterMovement: SideScrollerCharacter_78 is stuck and failed to move! Velocity: X=0.00 Y=17.07 Z=0.00 Location: X=1200.00 Y=-1735.92 Z=500.40 Normal: X=-0.36 Y=-0.93 Z=0.00 PenetrationDepth:0.012 Actor:BP_Door_Attempt_2 Component:Cube BoneName:None (7 other events since notify)
[2019.10.16-03.01.43:001][202]LogBlueprintUserMessages: Early EndPlayMap Detection: Level '/Game/SideScrollerBP/Maps/SideScrollerExampleMap.SideScrollerExampleMap:PersistentLevel' has LevelScriptBlueprint '/Game/SideScrollerBP/Maps/SideScrollerExampleMap.SideScrollerExampleMap:PersistentLevel.SideScrollerExampleMap' with GeneratedClass '/Game/SideScrollerBP/Maps/SideScrollerExampleMap.SideScrollerExampleMap_C' with ClassGeneratedBy '/Game/SideScrollerBP/Maps/SideScrollerExampleMap.SideScrollerExampleMap:PersistentLevel.SideScrollerExampleMap'
[2019.10.16-03.01.43:002][202]LogSlate: Updating window title bar state: overlay mode, drag disabled, window buttons hidden, title bar hidden
[2019.10.16-03.01.43:013][202]LogSlate: Window 'P2_Iteration1 Game Preview Standalone (64-bit/PCD3D_SM5)' being destroyed
[2019.10.16-03.01.43:050][202]LogPlayLevel: Display: Shutting down PIE online subsystems
[2019.10.16-03.01.43:051][202]LogBlueprintUserMessages: Late EndPlayMap Detection: Level '/Game/SideScrollerBP/Maps/SideScrollerExampleMap.SideScrollerExampleMap:PersistentLevel' has LevelScriptBlueprint '/Game/SideScrollerBP/Maps/SideScrollerExampleMap.SideScrollerExampleMap:PersistentLevel.SideScrollerExampleMap' with GeneratedClass '/Game/SideScrollerBP/Maps/SideScrollerExampleMap.SideScrollerExampleMap_C' with ClassGeneratedBy '/Game/SideScrollerBP/Maps/SideScrollerExampleMap.SideScrollerExampleMap:PersistentLevel.SideScrollerExampleMap'
[2019.10.16-03.01.43:079][202]LogUObjectHash: Compacting FUObjectHashTables data took   1.22ms
[2019.10.16-03.01.43:105][203]LogPlayLevel: Display: Destroying online subsystem :Context_5
[2019.10.16-03.02.46:670][243]LogSlate: Took 0.005126 seconds to synchronously load lazily loaded font '../../../Engine/Content/Slate/Fonts/Roboto-Light.ttf' (167K)
[2019.10.16-03.02.46:678][243]LogAssetEditorManager: Opening Asset editor for Blueprint /Game/SideScrollerBP/Blueprints/SideScrollerCharacter.SideScrollerCharacter
[2019.10.16-03.02.47:028][243]LogContentBrowser: Native class hierarchy updated for 'BlueprintGraph' in 0.0005 seconds. Added 121 classes and 0 folders.
[2019.10.16-03.02.47:916][243]LogSlate: Took 0.004865 seconds to synchronously load lazily loaded font '../../../Engine/Content/Slate/Fonts/Roboto-BoldCondensed.ttf' (158K)
[2019.10.16-03.02.50:053][477]LogSlate: Took 0.004973 seconds to synchronously load lazily loaded font '../../../Engine/Content/Slate/Fonts/Roboto-Italic.ttf' (157K)
[2019.10.16-03.03.40:483][549]LogTemp: Repeating last play command: New Editor Window (PIE)
[2019.10.16-03.03.40:494][549]LogBlueprintUserMessages: Early PlayInEditor Detection: Level '/Game/SideScrollerBP/Maps/SideScrollerExampleMap.SideScrollerExampleMap:PersistentLevel' has LevelScriptBlueprint '/Game/SideScrollerBP/Maps/SideScrollerExampleMap.SideScrollerExampleMap:PersistentLevel.SideScrollerExampleMap' with GeneratedClass '/Game/SideScrollerBP/Maps/SideScrollerExampleMap.SideScrollerExampleMap_C' with ClassGeneratedBy '/Game/SideScrollerBP/Maps/SideScrollerExampleMap.SideScrollerExampleMap:PersistentLevel.SideScrollerExampleMap'
[2019.10.16-03.03.40:494][549]LogPlayLevel: PlayLevel: No blueprints needed recompiling
[2019.10.16-03.03.40:495][549]PIE: New page: PIE session: SideScrollerExampleMap (17 Oct 2019 1:03:40 am)
[2019.10.16-03.03.40:495][549]LogPlayLevel: Creating play world package: /Game/SideScrollerBP/Maps/UEDPIE_0_SideScrollerExampleMap
[2019.10.16-03.03.40:506][549]LogPlayLevel: PIE: StaticDuplicateObject took: (0.011434s)
[2019.10.16-03.03.40:507][549]LogAIModule: Creating AISystem for world SideScrollerExampleMap
[2019.10.16-03.03.40:507][549]LogPlayLevel: PIE: World Init took: (0.001189s)
[2019.10.16-03.03.40:508][549]LogPlayLevel: PIE: Created PIE world by copying editor world from /Game/SideScrollerBP/Maps/SideScrollerExampleMap.SideScrollerExampleMap to /Game/SideScrollerBP/Maps/UEDPIE_0_SideScrollerExampleMap.SideScrollerExampleMap (0.012875s)
[2019.10.16-03.03.40:547][549]LogUObjectHash: Compacting FUObjectHashTables data took   4.48ms
[2019.10.16-03.03.40:590][549]LogInit: XAudio2 using 'Speakers (Realtek High Definition Audio)' : 2 channels at 48 kHz using 32 bits per sample (channel mask 0x3)
[2019.10.16-03.03.40:613][549]LogInit: FAudioDevice initialized.
[2019.10.16-03.03.40:623][549]LogSlate: Updating window title bar state: overlay mode, drag disabled, window buttons hidden, title bar hidden
[2019.10.16-03.03.40:654][549]LogLoad: Game class is 'SideScrollerGameMode_C'
[2019.10.16-03.03.40:657][549]LogWorld: Bringing World /Game/SideScrollerBP/Maps/UEDPIE_0_SideScrollerExampleMap.SideScrollerExampleMap up for play (max tick rate 0) at 2019.10.16-14.03.40
[2019.10.16-03.03.40:657][549]LogWorld: Bringing up level for play took: 0.002585
[2019.10.16-03.03.40:673][549]PIE: Play in editor start time for /Game/SideScrollerBP/Maps/UEDPIE_0_SideScrollerExampleMap -0.368
[2019.10.16-03.03.40:673][549]LogBlueprintUserMessages: Late PlayInEditor Detection: Level '/Game/SideScrollerBP/Maps/SideScrollerExampleMap.SideScrollerExampleMap:PersistentLevel' has LevelScriptBlueprint '/Game/SideScrollerBP/Maps/SideScrollerExampleMap.SideScrollerExampleMap:PersistentLevel.SideScrollerExampleMap' with GeneratedClass '/Game/SideScrollerBP/Maps/SideScrollerExampleMap.SideScrollerExampleMap_C' with ClassGeneratedBy '/Game/SideScrollerBP/Maps/SideScrollerExampleMap.SideScrollerExampleMap:PersistentLevel.SideScrollerExampleMap'
[2019.10.16-03.03.53:561][640]LogBlueprintUserMessages: Early EndPlayMap Detection: Level '/Game/SideScrollerBP/Maps/SideScrollerExampleMap.SideScrollerExampleMap:PersistentLevel' has LevelScriptBlueprint '/Game/SideScrollerBP/Maps/SideScrollerExampleMap.SideScrollerExampleMap:PersistentLevel.SideScrollerExampleMap' with GeneratedClass '/Game/SideScrollerBP/Maps/SideScrollerExampleMap.SideScrollerExampleMap_C' with ClassGeneratedBy '/Game/SideScrollerBP/Maps/SideScrollerExampleMap.SideScrollerExampleMap:PersistentLevel.SideScrollerExampleMap'
[2019.10.16-03.03.53:562][640]LogSlate: Updating window title bar state: overlay mode, drag disabled, window buttons hidden, title bar hidden
[2019.10.16-03.03.53:573][640]LogSlate: Window 'P2_Iteration1 Game Preview Standalone (64-bit/PCD3D_SM5)' being destroyed
[2019.10.16-03.03.53:612][640]LogPlayLevel: Display: Shutting down PIE online subsystems
[2019.10.16-03.03.53:613][640]LogBlueprintUserMessages: Late EndPlayMap Detection: Level '/Game/SideScrollerBP/Maps/SideScrollerExampleMap.SideScrollerExampleMap:PersistentLevel' has LevelScriptBlueprint '/Game/SideScrollerBP/Maps/SideScrollerExampleMap.SideScrollerExampleMap:PersistentLevel.SideScrollerExampleMap' with GeneratedClass '/Game/SideScrollerBP/Maps/SideScrollerExampleMap.SideScrollerExampleMap_C' with ClassGeneratedBy '/Game/SideScrollerBP/Maps/SideScrollerExampleMap.SideScrollerExampleMap:PersistentLevel.SideScrollerExampleMap'
[2019.10.16-03.03.53:649][640]LogUObjectHash: Compacting FUObjectHashTables data took   1.67ms
[2019.10.16-03.03.53:740][641]LogPlayLevel: Display: Destroying online subsystem :Context_7
[2019.10.16-03.06.14:587][377]Cmd: TRANSACTION UNDO
[2019.10.16-03.06.14:587][377]LogEditorTransaction: Undo Rename Node
[2019.10.16-03.08.26:221][582]LogAssetEditorManager: Opening Asset editor for Blueprint /Game/SideScrollerBP/Blueprints/SideScrollerGameMode.SideScrollerGameMode
[2019.10.16-03.08.30:188][ 14]LogRenderer: Reallocating scene render targets to support 1616x1260 Format 10 NumSamples 1 (Frame:1).
[2019.10.16-03.08.33:425][362]LogAssetEditorManager: Opening Asset editor for WidgetBlueprint /Game/SideScrollerBP/Blueprints/BP_ShoddyHUD.BP_ShoddyHUD
[2019.10.16-03.08.33:698][362]LogBlueprintActionDatabase: Requesting refresh due to module change: SequencerWidgets (loaded)
[2019.10.16-03.08.34:042][362]LogScript: Warning: Script Msg: Attempted to access index 0 from array 'CallFunc_GetAllActorsOfClass_OutActors' of length 0 in '/Game/SideScrollerBP/Blueprints/BP_ShoddyHUD.BP_ShoddyHUD_C:ExecuteUbergraph_BP_ShoddyHUD'!
[2019.10.16-03.10.48:738][537]LogUObjectHash: Compacting FUObjectHashTables data took   5.43ms
[2019.10.16-03.10.48:975][537]LogSavePackage: Moving 'D:/Git/GBG210-TeamA/Prototype 2/P2_Iteration1/Saved/SideScrollerExampleMap_Auto1EEDB9DDF4610F5770DB68DBF46E57387.tmp' to 'D:/Git/GBG210-TeamA/Prototype 2/P2_Iteration1/Saved/Autosaves/Game/SideScrollerBP/Maps/SideScrollerExampleMap_Auto1.umap'
[2019.10.16-03.10.48:981][537]LogFileHelpers: Editor autosave (incl. sublevels) for '/Game/SideScrollerBP/Maps/SideScrollerExampleMap' took 0.324
[2019.10.16-03.10.48:981][537]LogFileHelpers: Editor autosave (incl. sublevels) for all levels took 0.324
[2019.10.16-03.10.48:982][537]OBJ SavePackage: Generating thumbnails for [1] asset(s) in package [/Game/SideScrollerBP/Blueprints/SideScrollerCharacter] ([1] browsable assets)...
[2019.10.16-03.10.49:011][537]OBJ SavePackage:     Rendered thumbnail for [Blueprint /Game/SideScrollerBP/Blueprints/SideScrollerCharacter.SideScrollerCharacter]
[2019.10.16-03.10.49:011][537]OBJ SavePackage: Finished generating thumbnails for package [/Game/SideScrollerBP/Blueprints/SideScrollerCharacter]
[2019.10.16-03.10.49:076][537]LogSavePackage: Moving 'D:/Git/GBG210-TeamA/Prototype 2/P2_Iteration1/Saved/SideScrollerCharacter_Auto1473B92B248BD60E97D974086129B09E9.tmp' to 'D:/Git/GBG210-TeamA/Prototype 2/P2_Iteration1/Saved/Autosaves/Game/SideScrollerBP/Blueprints/SideScrollerCharacter_Auto1.uasset'
[2019.10.16-03.10.49:077][537]LogFileHelpers: Auto-saving content packages took 0.095
[2019.10.16-03.42.44:406][589]LogScript: Warning: Script Msg: Attempted to access index 0 from array 'CallFunc_GetAllActorsOfClass_OutActors' of length 0 in '/Game/SideScrollerBP/Blueprints/BP_ShoddyHUD.BP_ShoddyHUD_C:ExecuteUbergraph_BP_ShoddyHUD'!
[2019.10.16-03.43.06:109][972]LogUObjectHash: Compacting FUObjectHashTables data took   3.37ms
[2019.10.16-03.43.06:324][972]LogSavePackage: Moving 'D:/Git/GBG210-TeamA/Prototype 2/P2_Iteration1/Saved/SideScrollerExampleMap36A33C6442E2B421E52103A6EA93037B.tmp' to 'D:/Git/GBG210-TeamA/Prototype 2/P2_Iteration1/Content/SideScrollerBP/Maps/SideScrollerExampleMap.umap'
[2019.10.16-03.43.06:620][972]LogSavePackage: Moving 'D:/Git/GBG210-TeamA/Prototype 2/P2_Iteration1/Saved/SideScrollerExampleMap_BuiltDataE855E1A445FD00A01DE6BF8EDD8130C9.tmp' to 'D:/Git/GBG210-TeamA/Prototype 2/P2_Iteration1/Content/SideScrollerBP/Maps/SideScrollerExampleMap_BuiltData.uasset'
