Log file open, 12/09/19 18:09:43
LogWindows: Failed to load 'aqProf.dll' (GetLastError=126)
LogWindows: File 'aqProf.dll' does not exist
LogWindows: Failed to load 'VtuneApi.dll' (GetLastError=126)
LogWindows: File 'VtuneApi.dll' does not exist
LogWindows: Failed to load 'VtuneApi32e.dll' (GetLastError=126)
LogWindows: File 'VtuneApi32e.dll' does not exist
LogConsoleResponse: Display: Failed to find resolution value strings in scalability ini. Falling back to default.
LogInit: Display: Running engine for game: P2_Iteration1
LogPakFile: Registered encryption key '00000000000000000000000000000000': 0 pak files mounted, 0 remain pending
LogPlatformFile: Not using cached read wrapper
LogTaskGraph: Started task graph with 5 named threads and 23 total threads with 3 sets of task threads.
LogStats: Stats thread started at 0.830370
LogD3D11RHI: Loaded GFSDK_Aftermath_Lib.x64.dll
LogICUInternationalization: ICU TimeZone Detection - Raw Offset: +10:00, Platform Override: ''
LogPluginManager: Mounting plugin Paper2D
LogPluginManager: Mounting plugin AISupport
LogPluginManager: Mounting plugin LightPropagationVolume
LogPluginManager: Mounting plugin ActorLayerUtilities
LogPluginManager: Mounting plugin AnimationSharing
LogPluginManager: Mounting plugin CLionSourceCodeAccess
LogPluginManager: Mounting plugin CodeLiteSourceCodeAccess
LogPluginManager: Mounting plugin GitSourceControl
LogPluginManager: Mounting plugin KDevelopSourceCodeAccess
LogPluginManager: Mounting plugin NullSourceCodeAccess
LogPluginManager: Mounting plugin PerforceSourceControl
LogPluginManager: Mounting plugin SubversionSourceControl
LogPluginManager: Mounting plugin UObjectPlugin
LogPluginManager: Mounting plugin VisualStudioCodeSourceCodeAccess
LogPluginManager: Mounting plugin VisualStudioSourceCodeAccess
LogPluginManager: Mounting plugin XCodeSourceCodeAccess
LogPluginManager: Mounting plugin AssetManagerEditor
LogPluginManager: Mounting plugin CryptoKeys
LogPluginManager: Mounting plugin DataValidation
LogPluginManager: Mounting plugin FacialAnimation
LogPluginManager: Mounting plugin GameplayTagsEditor
LogPluginManager: Mounting plugin MacGraphicsSwitching
LogPluginManager: Mounting plugin MaterialAnalyzer
LogPluginManager: Mounting plugin MobileLauncherProfileWizard
LogPluginManager: Mounting plugin PluginBrowser
LogPluginManager: Mounting plugin SpeedTreeImporter
LogPluginManager: Mounting plugin DatasmithContent
LogPluginManager: Mounting plugin VariantManagerContent
LogPluginManager: Mounting plugin AlembicImporter
LogPluginManager: Mounting plugin AppleImageUtils
LogPluginManager: Mounting plugin AppleVision
LogPluginManager: Mounting plugin BackChannel
LogPluginManager: Mounting plugin CharacterAI
LogPluginManager: Mounting plugin GeometryCache
LogPluginManager: Mounting plugin HTML5Networking
LogPluginManager: Mounting plugin ProxyLODPlugin
LogPluginManager: Mounting plugin SkeletalReduction
LogPluginManager: Mounting plugin MagicLeap
LogPluginManager: Mounting plugin MagicLeapMedia
LogPluginManager: Mounting plugin AndroidMedia
LogPluginManager: Mounting plugin AvfMedia
LogPluginManager: Mounting plugin ImgMedia
LogPluginManager: Mounting plugin LinearTimecode
LogPluginManager: Mounting plugin MediaCompositing
LogPluginManager: Mounting plugin MediaPlayerEditor
LogPluginManager: Mounting plugin WebMMedia
LogPluginManager: Mounting plugin WmfMedia
LogPluginManager: Mounting plugin TcpMessaging
LogPluginManager: Mounting plugin UdpMessaging
LogPluginManager: Mounting plugin ActorSequence
LogPluginManager: Mounting plugin LevelSequenceEditor
LogPluginManager: Mounting plugin MatineeToLevelSequence
LogPluginManager: Mounting plugin NetcodeUnitTest
LogPluginManager: Mounting plugin NUTUnrealEngine4
LogPluginManager: Mounting plugin OnlineSubsystemGooglePlay
LogPluginManager: Mounting plugin OnlineSubsystemIOS
LogPluginManager: Mounting plugin OnlineSubsystem
LogPluginManager: Mounting plugin OnlineSubsystemNull
LogPluginManager: Mounting plugin OnlineSubsystemUtils
LogPluginManager: Mounting plugin LauncherChunkInstaller
LogPluginManager: Mounting plugin AndroidDeviceProfileSelector
LogPluginManager: Mounting plugin AndroidMoviePlayer
LogPluginManager: Mounting plugin AndroidPermission
LogPluginManager: Mounting plugin AppleMoviePlayer
LogPluginManager: Mounting plugin ArchVisCharacter
LogPluginManager: Mounting plugin AudioCapture
LogPluginManager: Mounting plugin CableComponent
LogPluginManager: Mounting plugin CustomMeshComponent
LogPluginManager: Mounting plugin EditableMesh
LogPluginManager: Mounting plugin ExampleDeviceProfileSelector
LogPluginManager: Mounting plugin Firebase
LogPluginManager: Mounting plugin GoogleCloudMessaging
LogPluginManager: Mounting plugin IOSDeviceProfileSelector
LogPluginManager: Mounting plugin LinuxDeviceProfileSelector
LogPluginManager: Mounting plugin LocationServicesBPLibrary
LogPluginManager: Mounting plugin MobilePatchingUtils
LogPluginManager: Mounting plugin OculusVR
LogPluginManager: Mounting plugin PhysXVehicles
LogPluginManager: Mounting plugin ProceduralMeshComponent
LogPluginManager: Mounting plugin RuntimePhysXCooking
LogPluginManager: Mounting plugin SignificanceManager
LogPluginManager: Mounting plugin SteamVR
LogPluginManager: Mounting plugin WebMMoviePlayer
LogPluginManager: Mounting plugin WindowsMoviePlayer
LogInit: Using libcurl 7.55.1-DEV
LogInit:  - built for x86_64-pc-win32
LogInit:  - supports SSL with OpenSSL/1.1.1
LogInit:  - supports HTTP deflate (compression) using libz 1.2.8
LogInit:  - other features:
LogInit:      CURL_VERSION_SSL
LogInit:      CURL_VERSION_LIBZ
LogInit:      CURL_VERSION_IPV6
LogInit:      CURL_VERSION_ASYNCHDNS
LogInit:      CURL_VERSION_LARGEFILE
LogInit:      CURL_VERSION_IDN
LogInit:  CurlRequestOptions (configurable via config and command line):
LogInit:  - bVerifyPeer = true  - Libcurl will verify peer certificate
LogInit:  - bUseHttpProxy = false  - Libcurl will NOT use HTTP proxy
LogInit:  - bDontReuseConnections = false  - Libcurl will reuse connections
LogInit:  - MaxHostConnections = 16  - Libcurl will limit the number of connections to a host
LogInit:  - LocalHostAddr = Default
LogInit:  - BufferSize = 65536
LogInit: WinSock: version 1.1 (2.2), MaxSocks=32767, MaxUdp=65467
LogInit: Build: ++UE4+Release-4.22-CL-7053642
LogInit: Engine Version: 4.22.3-7053642+++UE4+Release-4.22
LogInit: Compatible Engine Version: 4.22.0-5660361+++UE4+Release-4.22
LogInit: Net CL: 5660361
LogInit: OS: Windows 10 (Release 1903) (), CPU: Intel(R) Core(TM) i7-8550U CPU @ 1.80GHz, GPU: Intel(R) UHD Graphics 620
LogInit: Compiled (64-bit): Jun 18 2019 03:09:11
LogInit: Compiled with Visual C++: 19.16.27025.01
LogInit: Build Configuration: Development
LogInit: Branch Name: ++UE4+Release-4.22
LogInit: Command Line: 
LogInit: Base Directory: D:/Epic Games/Epic Games/UE_4.22/Engine/Binaries/Win64/
LogInit: Installed Engine Build: 1
LogDevObjectVersion: Number of dev versions registered: 23
LogDevObjectVersion:   Dev-Blueprints (B0D832E4-1F89-4F0D-ACCF-7EB736FD4AA2): 10
LogDevObjectVersion:   Dev-Build (E1C64328-A22C-4D53-A36C-8E866417BD8C): 0
LogDevObjectVersion:   Dev-Core (375EC13C-06E4-48FB-B500-84F0262A717E): 3
LogDevObjectVersion:   Dev-Editor (E4B068ED-F494-42E9-A231-DA0B2E46BB41): 30
LogDevObjectVersion:   Dev-Framework (CFFC743F-43B0-4480-9391-14DF171D2073): 35
LogDevObjectVersion:   Dev-Mobile (B02B49B5-BB20-44E9-A304-32B752E40360): 2
LogDevObjectVersion:   Dev-Networking (A4E4105C-59A1-49B5-A7C5-40C4547EDFEE): 0
LogDevObjectVersion:   Dev-Online (39C831C9-5AE6-47DC-9A44-9C173E1C8E7C): 0
LogDevObjectVersion:   Dev-Physics (78F01B33-EBEA-4F98-B9B4-84EACCB95AA2): 0
LogDevObjectVersion:   Dev-Platform (6631380F-2D4D-43E0-8009-CF276956A95A): 0
LogDevObjectVersion:   Dev-Rendering (12F88B9F-8875-4AFC-A67C-D90C383ABD29): 28
LogDevObjectVersion:   Dev-Sequencer (7B5AE74C-D270-4C10-A958-57980B212A5A): 11
LogDevObjectVersion:   Dev-VR (D7296918-1DD6-4BDD-9DE2-64A83CC13884): 2
LogDevObjectVersion:   Dev-LoadTimes (C2A15278-BFE7-4AFE-6C17-90FF531DF755): 1
LogDevObjectVersion:   Private-Geometry (6EACA3D4-40EC-4CC1-B786-8BED09428FC5): 3
LogDevObjectVersion:   Dev-AnimPhys (29E575DD-E0A3-4627-9D10-D276232CDCEA): 17
LogDevObjectVersion:   Dev-Anim (AF43A65D-7FD3-4947-9873-3E8ED9C1BB05): 2
LogDevObjectVersion:   Dev-ReflectionCapture (6B266CEC-1EC7-4B8F-A30B-E4D90942FC07): 1
LogDevObjectVersion:   Dev-Automation (0DF73D61-A23F-47EA-B727-89E90C41499A): 1
LogDevObjectVersion:   FortniteMain (601D1886-AC64-4F84-AA16-D3DE0DEAC7D6): 25
LogDevObjectVersion:   Dev-Enterprise (9DFFBCD6-494F-0158-E221-12823C92A888): 6
LogDevObjectVersion:   Dev-Niagara (F2AED0AC-9AFE-416F-8664-AA7FFA26D6FC): 1
LogDevObjectVersion:   Dev-Destruction (174F1F0B-B4C6-45A5-B13F-2EE8D0FB917D): 2
LogInit: Presizing for max 16777216 objects, including 0 objects not considered by GC, pre-allocating 0 bytes for permanent pool.
LogInit: Object subsystem initialized
LogConfig: Setting CVar [[con.DebugEarlyDefault:1]]
LogConfig: Setting CVar [[r.setres:1280x720]]
[2019.12.09-07.09.45:275][  0]LogConfig: Setting CVar [[r.VSync:0]]
[2019.12.09-07.09.45:275][  0]LogConfig: Setting CVar [[r.RHICmdBypass:0]]
[2019.12.09-07.09.45:275][  0]LogConfig: Applying CVar settings from Section [/Script/Engine.RendererSettings] File [D:/gitkraken/GBG210-TeamA/Prototype 2/P2_Iteration1/Saved/Config/Windows/Engine.ini]
[2019.12.09-07.09.45:275][  0]LogConfig: Setting CVar [[r.GPUCrashDebugging:0]]
[2019.12.09-07.09.45:275][  0]LogConfig: Applying CVar settings from Section [/Script/Engine.RendererOverrideSettings] File [D:/gitkraken/GBG210-TeamA/Prototype 2/P2_Iteration1/Saved/Config/Windows/Engine.ini]
[2019.12.09-07.09.45:275][  0]LogConfig: Applying CVar settings from Section [/Script/Engine.StreamingSettings] File [D:/gitkraken/GBG210-TeamA/Prototype 2/P2_Iteration1/Saved/Config/Windows/Engine.ini]
[2019.12.09-07.09.45:275][  0]LogConfig: Setting CVar [[s.MinBulkDataSizeForAsyncLoading:131072]]
[2019.12.09-07.09.45:275][  0]LogConfig: Setting CVar [[s.AsyncLoadingThreadEnabled:0]]
[2019.12.09-07.09.45:275][  0]LogConfig: Setting CVar [[s.EventDrivenLoaderEnabled:1]]
[2019.12.09-07.09.45:275][  0]LogConfig: Setting CVar [[s.WarnIfTimeLimitExceeded:0]]
[2019.12.09-07.09.45:275][  0]LogConfig: Setting CVar [[s.TimeLimitExceededMultiplier:1.5]]
[2019.12.09-07.09.45:275][  0]LogConfig: Setting CVar [[s.TimeLimitExceededMinTime:0.005]]
[2019.12.09-07.09.45:275][  0]LogConfig: Setting CVar [[s.UseBackgroundLevelStreaming:1]]
[2019.12.09-07.09.45:275][  0]LogConfig: Setting CVar [[s.PriorityAsyncLoadingExtraTime:15.0]]
[2019.12.09-07.09.45:275][  0]LogConfig: Setting CVar [[s.LevelStreamingActorsUpdateTimeLimit:5.0]]
[2019.12.09-07.09.45:275][  0]LogConfig: Setting CVar [[s.PriorityLevelStreamingActorsUpdateExtraTime:5.0]]
[2019.12.09-07.09.45:275][  0]LogConfig: Setting CVar [[s.LevelStreamingComponentsRegistrationGranularity:10]]
[2019.12.09-07.09.45:275][  0]LogConfig: Setting CVar [[s.UnregisterComponentsTimeLimit:1.0]]
[2019.12.09-07.09.45:275][  0]LogConfig: Setting CVar [[s.LevelStreamingComponentsUnregistrationGranularity:5]]
[2019.12.09-07.09.45:275][  0]LogConfig: Applying CVar settings from Section [/Script/Engine.GarbageCollectionSettings] File [D:/gitkraken/GBG210-TeamA/Prototype 2/P2_Iteration1/Saved/Config/Windows/Engine.ini]
[2019.12.09-07.09.45:275][  0]LogConfig: Setting CVar [[gc.MaxObjectsNotConsideredByGC:1]]
[2019.12.09-07.09.45:275][  0]LogConfig: Setting CVar [[gc.SizeOfPermanentObjectPool:0]]
[2019.12.09-07.09.45:275][  0]LogConfig: Setting CVar [[gc.FlushStreamingOnGC:0]]
[2019.12.09-07.09.45:275][  0]LogConfig: Setting CVar [[gc.NumRetriesBeforeForcingGC:10]]
[2019.12.09-07.09.45:275][  0]LogConfig: Setting CVar [[gc.AllowParallelGC:1]]
[2019.12.09-07.09.45:275][  0]LogConfig: Setting CVar [[gc.TimeBetweenPurgingPendingKillObjects:61.1]]
[2019.12.09-07.09.45:275][  0]LogConfig: Setting CVar [[gc.MaxObjectsInEditor:16777216]]
[2019.12.09-07.09.45:275][  0]LogConfig: Setting CVar [[gc.IncrementalBeginDestroyEnabled:1]]
[2019.12.09-07.09.45:275][  0]LogConfig: Setting CVar [[gc.CreateGCClusters:1]]
[2019.12.09-07.09.45:275][  0]LogConfig: Setting CVar [[gc.MinGCClusterSize:5]]
[2019.12.09-07.09.45:276][  0]LogConfig: Setting CVar [[gc.ActorClusteringEnabled:0]]
[2019.12.09-07.09.45:276][  0]LogConfig: Setting CVar [[gc.BlueprintClusteringEnabled:0]]
[2019.12.09-07.09.45:276][  0]LogConfig: Setting CVar [[gc.UseDisregardForGCOnDedicatedServers:0]]
[2019.12.09-07.09.45:276][  0]LogConfig: Applying CVar settings from Section [/Script/Engine.NetworkSettings] File [D:/gitkraken/GBG210-TeamA/Prototype 2/P2_Iteration1/Saved/Config/Windows/Engine.ini]
[2019.12.09-07.09.45:276][  0]LogConfig: Applying CVar settings from Section [/Script/UnrealEd.CookerSettings] File [D:/gitkraken/GBG210-TeamA/Prototype 2/P2_Iteration1/Saved/Config/Windows/Engine.ini]
[2019.12.09-07.09.45:280][  0]LogConfig: Applying CVar settings from Section [ViewDistanceQuality@3] File [D:/gitkraken/GBG210-TeamA/Prototype 2/P2_Iteration1/Saved/Config/Windows/Scalability.ini]
[2019.12.09-07.09.45:280][  0]LogConfig: Setting CVar [[r.SkeletalMeshLODBias:0]]
[2019.12.09-07.09.45:280][  0]LogConfig: Setting CVar [[r.ViewDistanceScale:1.0]]
[2019.12.09-07.09.45:280][  0]LogConfig: Applying CVar settings from Section [AntiAliasingQuality@3] File [D:/gitkraken/GBG210-TeamA/Prototype 2/P2_Iteration1/Saved/Config/Windows/Scalability.ini]
[2019.12.09-07.09.45:280][  0]LogConfig: Setting CVar [[r.PostProcessAAQuality:4]]
[2019.12.09-07.09.45:280][  0]LogConfig: Applying CVar settings from Section [ShadowQuality@3] File [D:/gitkraken/GBG210-TeamA/Prototype 2/P2_Iteration1/Saved/Config/Windows/Scalability.ini]
[2019.12.09-07.09.45:280][  0]LogConfig: Setting CVar [[r.LightFunctionQuality:1]]
[2019.12.09-07.09.45:280][  0]LogConfig: Setting CVar [[r.ShadowQuality:5]]
[2019.12.09-07.09.45:280][  0]LogConfig: Setting CVar [[r.Shadow.CSM.MaxCascades:10]]
[2019.12.09-07.09.45:280][  0]LogConfig: Setting CVar [[r.Shadow.MaxResolution:2048]]
[2019.12.09-07.09.45:280][  0]LogConfig: Setting CVar [[r.Shadow.MaxCSMResolution:2048]]
[2019.12.09-07.09.45:280][  0]LogConfig: Setting CVar [[r.Shadow.RadiusThreshold:0.01]]
[2019.12.09-07.09.45:280][  0]LogConfig: Setting CVar [[r.Shadow.DistanceScale:1.0]]
[2019.12.09-07.09.45:280][  0]LogConfig: Setting CVar [[r.Shadow.CSM.TransitionScale:1.0]]
[2019.12.09-07.09.45:280][  0]LogConfig: Setting CVar [[r.Shadow.PreShadowResolutionFactor:1.0]]
[2019.12.09-07.09.45:280][  0]LogConfig: Setting CVar [[r.DistanceFieldShadowing:1]]
[2019.12.09-07.09.45:280][  0]LogConfig: Setting CVar [[r.DistanceFieldAO:1]]
[2019.12.09-07.09.45:280][  0]LogConfig: Setting CVar [[r.AOQuality:2]]
[2019.12.09-07.09.45:280][  0]LogConfig: Setting CVar [[r.VolumetricFog:1]]
[2019.12.09-07.09.45:280][  0]LogConfig: Setting CVar [[r.VolumetricFog.GridPixelSize:8]]
[2019.12.09-07.09.45:280][  0]LogConfig: Setting CVar [[r.VolumetricFog.GridSizeZ:128]]
[2019.12.09-07.09.45:280][  0]LogConfig: Setting CVar [[r.VolumetricFog.HistoryMissSupersampleCount:4]]
[2019.12.09-07.09.45:280][  0]LogConfig: Setting CVar [[r.LightMaxDrawDistanceScale:1]]
[2019.12.09-07.09.45:280][  0]LogConfig: Setting CVar [[r.CapsuleShadows:1]]
[2019.12.09-07.09.45:280][  0]LogConfig: Applying CVar settings from Section [PostProcessQuality@3] File [D:/gitkraken/GBG210-TeamA/Prototype 2/P2_Iteration1/Saved/Config/Windows/Scalability.ini]
[2019.12.09-07.09.45:280][  0]LogConfig: Setting CVar [[r.MotionBlurQuality:4]]
[2019.12.09-07.09.45:280][  0]LogConfig: Setting CVar [[r.AmbientOcclusionMipLevelFactor:0.4]]
[2019.12.09-07.09.45:280][  0]LogConfig: Setting CVar [[r.AmbientOcclusionMaxQuality:100]]
[2019.12.09-07.09.45:280][  0]LogConfig: Setting CVar [[r.AmbientOcclusionLevels:-1]]
[2019.12.09-07.09.45:280][  0]LogConfig: Setting CVar [[r.AmbientOcclusionRadiusScale:1.0]]
[2019.12.09-07.09.45:280][  0]LogConfig: Setting CVar [[r.DepthOfFieldQuality:2]]
[2019.12.09-07.09.45:280][  0]LogConfig: Setting CVar [[r.RenderTargetPoolMin:400]]
[2019.12.09-07.09.45:280][  0]LogConfig: Setting CVar [[r.LensFlareQuality:2]]
[2019.12.09-07.09.45:280][  0]LogConfig: Setting CVar [[r.SceneColorFringeQuality:1]]
[2019.12.09-07.09.45:280][  0]LogConfig: Setting CVar [[r.EyeAdaptationQuality:2]]
[2019.12.09-07.09.45:280][  0]LogConfig: Setting CVar [[r.BloomQuality:5]]
[2019.12.09-07.09.45:280][  0]LogConfig: Setting CVar [[r.FastBlurThreshold:100]]
[2019.12.09-07.09.45:280][  0]LogConfig: Setting CVar [[r.Upscale.Quality:3]]
[2019.12.09-07.09.45:280][  0]LogConfig: Setting CVar [[r.Tonemapper.GrainQuantization:1]]
[2019.12.09-07.09.45:281][  0]LogConfig: Setting CVar [[r.LightShaftQuality:1]]
[2019.12.09-07.09.45:281][  0]LogConfig: Setting CVar [[r.Filter.SizeScale:1]]
[2019.12.09-07.09.45:281][  0]LogConfig: Setting CVar [[r.Tonemapper.Quality:5]]
[2019.12.09-07.09.45:281][  0]LogConfig: Setting CVar [[r.DOF.Gather.AccumulatorQuality:1        ; higher gathering accumulator quality]]
[2019.12.09-07.09.45:281][  0]LogConfig: Setting CVar [[r.DOF.Gather.PostfilterMethod:1          ; Median3x3 postfilering method]]
[2019.12.09-07.09.45:281][  0]LogConfig: Setting CVar [[r.DOF.Gather.EnableBokehSettings:0       ; no bokeh simulation when gathering]]
[2019.12.09-07.09.45:281][  0]LogConfig: Setting CVar [[r.DOF.Gather.RingCount:4                 ; medium number of samples when gathering]]
[2019.12.09-07.09.45:281][  0]LogConfig: Setting CVar [[r.DOF.Scatter.ForegroundCompositing:1    ; additive foreground scattering]]
[2019.12.09-07.09.45:281][  0]LogConfig: Setting CVar [[r.DOF.Scatter.BackgroundCompositing:2    ; additive background scattering]]
[2019.12.09-07.09.45:281][  0]LogConfig: Setting CVar [[r.DOF.Scatter.EnableBokehSettings:1      ; bokeh simulation when scattering]]
[2019.12.09-07.09.45:281][  0]LogConfig: Setting CVar [[r.DOF.Scatter.MaxSpriteRatio:0.1         ; only a maximum of 10% of scattered bokeh]]
[2019.12.09-07.09.45:281][  0]LogConfig: Setting CVar [[r.DOF.Recombine.Quality:1                ; cheap slight out of focus]]
[2019.12.09-07.09.45:281][  0]LogConfig: Setting CVar [[r.DOF.Recombine.EnableBokehSettings:0    ; no bokeh simulation on slight out of focus]]
[2019.12.09-07.09.45:281][  0]LogConfig: Setting CVar [[r.DOF.TemporalAAQuality:1                ; more stable temporal accumulation]]
[2019.12.09-07.09.45:281][  0]LogConfig: Setting CVar [[r.DOF.Kernel.MaxForegroundRadius:0.025]]
[2019.12.09-07.09.45:281][  0]LogConfig: Setting CVar [[r.DOF.Kernel.MaxBackgroundRadius:0.025]]
[2019.12.09-07.09.45:281][  0]LogConfig: Applying CVar settings from Section [TextureQuality@3] File [D:/gitkraken/GBG210-TeamA/Prototype 2/P2_Iteration1/Saved/Config/Windows/Scalability.ini]
[2019.12.09-07.09.45:281][  0]LogConfig: Setting CVar [[r.Streaming.MipBias:0]]
[2019.12.09-07.09.45:281][  0]LogConfig: Setting CVar [[r.Streaming.AmortizeCPUToGPUCopy:0]]
[2019.12.09-07.09.45:281][  0]LogConfig: Setting CVar [[r.Streaming.MaxNumTexturesToStreamPerFrame:0]]
[2019.12.09-07.09.45:281][  0]LogConfig: Setting CVar [[r.Streaming.Boost:1]]
[2019.12.09-07.09.45:281][  0]LogConfig: Setting CVar [[r.MaxAnisotropy:8]]
[2019.12.09-07.09.45:281][  0]LogConfig: Setting CVar [[r.Streaming.LimitPoolSizeToVRAM:0]]
[2019.12.09-07.09.45:281][  0]LogConfig: Setting CVar [[r.Streaming.PoolSize:1000]]
[2019.12.09-07.09.45:281][  0]LogConfig: Setting CVar [[r.Streaming.MaxEffectiveScreenSize:0]]
[2019.12.09-07.09.45:281][  0]LogConfig: Applying CVar settings from Section [EffectsQuality@3] File [D:/gitkraken/GBG210-TeamA/Prototype 2/P2_Iteration1/Saved/Config/Windows/Scalability.ini]
[2019.12.09-07.09.45:281][  0]LogConfig: Setting CVar [[r.TranslucencyLightingVolumeDim:64]]
[2019.12.09-07.09.45:281][  0]LogConfig: Setting CVar [[r.RefractionQuality:2]]
[2019.12.09-07.09.45:281][  0]LogConfig: Setting CVar [[r.SSR.Quality:3]]
[2019.12.09-07.09.45:281][  0]LogConfig: Setting CVar [[r.SceneColorFormat:4]]
[2019.12.09-07.09.45:281][  0]LogConfig: Setting CVar [[r.DetailMode:2]]
[2019.12.09-07.09.45:281][  0]LogConfig: Setting CVar [[r.TranslucencyVolumeBlur:1]]
[2019.12.09-07.09.45:281][  0]LogConfig: Setting CVar [[r.MaterialQualityLevel:1 ; High quality]]
[2019.12.09-07.09.45:281][  0]LogConfig: Setting CVar [[r.SSS.Scale:1]]
[2019.12.09-07.09.45:281][  0]LogConfig: Setting CVar [[r.SSS.SampleSet:2]]
[2019.12.09-07.09.45:281][  0]LogConfig: Setting CVar [[r.SSS.Quality:1]]
[2019.12.09-07.09.45:281][  0]LogConfig: Setting CVar [[r.SSS.HalfRes:1]]
[2019.12.09-07.09.45:281][  0]LogConfig: Setting CVar [[r.EmitterSpawnRateScale:1.0]]
[2019.12.09-07.09.45:281][  0]LogConfig: Setting CVar [[r.ParticleLightQuality:2]]
[2019.12.09-07.09.45:281][  0]LogConfig: Applying CVar settings from Section [FoliageQuality@3] File [D:/gitkraken/GBG210-TeamA/Prototype 2/P2_Iteration1/Saved/Config/Windows/Scalability.ini]
[2019.12.09-07.09.45:281][  0]LogConfig: Setting CVar [[foliage.DensityScale:1.0]]
[2019.12.09-07.09.45:281][  0]LogConfig: Setting CVar [[grass.DensityScale:1.0]]
[2019.12.09-07.09.45:281][  0]LogInit: Selected Device Profile: [Windows]
[2019.12.09-07.09.45:281][  0]LogInit: Applying CVar settings loaded from the selected device profile: [Windows]
[2019.12.09-07.09.45:359][  0]LogHAL: Display: Platform has ~ 8 GB [8494747648 / 8589934592 / 8], which maps to Default [LargestMinGB=32, LargerMinGB=12, DefaultMinGB=8, SmallerMinGB=6, SmallestMinGB=0)
[2019.12.09-07.09.45:359][  0]LogConfig: Setting CVar [[r.Vulkan.UseRealUBs:0		; Required until we fix HLR fall-out]]
[2019.12.09-07.09.45:359][  0]LogInit: Going up to parent DeviceProfile []
[2019.12.09-07.09.45:359][  0]LogConfig: Applying CVar settings from Section [ViewDistanceQuality@3] File [D:/gitkraken/GBG210-TeamA/Prototype 2/P2_Iteration1/Saved/Config/Windows/Scalability.ini]
[2019.12.09-07.09.45:360][  0]LogConfig: Setting CVar [[r.SkeletalMeshLODBias:0]]
[2019.12.09-07.09.45:360][  0]LogConfig: Setting CVar [[r.ViewDistanceScale:1.0]]
[2019.12.09-07.09.45:360][  0]LogConfig: Applying CVar settings from Section [AntiAliasingQuality@3] File [D:/gitkraken/GBG210-TeamA/Prototype 2/P2_Iteration1/Saved/Config/Windows/Scalability.ini]
[2019.12.09-07.09.45:360][  0]LogConfig: Setting CVar [[r.PostProcessAAQuality:4]]
[2019.12.09-07.09.45:360][  0]LogConfig: Applying CVar settings from Section [ShadowQuality@3] File [D:/gitkraken/GBG210-TeamA/Prototype 2/P2_Iteration1/Saved/Config/Windows/Scalability.ini]
[2019.12.09-07.09.45:360][  0]LogConfig: Setting CVar [[r.LightFunctionQuality:1]]
[2019.12.09-07.09.45:360][  0]LogConfig: Setting CVar [[r.ShadowQuality:5]]
[2019.12.09-07.09.45:360][  0]LogConfig: Setting CVar [[r.Shadow.CSM.MaxCascades:10]]
[2019.12.09-07.09.45:360][  0]LogConfig: Setting CVar [[r.Shadow.MaxResolution:2048]]
[2019.12.09-07.09.45:360][  0]LogConfig: Setting CVar [[r.Shadow.MaxCSMResolution:2048]]
[2019.12.09-07.09.45:360][  0]LogConfig: Setting CVar [[r.Shadow.RadiusThreshold:0.01]]
[2019.12.09-07.09.45:360][  0]LogConfig: Setting CVar [[r.Shadow.DistanceScale:1.0]]
[2019.12.09-07.09.45:360][  0]LogConfig: Setting CVar [[r.Shadow.CSM.TransitionScale:1.0]]
[2019.12.09-07.09.45:360][  0]LogConfig: Setting CVar [[r.Shadow.PreShadowResolutionFactor:1.0]]
[2019.12.09-07.09.45:360][  0]LogConfig: Setting CVar [[r.DistanceFieldShadowing:1]]
[2019.12.09-07.09.45:360][  0]LogConfig: Setting CVar [[r.DistanceFieldAO:1]]
[2019.12.09-07.09.45:360][  0]LogConfig: Setting CVar [[r.AOQuality:2]]
[2019.12.09-07.09.45:360][  0]LogConfig: Setting CVar [[r.VolumetricFog:1]]
[2019.12.09-07.09.45:360][  0]LogConfig: Setting CVar [[r.VolumetricFog.GridPixelSize:8]]
[2019.12.09-07.09.45:360][  0]LogConfig: Setting CVar [[r.VolumetricFog.GridSizeZ:128]]
[2019.12.09-07.09.45:360][  0]LogConfig: Setting CVar [[r.VolumetricFog.HistoryMissSupersampleCount:4]]
[2019.12.09-07.09.45:360][  0]LogConfig: Setting CVar [[r.LightMaxDrawDistanceScale:1]]
[2019.12.09-07.09.45:360][  0]LogConfig: Setting CVar [[r.CapsuleShadows:1]]
[2019.12.09-07.09.45:360][  0]LogConfig: Applying CVar settings from Section [PostProcessQuality@3] File [D:/gitkraken/GBG210-TeamA/Prototype 2/P2_Iteration1/Saved/Config/Windows/Scalability.ini]
[2019.12.09-07.09.45:360][  0]LogConfig: Setting CVar [[r.MotionBlurQuality:4]]
[2019.12.09-07.09.45:360][  0]LogConfig: Setting CVar [[r.AmbientOcclusionMipLevelFactor:0.4]]
[2019.12.09-07.09.45:360][  0]LogConfig: Setting CVar [[r.AmbientOcclusionMaxQuality:100]]
[2019.12.09-07.09.45:360][  0]LogConfig: Setting CVar [[r.AmbientOcclusionLevels:-1]]
[2019.12.09-07.09.45:360][  0]LogConfig: Setting CVar [[r.AmbientOcclusionRadiusScale:1.0]]
[2019.12.09-07.09.45:360][  0]LogConfig: Setting CVar [[r.DepthOfFieldQuality:2]]
[2019.12.09-07.09.45:360][  0]LogConfig: Setting CVar [[r.RenderTargetPoolMin:400]]
[2019.12.09-07.09.45:360][  0]LogConfig: Setting CVar [[r.LensFlareQuality:2]]
[2019.12.09-07.09.45:360][  0]LogConfig: Setting CVar [[r.SceneColorFringeQuality:1]]
[2019.12.09-07.09.45:360][  0]LogConfig: Setting CVar [[r.EyeAdaptationQuality:2]]
[2019.12.09-07.09.45:360][  0]LogConfig: Setting CVar [[r.BloomQuality:5]]
[2019.12.09-07.09.45:360][  0]LogConfig: Setting CVar [[r.FastBlurThreshold:100]]
[2019.12.09-07.09.45:360][  0]LogConfig: Setting CVar [[r.Upscale.Quality:3]]
[2019.12.09-07.09.45:360][  0]LogConfig: Setting CVar [[r.Tonemapper.GrainQuantization:1]]
[2019.12.09-07.09.45:360][  0]LogConfig: Setting CVar [[r.LightShaftQuality:1]]
[2019.12.09-07.09.45:361][  0]LogConfig: Setting CVar [[r.Filter.SizeScale:1]]
[2019.12.09-07.09.45:361][  0]LogConfig: Setting CVar [[r.Tonemapper.Quality:5]]
[2019.12.09-07.09.45:361][  0]LogConfig: Setting CVar [[r.DOF.Gather.AccumulatorQuality:1        ; higher gathering accumulator quality]]
[2019.12.09-07.09.45:361][  0]LogConfig: Setting CVar [[r.DOF.Gather.PostfilterMethod:1          ; Median3x3 postfilering method]]
[2019.12.09-07.09.45:361][  0]LogConfig: Setting CVar [[r.DOF.Gather.EnableBokehSettings:0       ; no bokeh simulation when gathering]]
[2019.12.09-07.09.45:361][  0]LogConfig: Setting CVar [[r.DOF.Gather.RingCount:4                 ; medium number of samples when gathering]]
[2019.12.09-07.09.45:361][  0]LogConfig: Setting CVar [[r.DOF.Scatter.ForegroundCompositing:1    ; additive foreground scattering]]
[2019.12.09-07.09.45:361][  0]LogConfig: Setting CVar [[r.DOF.Scatter.BackgroundCompositing:2    ; additive background scattering]]
[2019.12.09-07.09.45:361][  0]LogConfig: Setting CVar [[r.DOF.Scatter.EnableBokehSettings:1      ; bokeh simulation when scattering]]
[2019.12.09-07.09.45:361][  0]LogConfig: Setting CVar [[r.DOF.Scatter.MaxSpriteRatio:0.1         ; only a maximum of 10% of scattered bokeh]]
[2019.12.09-07.09.45:361][  0]LogConfig: Setting CVar [[r.DOF.Recombine.Quality:1                ; cheap slight out of focus]]
[2019.12.09-07.09.45:361][  0]LogConfig: Setting CVar [[r.DOF.Recombine.EnableBokehSettings:0    ; no bokeh simulation on slight out of focus]]
[2019.12.09-07.09.45:361][  0]LogConfig: Setting CVar [[r.DOF.TemporalAAQuality:1                ; more stable temporal accumulation]]
[2019.12.09-07.09.45:361][  0]LogConfig: Setting CVar [[r.DOF.Kernel.MaxForegroundRadius:0.025]]
[2019.12.09-07.09.45:361][  0]LogConfig: Setting CVar [[r.DOF.Kernel.MaxBackgroundRadius:0.025]]
[2019.12.09-07.09.45:361][  0]LogConfig: Applying CVar settings from Section [TextureQuality@3] File [D:/gitkraken/GBG210-TeamA/Prototype 2/P2_Iteration1/Saved/Config/Windows/Scalability.ini]
[2019.12.09-07.09.45:361][  0]LogConfig: Setting CVar [[r.Streaming.MipBias:0]]
[2019.12.09-07.09.45:361][  0]LogConfig: Setting CVar [[r.Streaming.AmortizeCPUToGPUCopy:0]]
[2019.12.09-07.09.45:361][  0]LogConfig: Setting CVar [[r.Streaming.MaxNumTexturesToStreamPerFrame:0]]
[2019.12.09-07.09.45:361][  0]LogConfig: Setting CVar [[r.Streaming.Boost:1]]
[2019.12.09-07.09.45:361][  0]LogConfig: Setting CVar [[r.MaxAnisotropy:8]]
[2019.12.09-07.09.45:361][  0]LogConfig: Setting CVar [[r.Streaming.LimitPoolSizeToVRAM:0]]
[2019.12.09-07.09.45:361][  0]LogConfig: Setting CVar [[r.Streaming.PoolSize:1000]]
[2019.12.09-07.09.45:361][  0]LogConfig: Setting CVar [[r.Streaming.MaxEffectiveScreenSize:0]]
[2019.12.09-07.09.45:361][  0]LogConfig: Applying CVar settings from Section [EffectsQuality@3] File [D:/gitkraken/GBG210-TeamA/Prototype 2/P2_Iteration1/Saved/Config/Windows/Scalability.ini]
[2019.12.09-07.09.45:361][  0]LogConfig: Setting CVar [[r.TranslucencyLightingVolumeDim:64]]
[2019.12.09-07.09.45:361][  0]LogConfig: Setting CVar [[r.RefractionQuality:2]]
[2019.12.09-07.09.45:361][  0]LogConfig: Setting CVar [[r.SSR.Quality:3]]
[2019.12.09-07.09.45:361][  0]LogConfig: Setting CVar [[r.SceneColorFormat:4]]
[2019.12.09-07.09.45:361][  0]LogConfig: Setting CVar [[r.DetailMode:2]]
[2019.12.09-07.09.45:361][  0]LogConfig: Setting CVar [[r.TranslucencyVolumeBlur:1]]
[2019.12.09-07.09.45:361][  0]LogConfig: Setting CVar [[r.MaterialQualityLevel:1 ; High quality]]
[2019.12.09-07.09.45:361][  0]LogConfig: Setting CVar [[r.SSS.Scale:1]]
[2019.12.09-07.09.45:361][  0]LogConfig: Setting CVar [[r.SSS.SampleSet:2]]
[2019.12.09-07.09.45:361][  0]LogConfig: Setting CVar [[r.SSS.Quality:1]]
[2019.12.09-07.09.45:361][  0]LogConfig: Setting CVar [[r.SSS.HalfRes:1]]
[2019.12.09-07.09.45:361][  0]LogConfig: Setting CVar [[r.EmitterSpawnRateScale:1.0]]
[2019.12.09-07.09.45:361][  0]LogConfig: Setting CVar [[r.ParticleLightQuality:2]]
[2019.12.09-07.09.45:361][  0]LogConfig: Applying CVar settings from Section [FoliageQuality@3] File [D:/gitkraken/GBG210-TeamA/Prototype 2/P2_Iteration1/Saved/Config/Windows/Scalability.ini]
[2019.12.09-07.09.45:361][  0]LogConfig: Setting CVar [[foliage.DensityScale:1.0]]
[2019.12.09-07.09.45:361][  0]LogConfig: Setting CVar [[grass.DensityScale:1.0]]
[2019.12.09-07.09.45:361][  0]LogConfig: Applying CVar settings from Section [Startup] File [../../../Engine/Config/ConsoleVariables.ini]
[2019.12.09-07.09.45:362][  0]LogConfig: Setting CVar [[net.UseAdaptiveNetUpdateFrequency:0]]
[2019.12.09-07.09.45:362][  0]LogConfig: Setting CVar [[p.chaos.AllowCreatePhysxBodies:1]]
[2019.12.09-07.09.45:362][  0]LogConfig: Applying CVar settings from Section [ConsoleVariables] File [D:/gitkraken/GBG210-TeamA/Prototype 2/P2_Iteration1/Saved/Config/Windows/Engine.ini]
[2019.12.09-07.09.45:362][  0]LogInit: Computer: LAPTOP-FUOF8TII
[2019.12.09-07.09.45:362][  0]LogInit: User: Natasha
[2019.12.09-07.09.45:362][  0]LogInit: CPU Page size=4096, Cores=4
[2019.12.09-07.09.45:362][  0]LogInit: High frequency timer resolution =10.000000 MHz
[2019.12.09-07.09.45:363][  0]LogMemory: Memory total: Physical=7.9GB (8GB approx)
[2019.12.09-07.09.45:363][  0]LogMemory: Platform Memory Stats for Windows
[2019.12.09-07.09.45:363][  0]LogMemory: Process Physical Memory: 97.68 MB used, 97.68 MB peak
[2019.12.09-07.09.45:363][  0]LogMemory: Process Virtual Memory: 92.88 MB used, 92.88 MB peak
[2019.12.09-07.09.45:363][  0]LogMemory: Physical Memory: 6453.00 MB used,  1648.22 MB free, 8101.22 MB total
[2019.12.09-07.09.45:363][  0]LogMemory: Virtual Memory: 4645.83 MB used,  134213080.00 MB free, 134217728.00 MB total
[2019.12.09-07.09.45:775][  0]LogInit: Using OS detected language (en-US).
[2019.12.09-07.09.45:775][  0]LogInit: Using OS detected locale (en-AU).
[2019.12.09-07.09.45:796][  0]LogTextLocalizationManager: No specific localization for 'en-US' exists, so the 'en' localization will be used.
[2019.12.09-07.09.47:134][  0]LogSlate: New Slate User Created.  User Index 0, Is Virtual User: 0
[2019.12.09-07.09.47:134][  0]LogSlate: Slate User Registered.  User Index 0, Is Virtual User: 0
[2019.12.09-07.09.51:966][  0]LogHMD: Failed to initialize OpenVR with code 110
[2019.12.09-07.09.51:966][  0]LogD3D11RHI: D3D11 adapters:
[2019.12.09-07.09.52:979][  0]LogD3D11RHI:    0. 'NVIDIA GeForce GTX 1050' (Feature Level 11_0)
[2019.12.09-07.09.52:979][  0]LogD3D11RHI:       4019/0/4050 MB DedicatedVideo/DedicatedSystem/SharedSystem, Outputs:1, VendorId:0x10de
[2019.12.09-07.09.53:013][  0]LogD3D11RHI:    1. 'Intel(R) UHD Graphics 620' (Feature Level 11_0)
[2019.12.09-07.09.53:013][  0]LogD3D11RHI:       128/0/4050 MB DedicatedVideo/DedicatedSystem/SharedSystem, Outputs:0, VendorId:0x8086
[2019.12.09-07.09.53:024][  0]LogD3D11RHI:    2. 'Microsoft Basic Render Driver' (Feature Level 11_0)
[2019.12.09-07.09.53:024][  0]LogD3D11RHI:       0/0/4050 MB DedicatedVideo/DedicatedSystem/SharedSystem, Outputs:0, VendorId:0x1414
[2019.12.09-07.09.53:024][  0]LogD3D11RHI: Chosen D3D11 Adapter: 0
[2019.12.09-07.09.53:066][  0]LogD3D11RHI: Creating new Direct3DDevice
[2019.12.09-07.09.53:066][  0]LogD3D11RHI:     GPU DeviceId: 0x1c8d (for the marketing name, search the web for "GPU Device Id")
[2019.12.09-07.09.53:066][  0]LogWindows: EnumDisplayDevices:
[2019.12.09-07.09.53:067][  0]LogWindows:    0. 'Intel(R) UHD Graphics 620' (P:1 D:1)
[2019.12.09-07.09.53:067][  0]LogWindows:    1. 'Intel(R) UHD Graphics 620' (P:0 D:0)
[2019.12.09-07.09.53:067][  0]LogWindows:    2. 'Intel(R) UHD Graphics 620' (P:0 D:0)
[2019.12.09-07.09.53:068][  0]LogWindows:    3. 'NVIDIA GeForce GTX 1050' (P:0 D:0)
[2019.12.09-07.09.53:068][  0]LogWindows: DebugString: PrimaryIsNotTheChoosenAdapter PrimaryIsNotTheChoosenAdapter PrimaryIsNotTheChoosenAdapter 
[2019.12.09-07.09.53:068][  0]LogD3D11RHI:     Adapter Name: NVIDIA GeForce GTX 1050
[2019.12.09-07.09.53:068][  0]LogD3D11RHI:   Driver Version: 425.31 (internal:25.21.14.2531, unified:425.31)
[2019.12.09-07.09.53:068][  0]LogD3D11RHI:      Driver Date: 4-9-2019
[2019.12.09-07.09.53:068][  0]LogRHI: Texture pool is 2813 MB (70% of 4019 MB)
[2019.12.09-07.09.53:129][  0]LogD3D11RHI: Async texture creation enabled
[2019.12.09-07.09.53:149][  0]LogRendererCore: FGlobalReadBuffer::InitRHI
[2019.12.09-07.09.53:150][  0]LogRendererCore: FGlobalReadBuffer::InitRHI
[2019.12.09-07.09.53:150][  0]LogRendererCore: FGlobalReadBuffer::InitRHI
[2019.12.09-07.09.53:160][  0]LogD3D11RHI: GPU Timing Frequency: 1000.000000 (Debug: 2 1)
[2019.12.09-07.09.54:163][  0]LogTemp: Display: Module 'AllDesktopTargetPlatform' loaded TargetPlatform 'AllDesktop'
[2019.12.09-07.09.54:254][  0]LogTemp: Display: Module 'MacClientTargetPlatform' loaded TargetPlatform 'MacClient'
[2019.12.09-07.09.54:271][  0]LogTemp: Display: Module 'MacNoEditorTargetPlatform' loaded TargetPlatform 'MacNoEditor'
[2019.12.09-07.09.54:290][  0]LogTemp: Display: Module 'MacServerTargetPlatform' loaded TargetPlatform 'MacServer'
[2019.12.09-07.09.54:335][  0]LogTemp: Display: Module 'MacTargetPlatform' loaded TargetPlatform 'Mac'
[2019.12.09-07.09.54:366][  0]LogTemp: Display: Module 'WindowsClientTargetPlatform' loaded TargetPlatform 'WindowsClient'
[2019.12.09-07.09.54:409][  0]LogTemp: Display: Module 'WindowsNoEditorTargetPlatform' loaded TargetPlatform 'WindowsNoEditor'
[2019.12.09-07.09.54:442][  0]LogTemp: Display: Module 'WindowsServerTargetPlatform' loaded TargetPlatform 'WindowsServer'
[2019.12.09-07.09.54:493][  0]LogTemp: Display: Module 'WindowsTargetPlatform' loaded TargetPlatform 'Windows'
[2019.12.09-07.09.54:637][  0]LogTemp: Display: Module 'AndroidTargetPlatform' loaded TargetPlatform 'Android'
[2019.12.09-07.09.54:637][  0]LogTemp: Display: Module 'AndroidTargetPlatform' loaded TargetPlatform 'Android_ASTC'
[2019.12.09-07.09.54:637][  0]LogTemp: Display: Module 'AndroidTargetPlatform' loaded TargetPlatform 'Android_ATC'
[2019.12.09-07.09.54:637][  0]LogTemp: Display: Module 'AndroidTargetPlatform' loaded TargetPlatform 'Android_DXT'
[2019.12.09-07.09.54:637][  0]LogTemp: Display: Module 'AndroidTargetPlatform' loaded TargetPlatform 'Android_ETC1'
[2019.12.09-07.09.54:637][  0]LogTemp: Display: Module 'AndroidTargetPlatform' loaded TargetPlatform 'Android_ETC1a'
[2019.12.09-07.09.54:637][  0]LogTemp: Display: Module 'AndroidTargetPlatform' loaded TargetPlatform 'Android_ETC2'
[2019.12.09-07.09.54:637][  0]LogTemp: Display: Module 'AndroidTargetPlatform' loaded TargetPlatform 'Android_PVRTC'
[2019.12.09-07.09.54:637][  0]LogTemp: Display: Module 'AndroidTargetPlatform' loaded TargetPlatform 'AndroidClient'
[2019.12.09-07.09.54:637][  0]LogTemp: Display: Module 'AndroidTargetPlatform' loaded TargetPlatform 'Android_ASTCClient'
[2019.12.09-07.09.54:637][  0]LogTemp: Display: Module 'AndroidTargetPlatform' loaded TargetPlatform 'Android_ATCClient'
[2019.12.09-07.09.54:637][  0]LogTemp: Display: Module 'AndroidTargetPlatform' loaded TargetPlatform 'Android_DXTClient'
[2019.12.09-07.09.54:637][  0]LogTemp: Display: Module 'AndroidTargetPlatform' loaded TargetPlatform 'Android_ETC1Client'
[2019.12.09-07.09.54:637][  0]LogTemp: Display: Module 'AndroidTargetPlatform' loaded TargetPlatform 'Android_ETC1aClient'
[2019.12.09-07.09.54:637][  0]LogTemp: Display: Module 'AndroidTargetPlatform' loaded TargetPlatform 'Android_ETC2Client'
[2019.12.09-07.09.54:637][  0]LogTemp: Display: Module 'AndroidTargetPlatform' loaded TargetPlatform 'Android_PVRTCClient'
[2019.12.09-07.09.54:637][  0]LogTemp: Display: Module 'AndroidTargetPlatform' loaded TargetPlatform 'Android_Multi'
[2019.12.09-07.09.54:637][  0]LogTemp: Display: Module 'AndroidTargetPlatform' loaded TargetPlatform 'Android_MultiClient'
[2019.12.09-07.09.54:714][  0]LogTemp: Display: Module 'HTML5TargetPlatform' loaded TargetPlatform 'HTML5'
[2019.12.09-07.09.54:822][  0]LogTemp: Display: Module 'IOSTargetPlatform' loaded TargetPlatform 'IOSClient'
[2019.12.09-07.09.54:822][  0]LogTemp: Display: Module 'IOSTargetPlatform' loaded TargetPlatform 'IOS'
[2019.12.09-07.09.54:872][  0]LogTemp: Display: Module 'TVOSTargetPlatform' loaded TargetPlatform 'TVOSClient'
[2019.12.09-07.09.54:872][  0]LogTemp: Display: Module 'TVOSTargetPlatform' loaded TargetPlatform 'TVOS'
[2019.12.09-07.09.54:914][  0]LogTemp: Display: Module 'LinuxClientTargetPlatform' loaded TargetPlatform 'LinuxClient'
[2019.12.09-07.09.54:975][  0]LogTemp: Display: Module 'LinuxNoEditorTargetPlatform' loaded TargetPlatform 'LinuxNoEditor'
[2019.12.09-07.09.55:001][  0]LogTemp: Display: Module 'LinuxServerTargetPlatform' loaded TargetPlatform 'LinuxServer'
[2019.12.09-07.09.55:063][  0]LogTemp: Display: Module 'LinuxTargetPlatform' loaded TargetPlatform 'Linux'
[2019.12.09-07.09.55:139][  0]LogTemp: Display: Module 'LuminTargetPlatform' loaded TargetPlatform 'Lumin'
[2019.12.09-07.09.55:139][  0]LogTemp: Display: Module 'LuminTargetPlatform' loaded TargetPlatform 'LuminClient'
[2019.12.09-07.09.55:139][  0]LogTargetPlatformManager: Display: Building Assets For Windows
[2019.12.09-07.09.55:289][  0]LogAudioDebug: Display: Lib vorbis DLL was dynamically loaded.
[2019.12.09-07.09.55:784][  0]LogShaderCompilers: Guid format shader working directory is -18 characters bigger than the processId version (../../../../../../gitkraken/GBG210-TeamA/Prototype 2/P2_Iteration1/Intermediate/Shaders/WorkingDirectory/1576/).
[2019.12.09-07.09.55:784][  0]LogShaderCompilers: Cleaned the shader compiler working directory 'C:/Users/Natasha/AppData/Local/Temp/UnrealShaderWorkingDir/3CE1D32446426B1C8414EF91217E75A2/'.
[2019.12.09-07.09.55:818][  0]LogXGEController: Cleaning working directory: C:/Users/Natasha/AppData/Local/Temp/UnrealXGEWorkingDir/
[2019.12.09-07.09.55:818][  0]LogXGEController: Cannot use XGE Controller as Incredibuild is not installed on this machine.
[2019.12.09-07.09.55:818][  0]LogShaderCompilers: Cannot use XGE Shader Compiler as Incredibuild is not installed on this machine.
[2019.12.09-07.09.55:818][  0]LogShaderCompilers: Display: Using Local Shader Compiler.
[2019.12.09-07.09.59:505][  0]LogDerivedDataCache: Display: Max Cache Size: 512 MB
[2019.12.09-07.09.59:566][  0]LogDerivedDataCache: Loaded boot cache 0.06s 71MB C:/Users/Natasha/AppData/Local/UnrealEngine/4.22/DerivedDataCache/Boot.ddc.
[2019.12.09-07.09.59:566][  0]LogDerivedDataCache: Display: Loaded Boot cache: C:/Users/Natasha/AppData/Local/UnrealEngine/4.22/DerivedDataCache/Boot.ddc
[2019.12.09-07.09.59:566][  0]LogDerivedDataCache: FDerivedDataBackendGraph:  Pak pak cache file ../../../../../../gitkraken/GBG210-TeamA/Prototype 2/P2_Iteration1/DerivedDataCache/DDC.ddp not found, will not use a pak cache.
[2019.12.09-07.09.59:566][  0]LogDerivedDataCache: Unable to find inner node Pak for hierarchical cache Hierarchy.
[2019.12.09-07.09.59:566][  0]LogDerivedDataCache: FDerivedDataBackendGraph:  CompressedPak pak cache file ../../../../../../gitkraken/GBG210-TeamA/Prototype 2/P2_Iteration1/DerivedDataCache/Compressed.ddp not found, will not use a pak cache.
[2019.12.09-07.09.59:566][  0]LogDerivedDataCache: Unable to find inner node CompressedPak for hierarchical cache Hierarchy.
[2019.12.09-07.09.59:611][  0]LogDerivedDataCache: Display: Pak cache opened for reading ../../../Engine/DerivedDataCache/Compressed.ddp.
[2019.12.09-07.09.59:611][  0]LogDerivedDataCache: FDerivedDataBackendGraph:  EnterprisePak pak cache file ../../../Enterprise/DerivedDataCache/Compressed.ddp not found, will not use a pak cache.
[2019.12.09-07.09.59:611][  0]LogDerivedDataCache: Unable to find inner node EnterprisePak for hierarchical cache Hierarchy.
[2019.12.09-07.09.59:624][  0]LogDerivedDataCache: Using Local data cache path C:/Users/Natasha/AppData/Local/UnrealEngine/Common/DerivedDataCache: Writable
[2019.12.09-07.09.59:624][  0]LogDerivedDataCache: Shared data cache path not found in *engine.ini, will not use an Shared cache.
[2019.12.09-07.09.59:624][  0]LogDerivedDataCache: Unable to find inner node Shared for hierarchical cache Hierarchy.
[2019.12.09-07.09.59:655][  0]LogMaterial: Verifying Global Shaders for PCD3D_SM5
[2019.12.09-07.09.59:657][  0]LogSlate: Using FreeType 2.6.0
[2019.12.09-07.09.59:722][  0]LogSlate: SlateFontServices - WITH_FREETYPE: 1, WITH_HARFBUZZ: 1
[2019.12.09-07.09.59:891][  0]LogAssetRegistry: FAssetRegistry took 0.0337 seconds to start up
[2019.12.09-07.10.01:092][  0]LogInit: Selected Device Profile: [Windows]
[2019.12.09-07.10.02:251][  0]LogMeshReduction: Using QuadricMeshReduction for automatic static mesh reduction
[2019.12.09-07.10.02:251][  0]LogMeshReduction: Using SimplygonMeshReduction for automatic skeletal mesh reduction
[2019.12.09-07.10.02:251][  0]LogMeshReduction: Using ProxyLODMeshReduction for automatic mesh merging
[2019.12.09-07.10.02:251][  0]LogMeshReduction: No distributed automatic mesh merging module available
[2019.12.09-07.10.02:258][  0]LogMeshMerging: No distributed automatic mesh merging module available
[2019.12.09-07.10.02:347][  0]LogNetVersion: P2_Iteration1 1.0.0, NetCL: 5660361, EngineNetVer: 10, GameNetVer: 0 (Checksum: 1179186539)
[2019.12.09-07.10.04:059][  0]LogPackageLocalizationCache: Processed 10 localized package path(s) for 1 prioritized culture(s) in 0.113630 seconds
[2019.12.09-07.10.04:067][  0]LogUObjectArray: 42205 objects as part of root set at end of initial load.
[2019.12.09-07.10.04:067][  0]LogUObjectAllocator: 7325032 out of 0 bytes used by permanent object pool.
[2019.12.09-07.10.04:067][  0]LogUObjectArray: CloseDisregardForGC: 0/0 objects in disregard for GC pool
[2019.12.09-07.10.08:692][  0]LogTcpMessaging: Initializing TcpMessaging bridge
[2019.12.09-07.10.08:818][  0]LogUdpMessaging: Initializing bridge on interface 0.0.0.0:0 to multicast group 230.0.0.1:6666.
[2019.12.09-07.10.09:615][  0]SourceControl: Source control is disabled
[2019.12.09-07.10.09:615][  0]SourceControl: Source control is disabled
[2019.12.09-07.10.09:722][  0]SourceControl: Source control is disabled
[2019.12.09-07.10.09:797][  0]SourceControl: Source control is disabled
[2019.12.09-07.10.11:458][  0]LogAndroidPermission: UAndroidPermissionCallbackProxy::GetInstance
[2019.12.09-07.10.12:308][  0]LogOcInput: OculusInput pre-init called
[2019.12.09-07.10.13:358][  0]LogEngine: Initializing Engine...
[2019.12.09-07.10.13:359][  0]LogHMD: Failed to initialize OpenVR with code 110
[2019.12.09-07.10.13:360][  0]LogStats: UGameplayTagsManager::InitializeManager -  0.000 s
[2019.12.09-07.10.13:610][  0]LogInit: Initializing FReadOnlyCVARCache
[2019.12.09-07.10.13:629][  0]LogAIModule: Creating AISystem for world Untitled
[2019.12.09-07.10.13:714][  0]LogInit: XAudio2 using 'Speakers (Realtek(R) Audio)' : 2 channels at 48 kHz using 32 bits per sample (channel mask 0x3)
[2019.12.09-07.10.13:739][  0]LogInit: FAudioDevice initialized.
[2019.12.09-07.10.13:739][  0]LogNetVersion: Set ProjectVersion to 1.0.0.0. Version Checksum will be recalculated on next use.
[2019.12.09-07.10.13:914][  0]LogDerivedDataCache: Saved boot cache 0.18s 71MB C:/Users/Natasha/AppData/Local/UnrealEngine/4.22/DerivedDataCache/Boot.ddc.
[2019.12.09-07.10.13:920][  0]LogInit: Texture streaming: Enabled
[2019.12.09-07.10.13:942][  0]LogEngineSessionManager: EngineSessionManager initialized
[2019.12.09-07.10.13:972][  0]LogInit: Transaction tracking system initialized
[2019.12.09-07.10.13:999][  0]BlueprintLog: New page: Editor Load
[2019.12.09-07.10.14:098][  0]LocalizationService: Localization service is disabled
[2019.12.09-07.10.14:489][  0]LogFileCache: Scanning file cache for directory 'D:/gitkraken/GBG210-TeamA/Prototype 2/P2_Iteration1/Content/' took 0.03s
[2019.12.09-07.10.14:489][  0]LogCook: Display: Max memory allowance for cook 16384mb min free memory 0mb
[2019.12.09-07.10.14:489][  0]LogCook: Display: Mobile HDR setting 1
[2019.12.09-07.10.14:700][  0]SourceControl: Source control is disabled
[2019.12.09-07.10.14:700][  0]Cmd: MAP LOAD FILE="../../../../../../gitkraken/GBG210-TeamA/Prototype 2/P2_Iteration1/Content/SideScrollerBP/Maps/SideScrollerExampleMap.umap" TEMPLATE=0 SHOWPROGRESS=1 FEATURELEVEL=3
[2019.12.09-07.10.14:792][  0]LightingResults: New page: Lighting Build
[2019.12.09-07.10.14:795][  0]MapCheck: New page: Map Check
[2019.12.09-07.10.14:795][  0]LightingResults: New page: Lighting Build
[2019.12.09-07.10.14:823][  0]LogUObjectHash: Compacting FUObjectHashTables data took   1.76ms
[2019.12.09-07.10.19:257][  0]LogLinker: Warning: Can't find file '/Game/SideScrollerBP/Maps/SideScrollerExampleMap_BuiltData'
[2019.12.09-07.10.19:257][  0]LogLinker: Warning: Can't find file for asset '/Game/SideScrollerBP/Maps/SideScrollerExampleMap_BuiltData' while loading NULL.
[2019.12.09-07.10.20:136][  0]LogLinker: Warning: Can't find file '/Game/SideScrollerBP/Maps/SideScrollerExampleMap_BuiltData'
[2019.12.09-07.10.20:136][  0]LogLinker: Warning: Can't find file for asset '/Game/SideScrollerBP/Maps/SideScrollerExampleMap_BuiltData' while loading NULL.
[2019.12.09-07.10.20:282][  0]LogLinker: Warning: Can't find file '/Game/SideScrollerBP/Maps/SideScrollerExampleMap_BuiltData'
[2019.12.09-07.10.20:282][  0]LogLinker: Warning: Can't find file for asset '/Game/SideScrollerBP/Maps/SideScrollerExampleMap_BuiltData' while loading NULL.
[2019.12.09-07.10.20:282][  0]LogLinker: Warning: Can't find file '/Game/SideScrollerBP/Maps/SideScrollerExampleMap_BuiltData'
[2019.12.09-07.10.20:282][  0]LogLinker: Warning: Can't find file for asset '/Game/SideScrollerBP/Maps/SideScrollerExampleMap_BuiltData' while loading NULL.
[2019.12.09-07.10.20:444][  0]LogLinker: Warning: Can't find file '/Game/SideScrollerBP/Maps/SideScrollerExampleMap_BuiltData'
[2019.12.09-07.10.20:444][  0]LoadErrors: Failed to load /Game/SideScrollerBP/Maps/SideScrollerExampleMap_BuiltData.SideScrollerExampleMap_BuiltData Referenced by PersistentLevel
[2019.12.09-07.10.20:445][  0]LogLinker: Warning: Can't find file for asset '/Game/SideScrollerBP/Maps/SideScrollerExampleMap_BuiltData' while loading NULL.
[2019.12.09-07.10.21:418][  0]LogTexture: Display: Building textures: sketch_mask_2 (AutoDXT, 1024X1024)
[2019.12.09-07.10.21:418][  0]LogMaterial: Display: Missing cached shader map for material CelShaderV2, compiling. 
[2019.12.09-07.10.21:609][  0]LogMaterial: Display: Missing cached shader map for material CelShaderV2, compiling. 
[2019.12.09-07.10.21:628][  0]LogMaterial: Display: Missing cached shader map for material lambert1, compiling. 
[2019.12.09-07.10.21:742][  0]LogMaterial: Display: Missing cached shader map for material MT_Key, compiling. 
[2019.12.09-07.10.21:795][  0]LogMaterial: Display: Missing cached shader map for material M_Tech_Hex_Tile, compiling. 
[2019.12.09-07.10.22:017][  0]LogMaterial: Display: Missing cached shader map for material M_Tech_Hex_Tile_Pulse, compiling. 
[2019.12.09-07.10.22:086][  0]LogMaterial: Display: Missing cached shader map for material MT_Field, compiling. 
[2019.12.09-07.10.22:203][  0]LogMaterial: Display: Missing cached shader map for material MT_Cache, compiling. 
[2019.12.09-07.10.22:236][  0]LogMaterial: Display: Missing cached shader map for material CubeMaterial, compiling. 
[2019.12.09-07.10.22:276][  0]LogMaterial: Display: Missing cached shader map for material MT_Steel, compiling. 
[2019.12.09-07.10.22:355][  0]LogAudioDerivedData: Display: Building compressed audio format OGG hash OGG wave 171579__leszek-szary__3-up-2...
[2019.12.09-07.10.22:824][  0]LogAudioDerivedData: Display: Updated SoundWave->RawPCMDataSize from 0 to 385024 while cooking SoundWave /Game/SideScrollerBP/Audio/171579__leszek-szary__3-up-2.171579__leszek-szary__3-up-2.
[2019.12.09-07.10.22:825][  0]LogAudioDerivedData: Display: Building compressed audio format OGG hash OGG wave close_door_1...
[2019.12.09-07.10.22:996][  0]LogAudioDerivedData: Display: Updated SoundWave->RawPCMDataSize from 0 to 45256 while cooking SoundWave /Game/SideScrollerBP/Audio/close_door_1.close_door_1.
[2019.12.09-07.10.23:004][  0]LogAudioDerivedData: Display: Building compressed audio format OGG hash OGG wave open_door_1...
[2019.12.09-07.10.23:038][  0]LogAudioDerivedData: Display: Updated SoundWave->RawPCMDataSize from 0 to 107716 while cooking SoundWave /Game/SideScrollerBP/Audio/open_door_1.open_door_1.
[2019.12.09-07.10.23:269][  0]LogStaticMesh: Building static mesh Building_Idea...
[2019.12.09-07.10.23:676][  0]LogStaticMesh: Built static mesh [0.48s] /Game/SideScrollerBP/Meshes/Building_Idea.Building_Idea
[2019.12.09-07.10.23:805][  0]LogStaticMesh: Building static mesh untitled...
[2019.12.09-07.10.23:811][  0]LogStaticMesh: Built static mesh [0.01s] /Game/SideScrollerBP/Meshes/untitled.untitled
[2019.12.09-07.10.23:905][  0]LogMaterial: Display: Missing cached shader map for material Material_001, compiling. 
[2019.12.09-07.10.23:936][  0]LogMaterial: Display: Missing cached shader map for material Material, compiling. 
[2019.12.09-07.10.23:964][  0]LogAudioDerivedData: Display: Building compressed audio format OGG hash OGG wave S_Motion+Blur...
[2019.12.09-07.10.33:215][  0]LogAudioDerivedData: Display: Updated SoundWave->RawPCMDataSize from 0 to 41776128 while cooking SoundWave /Game/SideScrollerBP/Audio/S_Motion+Blur.S_Motion+Blur.
[2019.12.09-07.10.33:234][  0]LogMaterial: Display: Missing cached shader map for material MT_Window, compiling. 
[2019.12.09-07.10.33:504][  0]LogAIModule: Creating AISystem for world SideScrollerExampleMap
[2019.12.09-07.10.36:102][  0]LogEditorServer: Finished looking for orphan Actors (0.000 secs)
[2019.12.09-07.10.36:685][  0]LogUObjectHash: Compacting FUObjectHashTables data took   4.95ms
[2019.12.09-07.10.36:737][  0]Cmd: MAP CHECKDEP NOCLEARLOG
[2019.12.09-07.10.36:739][  0]MapCheck: Map check complete: 0 Error(s), 0 Warning(s), took 1.01ms to complete.
[2019.12.09-07.10.36:754][  0]LogFileHelpers: Loading map 'SideScrollerExampleMap' took 22.053
[2019.12.09-07.10.41:414][  0]LogSlate: Updating window title bar state: overlay mode, drag disabled, window buttons hidden, title bar hidden
[2019.12.09-07.10.41:825][  0]LogCollectionManager: Loaded 0 collections in 0.003507 seconds
[2019.12.09-07.10.42:371][  0]LogFileCache: Scanning file cache for directory 'D:/gitkraken/GBG210-TeamA/Prototype 2/P2_Iteration1/Saved/Collections/' took 0.01s
[2019.12.09-07.10.42:371][  0]LogFileCache: Scanning file cache for directory 'D:/gitkraken/GBG210-TeamA/Prototype 2/P2_Iteration1/Content/Developers/Natasha/Collections/' took 0.01s
[2019.12.09-07.10.42:371][  0]LogFileCache: Scanning file cache for directory 'D:/gitkraken/GBG210-TeamA/Prototype 2/P2_Iteration1/Content/Collections/' took 0.01s
[2019.12.09-07.10.42:371][  0]LogCollectionManager: Rebuilt the GUID cache for 0 collections in 0.000001 seconds
[2019.12.09-07.10.42:434][  0]LogContentBrowser: Native class hierarchy populated in 0.0598 seconds. Added 2732 classes and 659 folders.
[2019.12.09-07.10.42:774][  0]LogContentBrowser: Native class hierarchy updated for 'WidgetCarousel' in 0.0006 seconds. Added 0 classes and 0 folders.
[2019.12.09-07.10.42:920][  0]LogPakFile: Registered encryption key '00000000000000000000000000000000': 0 pak files mounted, 0 remain pending
[2019.12.09-07.10.43:043][  0]LogPakFile: Registered encryption key '00000000000000000000000000000000': 0 pak files mounted, 0 remain pending
[2019.12.09-07.10.43:109][  0]LogPakFile: Registered encryption key '00000000000000000000000000000000': 0 pak files mounted, 0 remain pending
[2019.12.09-07.10.43:194][  0]LogPakFile: Registered encryption key '00000000000000000000000000000000': 0 pak files mounted, 0 remain pending
[2019.12.09-07.10.43:215][  0]LogPakFile: Registered encryption key '00000000000000000000000000000000': 0 pak files mounted, 0 remain pending
[2019.12.09-07.10.43:245][  0]LogPakFile: Registered encryption key '00000000000000000000000000000000': 0 pak files mounted, 0 remain pending
[2019.12.09-07.10.43:270][  0]LogPakFile: Registered encryption key '00000000000000000000000000000000': 0 pak files mounted, 0 remain pending
[2019.12.09-07.10.43:291][  0]LogPakFile: Registered encryption key '00000000000000000000000000000000': 0 pak files mounted, 0 remain pending
[2019.12.09-07.10.43:342][  0]LogPakFile: Registered encryption key '00000000000000000000000000000000': 0 pak files mounted, 0 remain pending
[2019.12.09-07.10.43:414][  0]LogPakFile: Registered encryption key '00000000000000000000000000000000': 0 pak files mounted, 0 remain pending
[2019.12.09-07.10.43:433][  0]LogPakFile: Registered encryption key '00000000000000000000000000000000': 0 pak files mounted, 0 remain pending
[2019.12.09-07.10.43:457][  0]LogPakFile: Registered encryption key '00000000000000000000000000000000': 0 pak files mounted, 0 remain pending
[2019.12.09-07.10.43:470][  0]LogPakFile: Registered encryption key '00000000000000000000000000000000': 0 pak files mounted, 0 remain pending
[2019.12.09-07.10.43:490][  0]LogPakFile: Registered encryption key '00000000000000000000000000000000': 0 pak files mounted, 0 remain pending
[2019.12.09-07.10.43:567][  0]LogPakFile: Registered encryption key '00000000000000000000000000000000': 0 pak files mounted, 0 remain pending
[2019.12.09-07.10.43:579][  0]LogPakFile: Registered encryption key '00000000000000000000000000000000': 0 pak files mounted, 0 remain pending
[2019.12.09-07.10.43:666][  0]LogPakFile: Registered encryption key '00000000000000000000000000000000': 0 pak files mounted, 0 remain pending
[2019.12.09-07.10.43:687][  0]LogPakFile: Registered encryption key '00000000000000000000000000000000': 0 pak files mounted, 0 remain pending
[2019.12.09-07.10.43:699][  0]LogPakFile: Registered encryption key '00000000000000000000000000000000': 0 pak files mounted, 0 remain pending
[2019.12.09-07.10.43:710][  0]LogPakFile: Registered encryption key '00000000000000000000000000000000': 0 pak files mounted, 0 remain pending
[2019.12.09-07.10.43:723][  0]LogPakFile: Registered encryption key '00000000000000000000000000000000': 0 pak files mounted, 0 remain pending
[2019.12.09-07.10.43:735][  0]LogPakFile: Registered encryption key '00000000000000000000000000000000': 0 pak files mounted, 0 remain pending
[2019.12.09-07.10.43:752][  0]LogPakFile: Registered encryption key '00000000000000000000000000000000': 0 pak files mounted, 0 remain pending
[2019.12.09-07.10.43:803][  0]LogPakFile: Registered encryption key '00000000000000000000000000000000': 0 pak files mounted, 0 remain pending
[2019.12.09-07.10.43:910][  0]LogPakFile: Registered encryption key '00000000000000000000000000000000': 0 pak files mounted, 0 remain pending
[2019.12.09-07.10.43:923][  0]LogPakFile: Registered encryption key '00000000000000000000000000000000': 0 pak files mounted, 0 remain pending
[2019.12.09-07.10.45:606][  0]LogContentBrowser: Native class hierarchy updated for 'AddContentDialog' in 0.0004 seconds. Added 0 classes and 0 folders.
[2019.12.09-07.10.45:935][  0]LogContentBrowser: Native class hierarchy updated for 'SceneOutliner' in 0.0005 seconds. Added 1 classes and 2 folders.
[2019.12.09-07.10.47:342][  0]LogSlate: Took 0.021869 seconds to synchronously load lazily loaded font '../../../Engine/Content/Slate/Fonts/Roboto-Regular.ttf' (155K)
[2019.12.09-07.10.47:462][  0]LogSlate: Took 0.071155 seconds to synchronously load lazily loaded font '../../../Engine/Content/Slate/Fonts/Roboto-Bold.ttf' (160K)
[2019.12.09-07.10.47:535][  0]LogSlate: Took 0.013090 seconds to synchronously load lazily loaded font '../../../Engine/Content/Editor/Slate/Fonts/FontAwesome.ttf' (139K)
[2019.12.09-07.10.48:755][  0]LogRenderer: Reallocating scene render targets to support 1356x340 Format 10 NumSamples 1 (Frame:1).
[2019.12.09-07.10.50:230][  0]LogContentBrowser: Native class hierarchy updated for 'HierarchicalLODOutliner' in 0.0005 seconds. Added 0 classes and 0 folders.
[2019.12.09-07.10.50:230][  0]LogLoad: (Engine Initialization) Total time: 82.91 seconds
[2019.12.09-07.10.50:230][  0]LogLoad: (Engine Initialization) Total Blueprint compile time: 0.00 seconds
[2019.12.09-07.10.51:195][  0]LogContentStreaming: Texture pool size now 1000 MB
[2019.12.09-07.10.51:410][  0]LogSlate: FSceneViewport::OnFocusLost() reason 2
[2019.12.09-07.10.51:996][  0]LogSlate: Took 0.045644 seconds to synchronously load lazily loaded font '../../../Engine/Content/Slate/Fonts/Roboto-Light.ttf' (167K)
[2019.12.09-07.11.12:044][735]LogAssetRegistry: Asset discovery search completed in 72.1753 seconds
[2019.12.09-07.11.12:069][735]LogCollectionManager: Rebuilt the object cache for 0 collections in 0.000001 seconds (found 0 objects)
[2019.12.09-07.11.12:069][735]LogCollectionManager: Fixed up redirectors for 0 collections in 0.000110 seconds (updated 0 objects)
[2019.12.09-07.11.12:430][737]LogSlate: Window 'Message Log' being destroyed
[2019.12.09-07.11.12:441][737]LogSlate: Window 'Message Log' being destroyed
[2019.12.09-07.11.16:723][941]LogSlate: FSceneViewport::OnFocusLost() reason 0
[2019.12.09-07.11.16:981][954]LogRenderer: Reallocating scene render targets to support 1356x356 Format 10 NumSamples 1 (Frame:940).
[2019.12.09-07.11.17:045][955]LogRenderer: Reallocating scene render targets to support 1356x432 Format 10 NumSamples 1 (Frame:942).
[2019.12.09-07.11.17:123][956]LogRenderer: Reallocating scene render targets to support 1356x492 Format 10 NumSamples 1 (Frame:944).
[2019.12.09-07.11.17:190][957]LogRenderer: Reallocating scene render targets to support 1356x544 Format 10 NumSamples 1 (Frame:946).
[2019.12.09-07.11.17:264][958]LogRenderer: Reallocating scene render targets to support 1356x572 Format 10 NumSamples 1 (Frame:948).
[2019.12.09-07.11.17:328][959]LogRenderer: Reallocating scene render targets to support 1356x620 Format 10 NumSamples 1 (Frame:950).
[2019.12.09-07.11.17:397][960]LogRenderer: Reallocating scene render targets to support 1356x668 Format 10 NumSamples 1 (Frame:952).
[2019.12.09-07.11.17:462][961]LogRenderer: Reallocating scene render targets to support 1356x696 Format 10 NumSamples 1 (Frame:954).
[2019.12.09-07.11.17:748][973]LogRenderer: Reallocating scene render targets to support 1356x716 Format 10 NumSamples 1 (Frame:956).
[2019.12.09-07.11.17:816][974]LogRenderer: Reallocating scene render targets to support 1356x760 Format 10 NumSamples 1 (Frame:958).
[2019.12.09-07.11.27:058][485]LogEditorViewport: Clicking on Actor (context menu): StaticMeshActor (Floor)
[2019.12.09-07.11.28:346][485]LogSlate: FSceneViewport::OnFocusLost() reason 2
[2019.12.09-07.11.40:900][174]LogEditorViewport: Clicking on Actor (LMB): StaticMeshActor (Floor)
[2019.12.09-07.28.05:958][237]LogUObjectHash: Compacting FUObjectHashTables data took   2.10ms
[2019.12.09-07.28.06:122][237]LogSlate: Window 'P2_Iteration1 - Unreal Editor' being destroyed
[2019.12.09-07.28.06:626][238]Cmd: QUIT_EDITOR
[2019.12.09-07.28.06:998][238]LogWindowsTextInputMethodSystem: Display: IME system now deactivated.
[2019.12.09-07.28.07:044][238]LogExit: Preparing to exit.
[2019.12.09-07.28.08:050][238]LogExit: Editor shut down
[2019.12.09-07.28.08:050][238]LogExit: Transaction tracking system shut down
[2019.12.09-07.28.10:119][238]LogExit: Object subsystem successfully closed.
[2019.12.09-07.28.10:321][238]LogShaderCompilers: Display: Shaders left to compile 0
[2019.12.09-07.28.10:394][238]LogD3D11RHI: Shutdown
[2019.12.09-07.28.10:394][238]LogD3D11RHI: CleanupD3DDevice
[2019.12.09-07.28.10:395][238]LogRendererCore: FGlobalReadBuffer::ReleaseRHI
[2019.12.09-07.28.10:395][238]LogRendererCore: FGlobalDynamicReadBuffer::Cleanup()
[2019.12.09-07.28.10:395][238]LogRendererCore: FGlobalReadBuffer::ReleaseRHI
[2019.12.09-07.28.10:395][238]LogRendererCore: FGlobalDynamicReadBuffer::Cleanup()
[2019.12.09-07.28.10:395][238]LogRendererCore: FGlobalReadBuffer::ReleaseRHI
[2019.12.09-07.28.10:395][238]LogRendererCore: FGlobalDynamicReadBuffer::Cleanup()
[2019.12.09-07.28.10:676][238]LogD3D11RHI: ~FD3D11DynamicRHI
[2019.12.09-07.28.11:603][238]LogModuleManager: Shutting down and abandoning module HierarchicalLODOutliner (644)
[2019.12.09-07.28.11:603][238]LogModuleManager: Shutting down and abandoning module SceneOutliner (642)
[2019.12.09-07.28.11:604][238]LogModuleManager: Shutting down and abandoning module AddContentDialog (640)
[2019.12.09-07.28.11:604][238]LogModuleManager: Shutting down and abandoning module WidgetCarousel (639)
[2019.12.09-07.28.11:604][238]LogModuleManager: Shutting down and abandoning module EditorWidgets (636)
[2019.12.09-07.28.11:604][238]LogModuleManager: Shutting down and abandoning module CollectionManager (634)
[2019.12.09-07.28.11:604][238]LogModuleManager: Shutting down and abandoning module MeshBuilder (632)
[2019.12.09-07.28.11:604][238]LogModuleManager: Shutting down and abandoning module StatsViewer (630)
[2019.12.09-07.28.11:611][238]LogModuleManager: Shutting down and abandoning module FoliageEdit (628)
[2019.12.09-07.28.11:611][238]LogModuleManager: Shutting down and abandoning module LandscapeEditor (626)
[2019.12.09-07.28.11:626][238]LogModuleManager: Shutting down and abandoning module MeshPaintMode (624)
[2019.12.09-07.28.11:644][238]LogModuleManager: Shutting down and abandoning module SceneDepthPickerMode (622)
[2019.12.09-07.28.11:644][238]LogModuleManager: Shutting down and abandoning module ActorPickerMode (620)
[2019.12.09-07.28.11:644][238]LogModuleManager: Shutting down and abandoning module GeometryMode (618)
[2019.12.09-07.28.11:644][238]LogModuleManager: Shutting down and abandoning module TextureAlignMode (616)
[2019.12.09-07.28.11:644][238]LogModuleManager: Shutting down and abandoning module BspMode (614)
[2019.12.09-07.28.11:644][238]LogModuleManager: Shutting down and abandoning module PIEPreviewDeviceProfileSelector (612)
[2019.12.09-07.28.11:674][238]LogModuleManager: Shutting down and abandoning module SequenceRecorderSections (610)
[2019.12.09-07.28.11:674][238]LogModuleManager: Shutting down and abandoning module AutomationWorker (608)
[2019.12.09-07.28.11:689][238]LogModuleManager: Shutting down and abandoning module OculusMR (606)
[2019.12.09-07.28.11:689][238]LogModuleManager: Shutting down and abandoning module AudioCaptureEditor (604)
[2019.12.09-07.28.11:689][238]LogModuleManager: Shutting down and abandoning module MatineeToLevelSequence (602)
[2019.12.09-07.28.11:689][238]LogModuleManager: Shutting down and abandoning module LevelSequenceEditor (600)
[2019.12.09-07.28.11:768][238]LogModuleManager: Shutting down and abandoning module PlacementMode (599)
[2019.12.09-07.28.11:768][238]LogModuleManager: Shutting down and abandoning module MaterialEditor (598)
[2019.12.09-07.28.11:928][238]LogModuleManager: Shutting down and abandoning module ActorSequenceEditor (594)
[2019.12.09-07.28.11:938][238]LogModuleManager: Shutting down and abandoning module WmfMediaFactory (592)
[2019.12.09-07.28.11:938][238]LogModuleManager: Shutting down and abandoning module WmfMediaEditor (590)
[2019.12.09-07.28.11:938][238]LogModuleManager: Shutting down and abandoning module WebMMediaFactory (588)
[2019.12.09-07.28.11:938][238]LogModuleManager: Shutting down and abandoning module WebMMediaEditor (586)
[2019.12.09-07.28.11:938][238]LogModuleManager: Shutting down and abandoning module WebMMedia (584)
[2019.12.09-07.28.11:947][238]LogModuleManager: Shutting down and abandoning module MediaPlayerEditor (582)
[2019.12.09-07.28.11:960][238]LogModuleManager: Shutting down and abandoning module MediaCompositingEditor (580)
[2019.12.09-07.28.11:960][238]LogModuleManager: Shutting down and abandoning module SequenceRecorder (579)
[2019.12.09-07.28.11:998][238]LogModuleManager: Shutting down and abandoning module OpenExrWrapper (576)
[2019.12.09-07.28.11:998][238]LogModuleManager: Shutting down and abandoning module ImgMediaFactory (574)
[2019.12.09-07.28.11:998][238]LogModuleManager: Shutting down and abandoning module ImgMediaEditor (572)
[2019.12.09-07.28.11:998][238]LogModuleManager: Shutting down and abandoning module AvfMediaFactory (570)
[2019.12.09-07.28.11:998][238]LogModuleManager: Shutting down and abandoning module AvfMediaEditor (568)
[2019.12.09-07.28.11:998][238]LogModuleManager: Shutting down and abandoning module AndroidMediaFactory (566)
[2019.12.09-07.28.11:998][238]LogModuleManager: Shutting down and abandoning module AndroidMediaEditor (564)
[2019.12.09-07.28.11:998][238]LogModuleManager: Shutting down and abandoning module MagicLeapCameraPreviewFactory (562)
[2019.12.09-07.28.11:998][238]LogModuleManager: Shutting down and abandoning module MagicLeapMediaCodecFactory (560)
[2019.12.09-07.28.11:998][238]LogModuleManager: Shutting down and abandoning module MagicLeapMediaFactory (558)
[2019.12.09-07.28.11:998][238]LogModuleManager: Shutting down and abandoning module MagicLeapMediaEditor (556)
[2019.12.09-07.28.11:998][238]LogModuleManager: Shutting down and abandoning module CharacterAI (554)
[2019.12.09-07.28.11:998][238]LogModuleManager: Shutting down and abandoning module SmartSnapping (552)
[2019.12.09-07.28.11:998][238]LogModuleManager: Shutting down and abandoning module SessionServices (550)
[2019.12.09-07.28.11:998][238]LogModuleManager: Shutting down and abandoning module MeshPaint (548)
[2019.12.09-07.28.12:013][238]LogModuleManager: Shutting down and abandoning module ViewportSnapping (546)
[2019.12.09-07.28.12:013][238]LogModuleManager: Shutting down and abandoning module ViewportInteraction (544)
[2019.12.09-07.28.12:028][238]LogModuleManager: Shutting down and abandoning module ClothPainter (542)
[2019.12.09-07.28.12:037][238]LogModuleManager: Shutting down and abandoning module SkeletalMeshEditor (541)
[2019.12.09-07.28.12:055][238]LogModuleManager: Shutting down and abandoning module LogVisualizer (538)
[2019.12.09-07.28.12:056][238]LogModuleManager: Shutting down and abandoning module IntroTutorials (536)
[2019.12.09-07.28.12:057][238]LogModuleManager: Shutting down and abandoning module GameProjectGeneration (535)
[2019.12.09-07.28.12:080][238]LogModuleManager: Shutting down and abandoning module LuminPlatformEditor (532)
[2019.12.09-07.28.12:081][238]LogModuleManager: Shutting down and abandoning module IOSPlatformEditor (530)
[2019.12.09-07.28.12:081][238]LogModuleManager: Shutting down and abandoning module HTML5PlatformEditor (528)
[2019.12.09-07.28.12:081][238]LogModuleManager: Shutting down and abandoning module AndroidPlatformEditor (526)
[2019.12.09-07.28.12:092][238]LogModuleManager: Shutting down and abandoning module AndroidDeviceDetection (525)
[2019.12.09-07.28.12:881][238]LogModuleManager: Shutting down and abandoning module WindowsPlatformEditor (522)
[2019.12.09-07.28.12:881][238]LogModuleManager: Shutting down and abandoning module LuminRuntimeSettings (520)
[2019.12.09-07.28.12:881][238]LogModuleManager: Shutting down and abandoning module IOSRuntimeSettings (518)
[2019.12.09-07.28.12:881][238]LogModuleManager: Shutting down and abandoning module AndroidRuntimeSettings (516)
[2019.12.09-07.28.12:881][238]LogModuleManager: Shutting down and abandoning module TimeManagementEditor (514)
[2019.12.09-07.28.12:881][238]LogModuleManager: Shutting down and abandoning module InputBindingEditor (512)
[2019.12.09-07.28.12:982][238]LogModuleManager: Shutting down and abandoning module MergeActors (510)
[2019.12.09-07.28.12:995][238]LogModuleManager: Shutting down and abandoning module LocalizationDashboard (508)
[2019.12.09-07.28.13:011][238]LogModuleManager: Shutting down and abandoning module LocalizationService (507)
[2019.12.09-07.28.13:017][238]LogModuleManager: Shutting down and abandoning module HardwareTargeting (504)
[2019.12.09-07.28.13:017][238]LogModuleManager: Shutting down and abandoning module DeviceProfileEditor (502)
[2019.12.09-07.28.13:031][238]LogModuleManager: Shutting down and abandoning module UndoHistory (500)
[2019.12.09-07.28.13:032][238]LogModuleManager: Shutting down and abandoning module XmlParser (498)
[2019.12.09-07.28.13:050][238]LogModuleManager: Shutting down and abandoning module Blutility (496)
[2019.12.09-07.28.13:050][238]LogModuleManager: Shutting down and abandoning module ProjectSettingsViewer (494)
[2019.12.09-07.28.13:050][238]LogModuleManager: Shutting down and abandoning module ProjectTargetPlatformEditor (493)
[2019.12.09-07.28.13:051][238]LogModuleManager: Shutting down and abandoning module EditorSettingsViewer (490)
[2019.12.09-07.28.13:051][238]LogModuleManager: Shutting down and abandoning module SettingsEditor (488)
[2019.12.09-07.28.13:051][238]LogModuleManager: Shutting down and abandoning module ProjectLauncher (486)
[2019.12.09-07.28.13:063][238]LogModuleManager: Shutting down and abandoning module SessionFrontend (484)
[2019.12.09-07.28.13:076][238]LogModuleManager: Shutting down and abandoning module ProfilerClient (482)
[2019.12.09-07.28.13:086][238]LogModuleManager: Shutting down and abandoning module DeviceManager (480)
[2019.12.09-07.28.13:134][238]LogModuleManager: Shutting down and abandoning module TargetDeviceServices (479)
[2019.12.09-07.28.13:189][238]LogModuleManager: Shutting down and abandoning module AutomationController (476)
[2019.12.09-07.28.13:206][238]LogModuleManager: Shutting down and abandoning module AutomationWindow (474)
[2019.12.09-07.28.13:225][238]LogModuleManager: Shutting down and abandoning module Layers (472)
[2019.12.09-07.28.13:246][238]LogModuleManager: Shutting down and abandoning module ComponentVisualizers (470)
[2019.12.09-07.28.13:246][238]LogModuleManager: Shutting down and abandoning module DetailCustomizations (468)
[2019.12.09-07.28.13:246][238]LogModuleManager: Shutting down and abandoning module PackagesDialog (466)
[2019.12.09-07.28.13:247][238]LogModuleManager: Shutting down and abandoning module AnimationBlueprintEditor (464)
[2019.12.09-07.28.13:275][238]LogModuleManager: Shutting down and abandoning module Persona (462)
[2019.12.09-07.28.13:292][238]LogModuleManager: Shutting down and abandoning module AdvancedPreviewScene (461)
[2019.12.09-07.28.13:292][238]LogModuleManager: Shutting down and abandoning module AnimGraph (459)
[2019.12.09-07.28.13:292][238]LogModuleManager: Shutting down and abandoning module Kismet (456)
[2019.12.09-07.28.13:320][238]LogModuleManager: Shutting down and abandoning module GraphEditor (454)
[2019.12.09-07.28.13:415][238]LogModuleManager: Shutting down and abandoning module ClassViewer (452)
[2019.12.09-07.28.13:415][238]LogModuleManager: Shutting down and abandoning module Toolbox (450)
[2019.12.09-07.28.13:415][238]LogModuleManager: Shutting down and abandoning module ModuleUI (448)
[2019.12.09-07.28.13:425][238]LogModuleManager: Shutting down and abandoning module MovieSceneTools (446)
[2019.12.09-07.28.13:426][238]LogModuleManager: Shutting down and abandoning module OutputLog (444)
[2019.12.09-07.28.13:426][238]LogModuleManager: Shutting down and abandoning module GammaUI (442)
[2019.12.09-07.28.13:433][238]LogModuleManager: Shutting down and abandoning module Documentation (440)
[2019.12.09-07.28.13:433][238]LogModuleManager: Shutting down and abandoning module LiveCoding (438)
[2019.12.09-07.28.13:446][238]LogModuleManager: Shutting down and abandoning module LevelSequence (436)
[2019.12.09-07.28.13:446][238]LogModuleManager: Shutting down and abandoning module MovieSceneTracks (434)
[2019.12.09-07.28.13:446][238]LogModuleManager: Shutting down and abandoning module MovieScene (432)
[2019.12.09-07.28.13:447][238]LogModuleManager: Shutting down and abandoning module StreamingPauseRendering (430)
[2019.12.09-07.28.13:473][238]LogModuleManager: Shutting down and abandoning module LauncherPlatform (428)
[2019.12.09-07.28.13:473][238]LogModuleManager: Shutting down and abandoning module AnalyticsET (426)
[2019.12.09-07.28.13:473][238]LogModuleManager: Shutting down and abandoning module PortalServices (424)
[2019.12.09-07.28.13:473][238]LogModuleManager: Shutting down and abandoning module PortalRpc (422)
[2019.12.09-07.28.13:473][238]LogModuleManager: Shutting down and abandoning module MessagingRpc (420)
[2019.12.09-07.28.13:474][238]LogModuleManager: Shutting down and abandoning module AIModule (418)
[2019.12.09-07.28.13:474][238]LogModuleManager: Shutting down and abandoning module GameplayDebugger (417)
[2019.12.09-07.28.13:475][238]LogModuleManager: Shutting down and abandoning module AITestSuite (415)
[2019.12.09-07.28.13:475][238]LogModuleManager: Shutting down and abandoning module NavigationSystem (413)
[2019.12.09-07.28.13:475][238]LogModuleManager: Shutting down and abandoning module DesktopPlatform (410)
[2019.12.09-07.28.13:475][238]LogModuleManager: Shutting down and abandoning module ImageWriteQueue (408)
[2019.12.09-07.28.13:480][238]LogModuleManager: Shutting down and abandoning module ProfilerService (406)
[2019.12.09-07.28.13:688][238]LogModuleManager: Shutting down and abandoning module TaskGraph (404)
[2019.12.09-07.28.13:707][238]LogModuleManager: Shutting down and abandoning module SteamVRController (402)
[2019.12.09-07.28.13:707][238]LogModuleManager: Shutting down and abandoning module ProceduralMeshComponentEditor (400)
[2019.12.09-07.28.13:724][238]LogModuleManager: Shutting down and abandoning module ProceduralMeshComponent (398)
[2019.12.09-07.28.13:739][238]LogModuleManager: Shutting down and abandoning module OculusEditor (396)
[2019.12.09-07.28.13:739][238]LogModuleManager: Shutting down and abandoning module OculusInput (394)
[2019.12.09-07.28.13:739][238]LogModuleManager: Shutting down and abandoning module MobilePatchingUtils (392)
[2019.12.09-07.28.13:739][238]LogModuleManager: Shutting down and abandoning module EditableMesh (390)
[2019.12.09-07.28.13:740][238]LogModuleManager: Shutting down and abandoning module CustomMeshComponent (388)
[2019.12.09-07.28.13:740][238]LogModuleManager: Shutting down and abandoning module CableComponent (386)
[2019.12.09-07.28.13:740][238]LogModuleManager: Shutting down and abandoning module AudioCapture (384)
[2019.12.09-07.28.13:740][238]LogModuleManager: Shutting down and abandoning module ArchVisCharacter (382)
[2019.12.09-07.28.13:740][238]LogModuleManager: Shutting down and abandoning module AndroidPermission (380)
[2019.12.09-07.28.13:740][238]LogModuleManager: Shutting down and abandoning module NUTUnrealEngine4 (378)
[2019.12.09-07.28.13:740][238]LogModuleManager: Shutting down and abandoning module NetcodeUnitTest (376)
[2019.12.09-07.28.13:760][238]LogModuleManager: Shutting down and abandoning module MediaCompositing (374)
[2019.12.09-07.28.13:760][238]LogModuleManager: Shutting down and abandoning module LinearTimecode (372)
[2019.12.09-07.28.13:760][238]LogModuleManager: Shutting down and abandoning module ImgMedia (370)
[2019.12.09-07.28.13:760][238]LogModuleManager: Shutting down and abandoning module MagicLeapHelperVulkan (368)
[2019.12.09-07.28.13:760][238]LogModuleManager: Shutting down and abandoning module MagicLeapHelperOpenGL (366)
[2019.12.09-07.28.13:760][238]LogModuleManager: Shutting down and abandoning module MagicLeapAudio (364)
[2019.12.09-07.28.13:760][238]LogModuleManager: Shutting down and abandoning module HTML5Networking (362)
[2019.12.09-07.28.13:760][238]LogModuleManager: Shutting down and abandoning module GeometryCacheTracks (360)
[2019.12.09-07.28.13:760][238]LogModuleManager: Shutting down and abandoning module GeometryCacheSequencer (358)
[2019.12.09-07.28.13:760][238]LogModuleManager: Shutting down and abandoning module BackChannel (356)
[2019.12.09-07.28.13:779][238]LogModuleManager: Shutting down and abandoning module AppleVision (354)
[2019.12.09-07.28.13:779][238]LogModuleManager: Shutting down and abandoning module AppleImageUtilsBlueprintSupport (352)
[2019.12.09-07.28.13:779][238]LogModuleManager: Shutting down and abandoning module AppleImageUtils (350)
[2019.12.09-07.28.13:779][238]LogModuleManager: Shutting down and abandoning module AlembicImporter (348)
[2019.12.09-07.28.13:779][238]LogModuleManager: Shutting down and abandoning module AlembicLibrary (347)
[2019.12.09-07.28.13:779][238]LogModuleManager: Shutting down and abandoning module GeometryCache (346)
[2019.12.09-07.28.13:779][238]LogModuleManager: Shutting down and abandoning module GeometryCacheEd (345)
[2019.12.09-07.28.13:779][238]LogModuleManager: Shutting down and abandoning module VariantManagerContent (340)
[2019.12.09-07.28.13:780][238]LogModuleManager: Shutting down and abandoning module DatasmithContentEditor (338)
[2019.12.09-07.28.13:788][238]LogModuleManager: Shutting down and abandoning module SpeedTreeImporter (336)
[2019.12.09-07.28.13:788][238]LogModuleManager: Shutting down and abandoning module PluginBrowser (334)
[2019.12.09-07.28.13:808][238]LogModuleManager: Shutting down and abandoning module MobileLauncherProfileWizard (332)
[2019.12.09-07.28.13:828][238]LogModuleManager: Shutting down and abandoning module MaterialAnalyzer (330)
[2019.12.09-07.28.13:829][238]LogModuleManager: Shutting down and abandoning module CryptoKeysOpenSSL (328)
[2019.12.09-07.28.13:829][238]LogModuleManager: Shutting down and abandoning module CryptoKeys (326)
[2019.12.09-07.28.13:829][238]LogModuleManager: Shutting down and abandoning module VisualStudioSourceCodeAccess (324)
[2019.12.09-07.28.13:879][238]LogModuleManager: Shutting down and abandoning module VisualStudioCodeSourceCodeAccess (322)
[2019.12.09-07.28.13:879][238]LogModuleManager: Shutting down and abandoning module UObjectPlugin (320)
[2019.12.09-07.28.13:879][238]LogModuleManager: Shutting down and abandoning module SubversionSourceControl (318)
[2019.12.09-07.28.13:893][238]LogModuleManager: Shutting down and abandoning module PerforceSourceControl (316)
[2019.12.09-07.28.13:895][238]LogModuleManager: Shutting down and abandoning module GitSourceControl (314)
[2019.12.09-07.28.13:914][238]LogModuleManager: Shutting down and abandoning module SourceControl (313)
[2019.12.09-07.28.13:915][238]LogModuleManager: Shutting down and abandoning module CLionSourceCodeAccess (310)
[2019.12.09-07.28.13:915][238]LogModuleManager: Shutting down and abandoning module AnimationSharingEd (308)
[2019.12.09-07.28.13:915][238]LogModuleManager: Shutting down and abandoning module ActorLayerUtilitiesEditor (306)
[2019.12.09-07.28.13:915][238]LogModuleManager: Shutting down and abandoning module ActorLayerUtilities (304)
[2019.12.09-07.28.13:915][238]LogModuleManager: Shutting down and abandoning module LightPropagationVolumeEditor (302)
[2019.12.09-07.28.13:915][238]LogModuleManager: Shutting down and abandoning module PaperTiledImporter (300)
[2019.12.09-07.28.13:915][238]LogModuleManager: Shutting down and abandoning module PaperSpriteSheetImporter (298)
[2019.12.09-07.28.13:915][238]LogModuleManager: Shutting down and abandoning module Paper2DEditor (296)
[2019.12.09-07.28.13:935][238]LogModuleManager: Shutting down and abandoning module SignificanceManager (294)
[2019.12.09-07.28.13:935][238]LogModuleManager: Shutting down and abandoning module RuntimePhysXCooking (292)
[2019.12.09-07.28.13:935][238]LogModuleManager: Shutting down and abandoning module PhysXVehiclesEditor (290)
[2019.12.09-07.28.13:935][238]LogModuleManager: Shutting down and abandoning module PhysXVehicles (288)
[2019.12.09-07.28.13:936][238]LogModuleManager: Shutting down and abandoning module LocationServicesBPLibrary (286)
[2019.12.09-07.28.13:936][238]LogModuleManager: Shutting down and abandoning module ActorSequence (284)
[2019.12.09-07.28.13:936][238]LogModuleManager: Shutting down and abandoning module UdpMessaging (282)
[2019.12.09-07.28.14:056][238]LogModuleManager: Shutting down and abandoning module TcpMessaging (280)
[2019.12.09-07.28.14:191][238]LogModuleManager: Shutting down and abandoning module MagicLeapIdentity (278)
[2019.12.09-07.28.14:191][238]LogModuleManager: Shutting down and abandoning module MagicLeapSecureStorage (276)
[2019.12.09-07.28.14:191][238]LogModuleManager: Shutting down and abandoning module MagicLeapHandTracking (274)
[2019.12.09-07.28.14:203][238]LogModuleManager: Shutting down and abandoning module MagicLeapEyeTracker (272)
[2019.12.09-07.28.14:203][238]LogModuleManager: Shutting down and abandoning module MagicLeapController (270)
[2019.12.09-07.28.14:203][238]LogSlate: Slate User Destroyed.  User Index 0, Is Virtual User: 0
[2019.12.09-07.28.14:203][238]LogModuleManager: Shutting down and abandoning module MagicLeapAR (268)
[2019.12.09-07.28.14:203][238]LogModuleManager: Shutting down and abandoning module AugmentedReality (267)
[2019.12.09-07.28.14:204][238]LogModuleManager: Shutting down and abandoning module GameplayTagsEditor (264)
[2019.12.09-07.28.14:204][238]LogModuleManager: Shutting down and abandoning module FacialAnimationEditor (262)
[2019.12.09-07.28.14:204][238]LogModuleManager: Shutting down and abandoning module FacialAnimation (260)
[2019.12.09-07.28.14:204][238]LogModuleManager: Shutting down and abandoning module DataValidation (258)
[2019.12.09-07.28.14:204][238]LogModuleManager: Shutting down and abandoning module AssetManagerEditor (256)
[2019.12.09-07.28.14:244][238]LogModuleManager: Shutting down and abandoning module LevelEditor (255)
[2019.12.09-07.28.14:245][238]LogModuleManager: Shutting down and abandoning module PixelInspectorModule (254)
[2019.12.09-07.28.14:260][238]LogModuleManager: Shutting down and abandoning module CommonMenuExtensions (252)
[2019.12.09-07.28.14:260][238]LogModuleManager: Shutting down and abandoning module MainFrame (250)
[2019.12.09-07.28.14:261][238]LogModuleManager: Shutting down and abandoning module HotReload (249)
[2019.12.09-07.28.14:261][238]LogModuleManager: Shutting down and abandoning module ContentBrowser (245)
[2019.12.09-07.28.14:262][238]LogModuleManager: Shutting down and abandoning module TreeMap (243)
[2019.12.09-07.28.14:288][238]LogModuleManager: Shutting down and abandoning module AnimationSharing (240)
[2019.12.09-07.28.14:288][238]LogModuleManager: Shutting down and abandoning module LightPropagationVolumeRuntime (238)
[2019.12.09-07.28.14:288][238]LogModuleManager: Shutting down and abandoning module AISupportModule (236)
[2019.12.09-07.28.14:289][238]LogModuleManager: Shutting down and abandoning module Paper2D (234)
[2019.12.09-07.28.14:289][238]LogModuleManager: Shutting down and abandoning module WindowsMoviePlayer (232)
[2019.12.09-07.28.14:306][238]LogModuleManager: Shutting down and abandoning module WebMMoviePlayer (230)
[2019.12.09-07.28.14:306][238]LogModuleManager: Shutting down and abandoning module PacketHandler (228)
[2019.12.09-07.28.14:306][238]LogModuleManager: Shutting down and abandoning module ClothingSystemEditor (226)
[2019.12.09-07.28.14:306][238]LogModuleManager: Shutting down and abandoning module ClothingSystemRuntime (224)
[2019.12.09-07.28.14:330][238]LogModuleManager: Shutting down and abandoning module MediaAssets (222)
[2019.12.09-07.28.14:330][238]LogModuleManager: Shutting down and abandoning module Overlay (220)
[2019.12.09-07.28.14:330][238]LogModuleManager: Shutting down and abandoning module OverlayEditor (219)
[2019.12.09-07.28.14:331][238]LogModuleManager: Shutting down and abandoning module VREditor (216)
[2019.12.09-07.28.14:342][238]LogModuleManager: Shutting down and abandoning module StringTableEditor (214)
[2019.12.09-07.28.14:355][238]LogModuleManager: Shutting down and abandoning module GameplayTasksEditor (212)
[2019.12.09-07.28.14:355][238]LogModuleManager: Shutting down and abandoning module BehaviorTreeEditor (210)
[2019.12.09-07.28.14:406][238]LogModuleManager: Shutting down and abandoning module FunctionalTesting (208)
[2019.12.09-07.28.14:425][238]LogModuleManager: Shutting down and abandoning module CollisionAnalyzer (206)
[2019.12.09-07.28.14:452][238]LogModuleManager: Shutting down and abandoning module WorkspaceMenuStructure (205)
[2019.12.09-07.28.14:460][238]LogModuleManager: Shutting down and abandoning module UMG (202)
[2019.12.09-07.28.14:485][238]LogModuleManager: Shutting down and abandoning module UMGEditor (201)
[2019.12.09-07.28.14:514][238]LogModuleManager: Shutting down and abandoning module Sequencer (200)
[2019.12.09-07.28.14:574][238]LogModuleManager: Shutting down and abandoning module MessageLog (197)
[2019.12.09-07.28.14:574][238]LogModuleManager: Shutting down and abandoning module SlateReflector (192)
[2019.12.09-07.28.14:597][238]LogModuleManager: Shutting down and abandoning module Slate (190)
[2019.12.09-07.28.14:597][238]LogModuleManager: Shutting down and abandoning module EditorStyle (188)
[2019.12.09-07.28.14:608][238]LogModuleManager: Shutting down and abandoning module UnrealEd (186)
[2019.12.09-07.28.14:608][238]LogModuleManager: Shutting down and abandoning module MRMesh (184)
[2019.12.09-07.28.14:608][238]LogModuleManager: Shutting down and abandoning module SourceCodeAccess (182)
[2019.12.09-07.28.14:608][238]LogModuleManager: Shutting down and abandoning module HeadMountedDisplay (180)
[2019.12.09-07.28.14:608][238]LogModuleManager: Shutting down and abandoning module XAudio2 (178)
[2019.12.09-07.28.14:608][238]LogModuleManager: Shutting down and abandoning module Networking (176)
[2019.12.09-07.28.14:608][238]LogModuleManager: Shutting down and abandoning module Core (174)
[2019.12.09-07.28.14:608][238]LogModuleManager: Shutting down and abandoning module KismetCompiler (172)
[2019.12.09-07.28.14:608][238]LogModuleManager: Shutting down and abandoning module MeshUtilities (170)
[2019.12.09-07.28.14:623][238]LogModuleManager: Shutting down and abandoning module MeshMergeUtilities (169)
[2019.12.09-07.28.14:623][238]LogModuleManager: Shutting down and abandoning module MeshReductionInterface (168)
[2019.12.09-07.28.14:623][238]LogModuleManager: Shutting down and abandoning module SkeletalMeshReduction (167)
[2019.12.09-07.28.14:681][238]LogModuleManager: Shutting down and abandoning module ProxyLODMeshReduction (165)
[2019.12.09-07.28.14:703][238]LogModuleManager: Shutting down and abandoning module QuadricMeshReduction (163)
[2019.12.09-07.28.14:710][238]LogModuleManager: Shutting down and abandoning module MaterialBaking (159)
[2019.12.09-07.28.14:727][238]LogModuleManager: Shutting down and abandoning module DerivedDataCache (154)
[2019.12.09-07.28.14:789][238]LogDerivedDataCache: Shutdown
[2019.12.09-07.28.14:789][238]LogModuleManager: Shutting down and abandoning module XGEController (152)
[2019.12.09-07.28.14:789][238]LogXGEController: Cleaning working directory: C:/Users/Natasha/AppData/Local/Temp/UnrealXGEWorkingDir/
[2019.12.09-07.28.14:806][238]LogModuleManager: Shutting down and abandoning module TargetPlatform (150)
[2019.12.09-07.28.14:811][238]LogModuleManager: Shutting down and abandoning module VulkanShaderFormat (149)
[2019.12.09-07.28.14:820][238]LogModuleManager: Shutting down and abandoning module ShaderFormatVectorVM (147)
[2019.12.09-07.28.14:831][238]LogModuleManager: Shutting down and abandoning module ShaderFormatOpenGL (145)
[2019.12.09-07.28.14:842][238]LogModuleManager: Shutting down and abandoning module ShaderFormatD3D (143)
[2019.12.09-07.28.14:853][238]LogModuleManager: Shutting down and abandoning module MetalShaderFormat (141)
[2019.12.09-07.28.14:862][238]LogModuleManager: Shutting down and abandoning module TextureFormatUncompressed (139)
[2019.12.09-07.28.14:862][238]LogModuleManager: Shutting down and abandoning module TextureFormatPVR (137)
[2019.12.09-07.28.14:862][238]LogModuleManager: Shutting down and abandoning module TextureFormatDXT (135)
[2019.12.09-07.28.14:862][238]LogModuleManager: Shutting down and abandoning module TextureFormatIntelISPCTexComp (133)
[2019.12.09-07.28.14:867][238]LogModuleManager: Shutting down and abandoning module TextureFormatASTC (131)
[2019.12.09-07.28.14:867][238]LogModuleManager: Shutting down and abandoning module ImageWrapper (130)
[2019.12.09-07.28.14:867][238]LogModuleManager: Shutting down and abandoning module TextureFormatAndroid (127)
[2019.12.09-07.28.14:867][238]LogModuleManager: Shutting down and abandoning module AudioFormatOpus (125)
[2019.12.09-07.28.14:883][238]LogModuleManager: Shutting down and abandoning module AudioFormatOgg (123)
[2019.12.09-07.28.14:884][238]LogModuleManager: Shutting down and abandoning module AudioFormatADPCM (121)
[2019.12.09-07.28.14:934][238]LogModuleManager: Shutting down and abandoning module LuminTargetPlatform (119)
[2019.12.09-07.28.14:948][238]LogModuleManager: Shutting down and abandoning module LinuxTargetPlatform (117)
[2019.12.09-07.28.14:948][238]LogModuleManager: Shutting down and abandoning module LinuxServerTargetPlatform (115)
[2019.12.09-07.28.14:960][238]LogModuleManager: Shutting down and abandoning module LinuxNoEditorTargetPlatform (113)
[2019.12.09-07.28.14:970][238]LogModuleManager: Shutting down and abandoning module LinuxClientTargetPlatform (111)
[2019.12.09-07.28.14:983][238]LogModuleManager: Shutting down and abandoning module TVOSTargetPlatform (109)
[2019.12.09-07.28.14:987][238]LogModuleManager: Shutting down and abandoning module Messaging (107)
[2019.12.09-07.28.14:987][238]LogModuleManager: Shutting down and abandoning module IOSTargetPlatform (105)
[2019.12.09-07.28.14:990][238]LogModuleManager: Shutting down and abandoning module HTML5TargetPlatform (103)
[2019.12.09-07.28.14:990][238]LogModuleManager: Shutting down and abandoning module AndroidTargetPlatform (101)
[2019.12.09-07.28.15:008][238]LogModuleManager: Shutting down and abandoning module WindowsTargetPlatform (99)
[2019.12.09-07.28.15:008][238]LogModuleManager: Shutting down and abandoning module WindowsServerTargetPlatform (97)
[2019.12.09-07.28.15:008][238]LogModuleManager: Shutting down and abandoning module WindowsNoEditorTargetPlatform (95)
[2019.12.09-07.28.15:008][238]LogModuleManager: Shutting down and abandoning module WindowsClientTargetPlatform (93)
[2019.12.09-07.28.15:008][238]LogModuleManager: Shutting down and abandoning module MacTargetPlatform (91)
[2019.12.09-07.28.15:008][238]LogModuleManager: Shutting down and abandoning module MacServerTargetPlatform (89)
[2019.12.09-07.28.15:008][238]LogModuleManager: Shutting down and abandoning module MacNoEditorTargetPlatform (87)
[2019.12.09-07.28.15:009][238]LogModuleManager: Shutting down and abandoning module MacClientTargetPlatform (85)
[2019.12.09-07.28.15:009][238]LogModuleManager: Shutting down and abandoning module AllDesktopTargetPlatform (83)
[2019.12.09-07.28.15:009][238]LogModuleManager: Shutting down and abandoning module InputCore (80)
[2019.12.09-07.28.15:009][238]LogModuleManager: Shutting down and abandoning module Settings (78)
[2019.12.09-07.28.15:009][238]LogModuleManager: Shutting down and abandoning module DirectoryWatcher (76)
[2019.12.09-07.28.15:009][238]LogModuleManager: Shutting down and abandoning module PhysXCooking (74)
[2019.12.09-07.28.15:009][238]LogModuleManager: Shutting down and abandoning module SteamVR (72)
[2019.12.09-07.28.15:018][238]LogHMD: Freeing OpenVRDLLHandle.
[2019.12.09-07.28.15:019][238]LogModuleManager: Shutting down and abandoning module OculusHMD (70)
[2019.12.09-07.28.15:019][238]LogModuleManager: Shutting down and abandoning module ExampleDeviceProfileSelector (68)
[2019.12.09-07.28.15:019][238]LogModuleManager: Shutting down and abandoning module LauncherChunkInstaller (66)
[2019.12.09-07.28.15:019][238]LogModuleManager: Shutting down and abandoning module OnlineBlueprintSupport (64)
[2019.12.09-07.28.15:019][238]LogModuleManager: Shutting down and abandoning module OnlineSubsystem (60)
[2019.12.09-07.28.15:036][238]LogModuleManager: Shutting down and abandoning module XMPP (55)
[2019.12.09-07.28.15:060][238]LogModuleManager: Shutting down and abandoning module WebSockets (54)
[2019.12.09-07.28.15:170][238]LogModuleManager: Shutting down and abandoning module HTTP (51)
[2019.12.09-07.28.15:170][238]LogHttp: Display: Http module shutting down, but needs to wait on 1 outstanding Http requests:
[2019.12.09-07.28.15:170][238]LogHttp: Display: 	verb=[POST] url=[https://datarouter.ol.epicgames.com/datarouter/api/v1/public/data?SessionID=%7B263440C3-4D27-9819-0B66-1DAD2D530A69%7D&AppID=UEEditor.Rocket.Release&AppVersion=4.22.3-7053642%2B%2B%2BUE4%2BRelease-4.22&UserID=f4ee64024e3f52dbdfdcf3ac3d76ed9d%7Ca3814642f71245888cd9387ecea366de%7Cbadfa7fd-6883-4b26-9efd-4a4566d1488c&AppEnvironment=datacollector-binary&UploadType=eteventstream] status=Processing
[2019.12.09-07.28.15:202][238]LogModuleManager: Shutting down and abandoning module SSL (50)
[2019.12.09-07.28.15:211][238]LogModuleManager: Shutting down and abandoning module WmfMedia (46)
[2019.12.09-07.28.15:231][238]LogModuleManager: Shutting down and abandoning module Media (45)
[2019.12.09-07.28.15:239][238]LogModuleManager: Shutting down and abandoning module MagicLeap (42)
[2019.12.09-07.28.15:239][238]LogModuleManager: Shutting down and abandoning module DatasmithContent (40)
[2019.12.09-07.28.15:240][238]LogModuleManager: Shutting down and abandoning module AnimationModifiers (38)
[2019.12.09-07.28.15:241][238]LogModuleManager: Shutting down and abandoning module PropertyEditor (37)
[2019.12.09-07.28.15:249][238]LogModuleManager: Shutting down and abandoning module AudioEditor (34)
[2019.12.09-07.28.15:280][238]LogModuleManager: Shutting down and abandoning module TextureCompressor (32)
[2019.12.09-07.28.15:280][238]LogModuleManager: Shutting down and abandoning module RenderCore (30)
[2019.12.09-07.28.15:280][238]LogModuleManager: Shutting down and abandoning module Landscape (28)
[2019.12.09-07.28.15:280][238]LogModuleManager: Shutting down and abandoning module SlateRHIRenderer (26)
[2019.12.09-07.28.15:306][238]LogModuleManager: Shutting down and abandoning module OpenGLDrv (24)
[2019.12.09-07.28.15:320][238]LogModuleManager: Shutting down and abandoning module D3D11RHI (22)
[2019.12.09-07.28.15:320][238]LogModuleManager: Shutting down and abandoning module AnimGraphRuntime (20)
[2019.12.09-07.28.15:320][238]LogModuleManager: Shutting down and abandoning module Renderer (18)
[2019.12.09-07.28.15:320][238]LogModuleManager: Shutting down and abandoning module Engine (16)
[2019.12.09-07.28.15:320][238]LogModuleManager: Shutting down and abandoning module CoreUObject (14)
[2019.12.09-07.28.15:320][238]LogModuleManager: Shutting down and abandoning module NetworkFile (12)
[2019.12.09-07.28.15:325][238]LogModuleManager: Shutting down and abandoning module CookedIterativeFile (10)
[2019.12.09-07.28.15:325][238]LogModuleManager: Shutting down and abandoning module StreamingFile (8)
[2019.12.09-07.28.15:337][238]LogModuleManager: Shutting down and abandoning module SandboxFile (6)
[2019.12.09-07.28.15:337][238]LogModuleManager: Shutting down and abandoning module PakFile (4)
[2019.12.09-07.28.15:337][238]LogModuleManager: Shutting down and abandoning module RSA (3)
[2019.12.09-07.28.15:366][238]LogExit: Exiting.
[2019.12.09-07.28.15:414][238]Log file closed, 12/09/19 18:28:15
