Log file open, 12/11/19 10:19:13
LogWindows: Failed to load 'aqProf.dll' (GetLastError=126)
LogWindows: File 'aqProf.dll' does not exist
LogWindows: Failed to load 'VtuneApi.dll' (GetLastError=126)
LogWindows: File 'VtuneApi.dll' does not exist
LogWindows: Failed to load 'VtuneApi32e.dll' (GetLastError=126)
LogWindows: File 'VtuneApi32e.dll' does not exist
LogConsoleResponse: Display: Failed to find resolution value strings in scalability ini. Falling back to default.
LogInit: Display: Running engine for game: P2_Iteration1
LogPakFile: Registered encryption key '00000000000000000000000000000000': 0 pak files mounted, 0 remain pending
LogPlatformFile: Not using cached read wrapper
LogTaskGraph: Started task graph with 5 named threads and 23 total threads with 3 sets of task threads.
LogStats: Stats thread started at 0.286100
LogD3D11RHI: Loaded GFSDK_Aftermath_Lib.x64.dll
LogICUInternationalization: ICU TimeZone Detection - Raw Offset: +10:00, Platform Override: ''
LogPluginManager: Mounting plugin Paper2D
LogPluginManager: Mounting plugin AISupport
LogPluginManager: Mounting plugin LightPropagationVolume
LogPluginManager: Mounting plugin ActorLayerUtilities
LogPluginManager: Mounting plugin AnimationSharing
LogPluginManager: Mounting plugin CLionSourceCodeAccess
LogPluginManager: Mounting plugin CodeLiteSourceCodeAccess
LogPluginManager: Mounting plugin GitSourceControl
LogPluginManager: Mounting plugin KDevelopSourceCodeAccess
LogPluginManager: Mounting plugin NullSourceCodeAccess
LogPluginManager: Mounting plugin PerforceSourceControl
LogPluginManager: Mounting plugin SubversionSourceControl
LogPluginManager: Mounting plugin UObjectPlugin
LogPluginManager: Mounting plugin VisualStudioCodeSourceCodeAccess
LogPluginManager: Mounting plugin VisualStudioSourceCodeAccess
LogPluginManager: Mounting plugin XCodeSourceCodeAccess
LogPluginManager: Mounting plugin AssetManagerEditor
LogPluginManager: Mounting plugin CryptoKeys
LogPluginManager: Mounting plugin DataValidation
LogPluginManager: Mounting plugin FacialAnimation
LogPluginManager: Mounting plugin GameplayTagsEditor
LogPluginManager: Mounting plugin MacGraphicsSwitching
LogPluginManager: Mounting plugin MaterialAnalyzer
LogPluginManager: Mounting plugin MobileLauncherProfileWizard
LogPluginManager: Mounting plugin PluginBrowser
LogPluginManager: Mounting plugin SpeedTreeImporter
LogPluginManager: Mounting plugin DatasmithContent
LogPluginManager: Mounting plugin VariantManagerContent
LogPluginManager: Mounting plugin AlembicImporter
LogPluginManager: Mounting plugin AppleImageUtils
LogPluginManager: Mounting plugin AppleVision
LogPluginManager: Mounting plugin BackChannel
LogPluginManager: Mounting plugin CharacterAI
LogPluginManager: Mounting plugin GeometryCache
LogPluginManager: Mounting plugin HTML5Networking
LogPluginManager: Mounting plugin ProxyLODPlugin
LogPluginManager: Mounting plugin SkeletalReduction
LogPluginManager: Mounting plugin MagicLeap
LogPluginManager: Mounting plugin MagicLeapMedia
LogPluginManager: Mounting plugin AndroidMedia
LogPluginManager: Mounting plugin AvfMedia
LogPluginManager: Mounting plugin ImgMedia
LogPluginManager: Mounting plugin LinearTimecode
LogPluginManager: Mounting plugin MediaCompositing
LogPluginManager: Mounting plugin MediaPlayerEditor
LogPluginManager: Mounting plugin WebMMedia
LogPluginManager: Mounting plugin WmfMedia
LogPluginManager: Mounting plugin TcpMessaging
LogPluginManager: Mounting plugin UdpMessaging
LogPluginManager: Mounting plugin ActorSequence
LogPluginManager: Mounting plugin LevelSequenceEditor
LogPluginManager: Mounting plugin MatineeToLevelSequence
LogPluginManager: Mounting plugin NetcodeUnitTest
LogPluginManager: Mounting plugin NUTUnrealEngine4
LogPluginManager: Mounting plugin OnlineSubsystemGooglePlay
LogPluginManager: Mounting plugin OnlineSubsystemIOS
LogPluginManager: Mounting plugin OnlineSubsystem
LogPluginManager: Mounting plugin OnlineSubsystemNull
LogPluginManager: Mounting plugin OnlineSubsystemUtils
LogPluginManager: Mounting plugin LauncherChunkInstaller
LogPluginManager: Mounting plugin AndroidDeviceProfileSelector
LogPluginManager: Mounting plugin AndroidMoviePlayer
LogPluginManager: Mounting plugin AndroidPermission
LogPluginManager: Mounting plugin AppleMoviePlayer
LogPluginManager: Mounting plugin ArchVisCharacter
LogPluginManager: Mounting plugin AudioCapture
LogPluginManager: Mounting plugin CableComponent
LogPluginManager: Mounting plugin CustomMeshComponent
LogPluginManager: Mounting plugin EditableMesh
LogPluginManager: Mounting plugin ExampleDeviceProfileSelector
LogPluginManager: Mounting plugin Firebase
LogPluginManager: Mounting plugin GoogleCloudMessaging
LogPluginManager: Mounting plugin IOSDeviceProfileSelector
LogPluginManager: Mounting plugin LinuxDeviceProfileSelector
LogPluginManager: Mounting plugin LocationServicesBPLibrary
LogPluginManager: Mounting plugin MobilePatchingUtils
LogPluginManager: Mounting plugin OculusVR
LogPluginManager: Mounting plugin PhysXVehicles
LogPluginManager: Mounting plugin ProceduralMeshComponent
LogPluginManager: Mounting plugin RuntimePhysXCooking
LogPluginManager: Mounting plugin SignificanceManager
LogPluginManager: Mounting plugin SteamVR
LogPluginManager: Mounting plugin WebMMoviePlayer
LogPluginManager: Mounting plugin WindowsMoviePlayer
LogInit: Using libcurl 7.55.1-DEV
LogInit:  - built for x86_64-pc-win32
LogInit:  - supports SSL with OpenSSL/1.1.1
LogInit:  - supports HTTP deflate (compression) using libz 1.2.8
LogInit:  - other features:
LogInit:      CURL_VERSION_SSL
LogInit:      CURL_VERSION_LIBZ
LogInit:      CURL_VERSION_IPV6
LogInit:      CURL_VERSION_ASYNCHDNS
LogInit:      CURL_VERSION_LARGEFILE
LogInit:      CURL_VERSION_IDN
LogInit:  CurlRequestOptions (configurable via config and command line):
LogInit:  - bVerifyPeer = true  - Libcurl will verify peer certificate
LogInit:  - bUseHttpProxy = false  - Libcurl will NOT use HTTP proxy
LogInit:  - bDontReuseConnections = false  - Libcurl will reuse connections
LogInit:  - MaxHostConnections = 16  - Libcurl will limit the number of connections to a host
LogInit:  - LocalHostAddr = Default
LogInit:  - BufferSize = 65536
LogInit: WinSock: version 1.1 (2.2), MaxSocks=32767, MaxUdp=65467
LogInit: Build: ++UE4+Release-4.22-CL-7053642
LogInit: Engine Version: 4.22.3-7053642+++UE4+Release-4.22
LogInit: Compatible Engine Version: 4.22.0-5660361+++UE4+Release-4.22
LogInit: Net CL: 5660361
LogInit: OS: Windows 10 (Release 1903) (), CPU: Intel(R) Core(TM) i7-8550U CPU @ 1.80GHz, GPU: Intel(R) UHD Graphics 620
LogInit: Compiled (64-bit): Jun 18 2019 03:09:11
LogInit: Compiled with Visual C++: 19.16.27025.01
LogInit: Build Configuration: Development
LogInit: Branch Name: ++UE4+Release-4.22
LogInit: Command Line: 
LogInit: Base Directory: D:/Epic Games/Epic Games/UE_4.22/Engine/Binaries/Win64/
LogInit: Installed Engine Build: 1
LogDevObjectVersion: Number of dev versions registered: 23
LogDevObjectVersion:   Dev-Blueprints (B0D832E4-1F89-4F0D-ACCF-7EB736FD4AA2): 10
LogDevObjectVersion:   Dev-Build (E1C64328-A22C-4D53-A36C-8E866417BD8C): 0
LogDevObjectVersion:   Dev-Core (375EC13C-06E4-48FB-B500-84F0262A717E): 3
LogDevObjectVersion:   Dev-Editor (E4B068ED-F494-42E9-A231-DA0B2E46BB41): 30
LogDevObjectVersion:   Dev-Framework (CFFC743F-43B0-4480-9391-14DF171D2073): 35
LogDevObjectVersion:   Dev-Mobile (B02B49B5-BB20-44E9-A304-32B752E40360): 2
LogDevObjectVersion:   Dev-Networking (A4E4105C-59A1-49B5-A7C5-40C4547EDFEE): 0
LogDevObjectVersion:   Dev-Online (39C831C9-5AE6-47DC-9A44-9C173E1C8E7C): 0
LogDevObjectVersion:   Dev-Physics (78F01B33-EBEA-4F98-B9B4-84EACCB95AA2): 0
LogDevObjectVersion:   Dev-Platform (6631380F-2D4D-43E0-8009-CF276956A95A): 0
LogDevObjectVersion:   Dev-Rendering (12F88B9F-8875-4AFC-A67C-D90C383ABD29): 28
LogDevObjectVersion:   Dev-Sequencer (7B5AE74C-D270-4C10-A958-57980B212A5A): 11
LogDevObjectVersion:   Dev-VR (D7296918-1DD6-4BDD-9DE2-64A83CC13884): 2
LogDevObjectVersion:   Dev-LoadTimes (C2A15278-BFE7-4AFE-6C17-90FF531DF755): 1
LogDevObjectVersion:   Private-Geometry (6EACA3D4-40EC-4CC1-B786-8BED09428FC5): 3
LogDevObjectVersion:   Dev-AnimPhys (29E575DD-E0A3-4627-9D10-D276232CDCEA): 17
LogDevObjectVersion:   Dev-Anim (AF43A65D-7FD3-4947-9873-3E8ED9C1BB05): 2
LogDevObjectVersion:   Dev-ReflectionCapture (6B266CEC-1EC7-4B8F-A30B-E4D90942FC07): 1
LogDevObjectVersion:   Dev-Automation (0DF73D61-A23F-47EA-B727-89E90C41499A): 1
LogDevObjectVersion:   FortniteMain (601D1886-AC64-4F84-AA16-D3DE0DEAC7D6): 25
LogDevObjectVersion:   Dev-Enterprise (9DFFBCD6-494F-0158-E221-12823C92A888): 6
LogDevObjectVersion:   Dev-Niagara (F2AED0AC-9AFE-416F-8664-AA7FFA26D6FC): 1
LogDevObjectVersion:   Dev-Destruction (174F1F0B-B4C6-45A5-B13F-2EE8D0FB917D): 2
LogInit: Presizing for max 16777216 objects, including 0 objects not considered by GC, pre-allocating 0 bytes for permanent pool.
LogInit: Object subsystem initialized
LogConfig: Setting CVar [[con.DebugEarlyDefault:1]]
LogConfig: Setting CVar [[r.setres:1280x720]]
[2019.12.10-23.19.13:624][  0]LogConfig: Setting CVar [[r.VSync:0]]
[2019.12.10-23.19.13:624][  0]LogConfig: Setting CVar [[r.RHICmdBypass:0]]
[2019.12.10-23.19.13:624][  0]LogConfig: Applying CVar settings from Section [/Script/Engine.RendererSettings] File [D:/gitkraken/GBG210-TeamA/Prototype 2/P2_Iteration1/Saved/Config/Windows/Engine.ini]
[2019.12.10-23.19.13:624][  0]LogConfig: Setting CVar [[r.GPUCrashDebugging:0]]
[2019.12.10-23.19.13:624][  0]LogConfig: Applying CVar settings from Section [/Script/Engine.RendererOverrideSettings] File [D:/gitkraken/GBG210-TeamA/Prototype 2/P2_Iteration1/Saved/Config/Windows/Engine.ini]
[2019.12.10-23.19.13:624][  0]LogConfig: Applying CVar settings from Section [/Script/Engine.StreamingSettings] File [D:/gitkraken/GBG210-TeamA/Prototype 2/P2_Iteration1/Saved/Config/Windows/Engine.ini]
[2019.12.10-23.19.13:624][  0]LogConfig: Setting CVar [[s.MinBulkDataSizeForAsyncLoading:131072]]
[2019.12.10-23.19.13:624][  0]LogConfig: Setting CVar [[s.AsyncLoadingThreadEnabled:0]]
[2019.12.10-23.19.13:624][  0]LogConfig: Setting CVar [[s.EventDrivenLoaderEnabled:1]]
[2019.12.10-23.19.13:624][  0]LogConfig: Setting CVar [[s.WarnIfTimeLimitExceeded:0]]
[2019.12.10-23.19.13:624][  0]LogConfig: Setting CVar [[s.TimeLimitExceededMultiplier:1.5]]
[2019.12.10-23.19.13:624][  0]LogConfig: Setting CVar [[s.TimeLimitExceededMinTime:0.005]]
[2019.12.10-23.19.13:624][  0]LogConfig: Setting CVar [[s.UseBackgroundLevelStreaming:1]]
[2019.12.10-23.19.13:624][  0]LogConfig: Setting CVar [[s.PriorityAsyncLoadingExtraTime:15.0]]
[2019.12.10-23.19.13:625][  0]LogConfig: Setting CVar [[s.LevelStreamingActorsUpdateTimeLimit:5.0]]
[2019.12.10-23.19.13:625][  0]LogConfig: Setting CVar [[s.PriorityLevelStreamingActorsUpdateExtraTime:5.0]]
[2019.12.10-23.19.13:625][  0]LogConfig: Setting CVar [[s.LevelStreamingComponentsRegistrationGranularity:10]]
[2019.12.10-23.19.13:625][  0]LogConfig: Setting CVar [[s.UnregisterComponentsTimeLimit:1.0]]
[2019.12.10-23.19.13:625][  0]LogConfig: Setting CVar [[s.LevelStreamingComponentsUnregistrationGranularity:5]]
[2019.12.10-23.19.13:625][  0]LogConfig: Applying CVar settings from Section [/Script/Engine.GarbageCollectionSettings] File [D:/gitkraken/GBG210-TeamA/Prototype 2/P2_Iteration1/Saved/Config/Windows/Engine.ini]
[2019.12.10-23.19.13:625][  0]LogConfig: Setting CVar [[gc.MaxObjectsNotConsideredByGC:1]]
[2019.12.10-23.19.13:625][  0]LogConfig: Setting CVar [[gc.SizeOfPermanentObjectPool:0]]
[2019.12.10-23.19.13:625][  0]LogConfig: Setting CVar [[gc.FlushStreamingOnGC:0]]
[2019.12.10-23.19.13:625][  0]LogConfig: Setting CVar [[gc.NumRetriesBeforeForcingGC:10]]
[2019.12.10-23.19.13:625][  0]LogConfig: Setting CVar [[gc.AllowParallelGC:1]]
[2019.12.10-23.19.13:625][  0]LogConfig: Setting CVar [[gc.TimeBetweenPurgingPendingKillObjects:61.1]]
[2019.12.10-23.19.13:625][  0]LogConfig: Setting CVar [[gc.MaxObjectsInEditor:16777216]]
[2019.12.10-23.19.13:625][  0]LogConfig: Setting CVar [[gc.IncrementalBeginDestroyEnabled:1]]
[2019.12.10-23.19.13:625][  0]LogConfig: Setting CVar [[gc.CreateGCClusters:1]]
[2019.12.10-23.19.13:625][  0]LogConfig: Setting CVar [[gc.MinGCClusterSize:5]]
[2019.12.10-23.19.13:625][  0]LogConfig: Setting CVar [[gc.ActorClusteringEnabled:0]]
[2019.12.10-23.19.13:625][  0]LogConfig: Setting CVar [[gc.BlueprintClusteringEnabled:0]]
[2019.12.10-23.19.13:625][  0]LogConfig: Setting CVar [[gc.UseDisregardForGCOnDedicatedServers:0]]
[2019.12.10-23.19.13:625][  0]LogConfig: Applying CVar settings from Section [/Script/Engine.NetworkSettings] File [D:/gitkraken/GBG210-TeamA/Prototype 2/P2_Iteration1/Saved/Config/Windows/Engine.ini]
[2019.12.10-23.19.13:625][  0]LogConfig: Applying CVar settings from Section [/Script/UnrealEd.CookerSettings] File [D:/gitkraken/GBG210-TeamA/Prototype 2/P2_Iteration1/Saved/Config/Windows/Engine.ini]
[2019.12.10-23.19.13:629][  0]LogConfig: Applying CVar settings from Section [ViewDistanceQuality@3] File [D:/gitkraken/GBG210-TeamA/Prototype 2/P2_Iteration1/Saved/Config/Windows/Scalability.ini]
[2019.12.10-23.19.13:629][  0]LogConfig: Setting CVar [[r.SkeletalMeshLODBias:0]]
[2019.12.10-23.19.13:629][  0]LogConfig: Setting CVar [[r.ViewDistanceScale:1.0]]
[2019.12.10-23.19.13:629][  0]LogConfig: Applying CVar settings from Section [AntiAliasingQuality@3] File [D:/gitkraken/GBG210-TeamA/Prototype 2/P2_Iteration1/Saved/Config/Windows/Scalability.ini]
[2019.12.10-23.19.13:629][  0]LogConfig: Setting CVar [[r.PostProcessAAQuality:4]]
[2019.12.10-23.19.13:630][  0]LogConfig: Applying CVar settings from Section [ShadowQuality@3] File [D:/gitkraken/GBG210-TeamA/Prototype 2/P2_Iteration1/Saved/Config/Windows/Scalability.ini]
[2019.12.10-23.19.13:630][  0]LogConfig: Setting CVar [[r.LightFunctionQuality:1]]
[2019.12.10-23.19.13:630][  0]LogConfig: Setting CVar [[r.ShadowQuality:5]]
[2019.12.10-23.19.13:630][  0]LogConfig: Setting CVar [[r.Shadow.CSM.MaxCascades:10]]
[2019.12.10-23.19.13:630][  0]LogConfig: Setting CVar [[r.Shadow.MaxResolution:2048]]
[2019.12.10-23.19.13:630][  0]LogConfig: Setting CVar [[r.Shadow.MaxCSMResolution:2048]]
[2019.12.10-23.19.13:630][  0]LogConfig: Setting CVar [[r.Shadow.RadiusThreshold:0.01]]
[2019.12.10-23.19.13:630][  0]LogConfig: Setting CVar [[r.Shadow.DistanceScale:1.0]]
[2019.12.10-23.19.13:630][  0]LogConfig: Setting CVar [[r.Shadow.CSM.TransitionScale:1.0]]
[2019.12.10-23.19.13:630][  0]LogConfig: Setting CVar [[r.Shadow.PreShadowResolutionFactor:1.0]]
[2019.12.10-23.19.13:630][  0]LogConfig: Setting CVar [[r.DistanceFieldShadowing:1]]
[2019.12.10-23.19.13:630][  0]LogConfig: Setting CVar [[r.DistanceFieldAO:1]]
[2019.12.10-23.19.13:630][  0]LogConfig: Setting CVar [[r.AOQuality:2]]
[2019.12.10-23.19.13:630][  0]LogConfig: Setting CVar [[r.VolumetricFog:1]]
[2019.12.10-23.19.13:630][  0]LogConfig: Setting CVar [[r.VolumetricFog.GridPixelSize:8]]
[2019.12.10-23.19.13:630][  0]LogConfig: Setting CVar [[r.VolumetricFog.GridSizeZ:128]]
[2019.12.10-23.19.13:630][  0]LogConfig: Setting CVar [[r.VolumetricFog.HistoryMissSupersampleCount:4]]
[2019.12.10-23.19.13:630][  0]LogConfig: Setting CVar [[r.LightMaxDrawDistanceScale:1]]
[2019.12.10-23.19.13:630][  0]LogConfig: Setting CVar [[r.CapsuleShadows:1]]
[2019.12.10-23.19.13:630][  0]LogConfig: Applying CVar settings from Section [PostProcessQuality@3] File [D:/gitkraken/GBG210-TeamA/Prototype 2/P2_Iteration1/Saved/Config/Windows/Scalability.ini]
[2019.12.10-23.19.13:630][  0]LogConfig: Setting CVar [[r.MotionBlurQuality:4]]
[2019.12.10-23.19.13:630][  0]LogConfig: Setting CVar [[r.AmbientOcclusionMipLevelFactor:0.4]]
[2019.12.10-23.19.13:630][  0]LogConfig: Setting CVar [[r.AmbientOcclusionMaxQuality:100]]
[2019.12.10-23.19.13:630][  0]LogConfig: Setting CVar [[r.AmbientOcclusionLevels:-1]]
[2019.12.10-23.19.13:630][  0]LogConfig: Setting CVar [[r.AmbientOcclusionRadiusScale:1.0]]
[2019.12.10-23.19.13:631][  0]LogConfig: Setting CVar [[r.DepthOfFieldQuality:2]]
[2019.12.10-23.19.13:631][  0]LogConfig: Setting CVar [[r.RenderTargetPoolMin:400]]
[2019.12.10-23.19.13:631][  0]LogConfig: Setting CVar [[r.LensFlareQuality:2]]
[2019.12.10-23.19.13:631][  0]LogConfig: Setting CVar [[r.SceneColorFringeQuality:1]]
[2019.12.10-23.19.13:631][  0]LogConfig: Setting CVar [[r.EyeAdaptationQuality:2]]
[2019.12.10-23.19.13:631][  0]LogConfig: Setting CVar [[r.BloomQuality:5]]
[2019.12.10-23.19.13:631][  0]LogConfig: Setting CVar [[r.FastBlurThreshold:100]]
[2019.12.10-23.19.13:631][  0]LogConfig: Setting CVar [[r.Upscale.Quality:3]]
[2019.12.10-23.19.13:631][  0]LogConfig: Setting CVar [[r.Tonemapper.GrainQuantization:1]]
[2019.12.10-23.19.13:631][  0]LogConfig: Setting CVar [[r.LightShaftQuality:1]]
[2019.12.10-23.19.13:631][  0]LogConfig: Setting CVar [[r.Filter.SizeScale:1]]
[2019.12.10-23.19.13:631][  0]LogConfig: Setting CVar [[r.Tonemapper.Quality:5]]
[2019.12.10-23.19.13:631][  0]LogConfig: Setting CVar [[r.DOF.Gather.AccumulatorQuality:1        ; higher gathering accumulator quality]]
[2019.12.10-23.19.13:631][  0]LogConfig: Setting CVar [[r.DOF.Gather.PostfilterMethod:1          ; Median3x3 postfilering method]]
[2019.12.10-23.19.13:631][  0]LogConfig: Setting CVar [[r.DOF.Gather.EnableBokehSettings:0       ; no bokeh simulation when gathering]]
[2019.12.10-23.19.13:631][  0]LogConfig: Setting CVar [[r.DOF.Gather.RingCount:4                 ; medium number of samples when gathering]]
[2019.12.10-23.19.13:631][  0]LogConfig: Setting CVar [[r.DOF.Scatter.ForegroundCompositing:1    ; additive foreground scattering]]
[2019.12.10-23.19.13:631][  0]LogConfig: Setting CVar [[r.DOF.Scatter.BackgroundCompositing:2    ; additive background scattering]]
[2019.12.10-23.19.13:631][  0]LogConfig: Setting CVar [[r.DOF.Scatter.EnableBokehSettings:1      ; bokeh simulation when scattering]]
[2019.12.10-23.19.13:631][  0]LogConfig: Setting CVar [[r.DOF.Scatter.MaxSpriteRatio:0.1         ; only a maximum of 10% of scattered bokeh]]
[2019.12.10-23.19.13:631][  0]LogConfig: Setting CVar [[r.DOF.Recombine.Quality:1                ; cheap slight out of focus]]
[2019.12.10-23.19.13:631][  0]LogConfig: Setting CVar [[r.DOF.Recombine.EnableBokehSettings:0    ; no bokeh simulation on slight out of focus]]
[2019.12.10-23.19.13:631][  0]LogConfig: Setting CVar [[r.DOF.TemporalAAQuality:1                ; more stable temporal accumulation]]
[2019.12.10-23.19.13:631][  0]LogConfig: Setting CVar [[r.DOF.Kernel.MaxForegroundRadius:0.025]]
[2019.12.10-23.19.13:631][  0]LogConfig: Setting CVar [[r.DOF.Kernel.MaxBackgroundRadius:0.025]]
[2019.12.10-23.19.13:631][  0]LogConfig: Applying CVar settings from Section [TextureQuality@3] File [D:/gitkraken/GBG210-TeamA/Prototype 2/P2_Iteration1/Saved/Config/Windows/Scalability.ini]
[2019.12.10-23.19.13:631][  0]LogConfig: Setting CVar [[r.Streaming.MipBias:0]]
[2019.12.10-23.19.13:631][  0]LogConfig: Setting CVar [[r.Streaming.AmortizeCPUToGPUCopy:0]]
[2019.12.10-23.19.13:631][  0]LogConfig: Setting CVar [[r.Streaming.MaxNumTexturesToStreamPerFrame:0]]
[2019.12.10-23.19.13:631][  0]LogConfig: Setting CVar [[r.Streaming.Boost:1]]
[2019.12.10-23.19.13:631][  0]LogConfig: Setting CVar [[r.MaxAnisotropy:8]]
[2019.12.10-23.19.13:631][  0]LogConfig: Setting CVar [[r.Streaming.LimitPoolSizeToVRAM:0]]
[2019.12.10-23.19.13:631][  0]LogConfig: Setting CVar [[r.Streaming.PoolSize:1000]]
[2019.12.10-23.19.13:631][  0]LogConfig: Setting CVar [[r.Streaming.MaxEffectiveScreenSize:0]]
[2019.12.10-23.19.13:631][  0]LogConfig: Applying CVar settings from Section [EffectsQuality@3] File [D:/gitkraken/GBG210-TeamA/Prototype 2/P2_Iteration1/Saved/Config/Windows/Scalability.ini]
[2019.12.10-23.19.13:631][  0]LogConfig: Setting CVar [[r.TranslucencyLightingVolumeDim:64]]
[2019.12.10-23.19.13:631][  0]LogConfig: Setting CVar [[r.RefractionQuality:2]]
[2019.12.10-23.19.13:632][  0]LogConfig: Setting CVar [[r.SSR.Quality:3]]
[2019.12.10-23.19.13:632][  0]LogConfig: Setting CVar [[r.SceneColorFormat:4]]
[2019.12.10-23.19.13:632][  0]LogConfig: Setting CVar [[r.DetailMode:2]]
[2019.12.10-23.19.13:632][  0]LogConfig: Setting CVar [[r.TranslucencyVolumeBlur:1]]
[2019.12.10-23.19.13:632][  0]LogConfig: Setting CVar [[r.MaterialQualityLevel:1 ; High quality]]
[2019.12.10-23.19.13:632][  0]LogConfig: Setting CVar [[r.SSS.Scale:1]]
[2019.12.10-23.19.13:632][  0]LogConfig: Setting CVar [[r.SSS.SampleSet:2]]
[2019.12.10-23.19.13:632][  0]LogConfig: Setting CVar [[r.SSS.Quality:1]]
[2019.12.10-23.19.13:632][  0]LogConfig: Setting CVar [[r.SSS.HalfRes:1]]
[2019.12.10-23.19.13:632][  0]LogConfig: Setting CVar [[r.EmitterSpawnRateScale:1.0]]
[2019.12.10-23.19.13:632][  0]LogConfig: Setting CVar [[r.ParticleLightQuality:2]]
[2019.12.10-23.19.13:632][  0]LogConfig: Applying CVar settings from Section [FoliageQuality@3] File [D:/gitkraken/GBG210-TeamA/Prototype 2/P2_Iteration1/Saved/Config/Windows/Scalability.ini]
[2019.12.10-23.19.13:632][  0]LogConfig: Setting CVar [[foliage.DensityScale:1.0]]
[2019.12.10-23.19.13:632][  0]LogConfig: Setting CVar [[grass.DensityScale:1.0]]
[2019.12.10-23.19.13:632][  0]LogInit: Selected Device Profile: [Windows]
[2019.12.10-23.19.13:632][  0]LogInit: Applying CVar settings loaded from the selected device profile: [Windows]
[2019.12.10-23.19.13:699][  0]LogHAL: Display: Platform has ~ 8 GB [8494747648 / 8589934592 / 8], which maps to Default [LargestMinGB=32, LargerMinGB=12, DefaultMinGB=8, SmallerMinGB=6, SmallestMinGB=0)
[2019.12.10-23.19.13:699][  0]LogConfig: Setting CVar [[r.Vulkan.UseRealUBs:0		; Required until we fix HLR fall-out]]
[2019.12.10-23.19.13:699][  0]LogInit: Going up to parent DeviceProfile []
[2019.12.10-23.19.13:699][  0]LogConfig: Applying CVar settings from Section [ViewDistanceQuality@3] File [D:/gitkraken/GBG210-TeamA/Prototype 2/P2_Iteration1/Saved/Config/Windows/Scalability.ini]
[2019.12.10-23.19.13:699][  0]LogConfig: Setting CVar [[r.SkeletalMeshLODBias:0]]
[2019.12.10-23.19.13:699][  0]LogConfig: Setting CVar [[r.ViewDistanceScale:1.0]]
[2019.12.10-23.19.13:699][  0]LogConfig: Applying CVar settings from Section [AntiAliasingQuality@3] File [D:/gitkraken/GBG210-TeamA/Prototype 2/P2_Iteration1/Saved/Config/Windows/Scalability.ini]
[2019.12.10-23.19.13:699][  0]LogConfig: Setting CVar [[r.PostProcessAAQuality:4]]
[2019.12.10-23.19.13:699][  0]LogConfig: Applying CVar settings from Section [ShadowQuality@3] File [D:/gitkraken/GBG210-TeamA/Prototype 2/P2_Iteration1/Saved/Config/Windows/Scalability.ini]
[2019.12.10-23.19.13:699][  0]LogConfig: Setting CVar [[r.LightFunctionQuality:1]]
[2019.12.10-23.19.13:699][  0]LogConfig: Setting CVar [[r.ShadowQuality:5]]
[2019.12.10-23.19.13:699][  0]LogConfig: Setting CVar [[r.Shadow.CSM.MaxCascades:10]]
[2019.12.10-23.19.13:699][  0]LogConfig: Setting CVar [[r.Shadow.MaxResolution:2048]]
[2019.12.10-23.19.13:699][  0]LogConfig: Setting CVar [[r.Shadow.MaxCSMResolution:2048]]
[2019.12.10-23.19.13:699][  0]LogConfig: Setting CVar [[r.Shadow.RadiusThreshold:0.01]]
[2019.12.10-23.19.13:699][  0]LogConfig: Setting CVar [[r.Shadow.DistanceScale:1.0]]
[2019.12.10-23.19.13:699][  0]LogConfig: Setting CVar [[r.Shadow.CSM.TransitionScale:1.0]]
[2019.12.10-23.19.13:700][  0]LogConfig: Setting CVar [[r.Shadow.PreShadowResolutionFactor:1.0]]
[2019.12.10-23.19.13:700][  0]LogConfig: Setting CVar [[r.DistanceFieldShadowing:1]]
[2019.12.10-23.19.13:700][  0]LogConfig: Setting CVar [[r.DistanceFieldAO:1]]
[2019.12.10-23.19.13:700][  0]LogConfig: Setting CVar [[r.AOQuality:2]]
[2019.12.10-23.19.13:700][  0]LogConfig: Setting CVar [[r.VolumetricFog:1]]
[2019.12.10-23.19.13:700][  0]LogConfig: Setting CVar [[r.VolumetricFog.GridPixelSize:8]]
[2019.12.10-23.19.13:700][  0]LogConfig: Setting CVar [[r.VolumetricFog.GridSizeZ:128]]
[2019.12.10-23.19.13:700][  0]LogConfig: Setting CVar [[r.VolumetricFog.HistoryMissSupersampleCount:4]]
[2019.12.10-23.19.13:700][  0]LogConfig: Setting CVar [[r.LightMaxDrawDistanceScale:1]]
[2019.12.10-23.19.13:700][  0]LogConfig: Setting CVar [[r.CapsuleShadows:1]]
[2019.12.10-23.19.13:700][  0]LogConfig: Applying CVar settings from Section [PostProcessQuality@3] File [D:/gitkraken/GBG210-TeamA/Prototype 2/P2_Iteration1/Saved/Config/Windows/Scalability.ini]
[2019.12.10-23.19.13:700][  0]LogConfig: Setting CVar [[r.MotionBlurQuality:4]]
[2019.12.10-23.19.13:700][  0]LogConfig: Setting CVar [[r.AmbientOcclusionMipLevelFactor:0.4]]
[2019.12.10-23.19.13:700][  0]LogConfig: Setting CVar [[r.AmbientOcclusionMaxQuality:100]]
[2019.12.10-23.19.13:700][  0]LogConfig: Setting CVar [[r.AmbientOcclusionLevels:-1]]
[2019.12.10-23.19.13:700][  0]LogConfig: Setting CVar [[r.AmbientOcclusionRadiusScale:1.0]]
[2019.12.10-23.19.13:700][  0]LogConfig: Setting CVar [[r.DepthOfFieldQuality:2]]
[2019.12.10-23.19.13:700][  0]LogConfig: Setting CVar [[r.RenderTargetPoolMin:400]]
[2019.12.10-23.19.13:700][  0]LogConfig: Setting CVar [[r.LensFlareQuality:2]]
[2019.12.10-23.19.13:700][  0]LogConfig: Setting CVar [[r.SceneColorFringeQuality:1]]
[2019.12.10-23.19.13:700][  0]LogConfig: Setting CVar [[r.EyeAdaptationQuality:2]]
[2019.12.10-23.19.13:700][  0]LogConfig: Setting CVar [[r.BloomQuality:5]]
[2019.12.10-23.19.13:700][  0]LogConfig: Setting CVar [[r.FastBlurThreshold:100]]
[2019.12.10-23.19.13:700][  0]LogConfig: Setting CVar [[r.Upscale.Quality:3]]
[2019.12.10-23.19.13:700][  0]LogConfig: Setting CVar [[r.Tonemapper.GrainQuantization:1]]
[2019.12.10-23.19.13:700][  0]LogConfig: Setting CVar [[r.LightShaftQuality:1]]
[2019.12.10-23.19.13:700][  0]LogConfig: Setting CVar [[r.Filter.SizeScale:1]]
[2019.12.10-23.19.13:700][  0]LogConfig: Setting CVar [[r.Tonemapper.Quality:5]]
[2019.12.10-23.19.13:700][  0]LogConfig: Setting CVar [[r.DOF.Gather.AccumulatorQuality:1        ; higher gathering accumulator quality]]
[2019.12.10-23.19.13:700][  0]LogConfig: Setting CVar [[r.DOF.Gather.PostfilterMethod:1          ; Median3x3 postfilering method]]
[2019.12.10-23.19.13:700][  0]LogConfig: Setting CVar [[r.DOF.Gather.EnableBokehSettings:0       ; no bokeh simulation when gathering]]
[2019.12.10-23.19.13:700][  0]LogConfig: Setting CVar [[r.DOF.Gather.RingCount:4                 ; medium number of samples when gathering]]
[2019.12.10-23.19.13:700][  0]LogConfig: Setting CVar [[r.DOF.Scatter.ForegroundCompositing:1    ; additive foreground scattering]]
[2019.12.10-23.19.13:700][  0]LogConfig: Setting CVar [[r.DOF.Scatter.BackgroundCompositing:2    ; additive background scattering]]
[2019.12.10-23.19.13:701][  0]LogConfig: Setting CVar [[r.DOF.Scatter.EnableBokehSettings:1      ; bokeh simulation when scattering]]
[2019.12.10-23.19.13:701][  0]LogConfig: Setting CVar [[r.DOF.Scatter.MaxSpriteRatio:0.1         ; only a maximum of 10% of scattered bokeh]]
[2019.12.10-23.19.13:701][  0]LogConfig: Setting CVar [[r.DOF.Recombine.Quality:1                ; cheap slight out of focus]]
[2019.12.10-23.19.13:701][  0]LogConfig: Setting CVar [[r.DOF.Recombine.EnableBokehSettings:0    ; no bokeh simulation on slight out of focus]]
[2019.12.10-23.19.13:701][  0]LogConfig: Setting CVar [[r.DOF.TemporalAAQuality:1                ; more stable temporal accumulation]]
[2019.12.10-23.19.13:701][  0]LogConfig: Setting CVar [[r.DOF.Kernel.MaxForegroundRadius:0.025]]
[2019.12.10-23.19.13:701][  0]LogConfig: Setting CVar [[r.DOF.Kernel.MaxBackgroundRadius:0.025]]
[2019.12.10-23.19.13:701][  0]LogConfig: Applying CVar settings from Section [TextureQuality@3] File [D:/gitkraken/GBG210-TeamA/Prototype 2/P2_Iteration1/Saved/Config/Windows/Scalability.ini]
[2019.12.10-23.19.13:701][  0]LogConfig: Setting CVar [[r.Streaming.MipBias:0]]
[2019.12.10-23.19.13:701][  0]LogConfig: Setting CVar [[r.Streaming.AmortizeCPUToGPUCopy:0]]
[2019.12.10-23.19.13:701][  0]LogConfig: Setting CVar [[r.Streaming.MaxNumTexturesToStreamPerFrame:0]]
[2019.12.10-23.19.13:701][  0]LogConfig: Setting CVar [[r.Streaming.Boost:1]]
[2019.12.10-23.19.13:701][  0]LogConfig: Setting CVar [[r.MaxAnisotropy:8]]
[2019.12.10-23.19.13:701][  0]LogConfig: Setting CVar [[r.Streaming.LimitPoolSizeToVRAM:0]]
[2019.12.10-23.19.13:701][  0]LogConfig: Setting CVar [[r.Streaming.PoolSize:1000]]
[2019.12.10-23.19.13:701][  0]LogConfig: Setting CVar [[r.Streaming.MaxEffectiveScreenSize:0]]
[2019.12.10-23.19.13:701][  0]LogConfig: Applying CVar settings from Section [EffectsQuality@3] File [D:/gitkraken/GBG210-TeamA/Prototype 2/P2_Iteration1/Saved/Config/Windows/Scalability.ini]
[2019.12.10-23.19.13:701][  0]LogConfig: Setting CVar [[r.TranslucencyLightingVolumeDim:64]]
[2019.12.10-23.19.13:701][  0]LogConfig: Setting CVar [[r.RefractionQuality:2]]
[2019.12.10-23.19.13:701][  0]LogConfig: Setting CVar [[r.SSR.Quality:3]]
[2019.12.10-23.19.13:701][  0]LogConfig: Setting CVar [[r.SceneColorFormat:4]]
[2019.12.10-23.19.13:701][  0]LogConfig: Setting CVar [[r.DetailMode:2]]
[2019.12.10-23.19.13:701][  0]LogConfig: Setting CVar [[r.TranslucencyVolumeBlur:1]]
[2019.12.10-23.19.13:701][  0]LogConfig: Setting CVar [[r.MaterialQualityLevel:1 ; High quality]]
[2019.12.10-23.19.13:701][  0]LogConfig: Setting CVar [[r.SSS.Scale:1]]
[2019.12.10-23.19.13:701][  0]LogConfig: Setting CVar [[r.SSS.SampleSet:2]]
[2019.12.10-23.19.13:701][  0]LogConfig: Setting CVar [[r.SSS.Quality:1]]
[2019.12.10-23.19.13:701][  0]LogConfig: Setting CVar [[r.SSS.HalfRes:1]]
[2019.12.10-23.19.13:701][  0]LogConfig: Setting CVar [[r.EmitterSpawnRateScale:1.0]]
[2019.12.10-23.19.13:701][  0]LogConfig: Setting CVar [[r.ParticleLightQuality:2]]
[2019.12.10-23.19.13:701][  0]LogConfig: Applying CVar settings from Section [FoliageQuality@3] File [D:/gitkraken/GBG210-TeamA/Prototype 2/P2_Iteration1/Saved/Config/Windows/Scalability.ini]
[2019.12.10-23.19.13:701][  0]LogConfig: Setting CVar [[foliage.DensityScale:1.0]]
[2019.12.10-23.19.13:702][  0]LogConfig: Setting CVar [[grass.DensityScale:1.0]]
[2019.12.10-23.19.13:702][  0]LogConfig: Applying CVar settings from Section [Startup] File [../../../Engine/Config/ConsoleVariables.ini]
[2019.12.10-23.19.13:702][  0]LogConfig: Setting CVar [[net.UseAdaptiveNetUpdateFrequency:0]]
[2019.12.10-23.19.13:702][  0]LogConfig: Setting CVar [[p.chaos.AllowCreatePhysxBodies:1]]
[2019.12.10-23.19.13:702][  0]LogConfig: Applying CVar settings from Section [ConsoleVariables] File [D:/gitkraken/GBG210-TeamA/Prototype 2/P2_Iteration1/Saved/Config/Windows/Engine.ini]
[2019.12.10-23.19.13:702][  0]LogInit: Computer: LAPTOP-FUOF8TII
[2019.12.10-23.19.13:702][  0]LogInit: User: Natasha
[2019.12.10-23.19.13:702][  0]LogInit: CPU Page size=4096, Cores=4
[2019.12.10-23.19.13:702][  0]LogInit: High frequency timer resolution =10.000000 MHz
[2019.12.10-23.19.13:703][  0]LogMemory: Memory total: Physical=7.9GB (8GB approx)
[2019.12.10-23.19.13:703][  0]LogMemory: Platform Memory Stats for Windows
[2019.12.10-23.19.13:703][  0]LogMemory: Process Physical Memory: 97.87 MB used, 97.88 MB peak
[2019.12.10-23.19.13:703][  0]LogMemory: Process Virtual Memory: 92.59 MB used, 92.59 MB peak
[2019.12.10-23.19.13:703][  0]LogMemory: Physical Memory: 6643.32 MB used,  1457.90 MB free, 8101.22 MB total
[2019.12.10-23.19.13:703][  0]LogMemory: Virtual Memory: 4645.83 MB used,  134213080.00 MB free, 134217728.00 MB total
[2019.12.10-23.19.13:763][  0]LogInit: Using OS detected language (en-US).
[2019.12.10-23.19.13:763][  0]LogInit: Using OS detected locale (en-AU).
[2019.12.10-23.19.13:764][  0]LogTextLocalizationManager: No specific localization for 'en-US' exists, so the 'en' localization will be used.
[2019.12.10-23.19.15:185][  0]LogSlate: New Slate User Created.  User Index 0, Is Virtual User: 0
[2019.12.10-23.19.15:185][  0]LogSlate: Slate User Registered.  User Index 0, Is Virtual User: 0
[2019.12.10-23.19.21:240][  0]LogHMD: Failed to initialize OpenVR with code 110
[2019.12.10-23.19.21:240][  0]LogD3D11RHI: D3D11 adapters:
[2019.12.10-23.19.21:768][  0]LogD3D11RHI:    0. 'NVIDIA GeForce GTX 1050' (Feature Level 11_0)
[2019.12.10-23.19.21:768][  0]LogD3D11RHI:       4019/0/4050 MB DedicatedVideo/DedicatedSystem/SharedSystem, Outputs:1, VendorId:0x10de
[2019.12.10-23.19.21:797][  0]LogD3D11RHI:    1. 'Intel(R) UHD Graphics 620' (Feature Level 11_0)
[2019.12.10-23.19.21:798][  0]LogD3D11RHI:       128/0/4050 MB DedicatedVideo/DedicatedSystem/SharedSystem, Outputs:0, VendorId:0x8086
[2019.12.10-23.19.21:803][  0]LogD3D11RHI:    2. 'Microsoft Basic Render Driver' (Feature Level 11_0)
[2019.12.10-23.19.21:803][  0]LogD3D11RHI:       0/0/4050 MB DedicatedVideo/DedicatedSystem/SharedSystem, Outputs:0, VendorId:0x1414
[2019.12.10-23.19.21:803][  0]LogD3D11RHI: Chosen D3D11 Adapter: 0
[2019.12.10-23.19.21:884][  0]LogD3D11RHI: Creating new Direct3DDevice
[2019.12.10-23.19.21:884][  0]LogD3D11RHI:     GPU DeviceId: 0x1c8d (for the marketing name, search the web for "GPU Device Id")
[2019.12.10-23.19.21:885][  0]LogWindows: EnumDisplayDevices:
[2019.12.10-23.19.21:885][  0]LogWindows:    0. 'Intel(R) UHD Graphics 620' (P:1 D:1)
[2019.12.10-23.19.21:885][  0]LogWindows:    1. 'Intel(R) UHD Graphics 620' (P:0 D:0)
[2019.12.10-23.19.21:886][  0]LogWindows:    2. 'Intel(R) UHD Graphics 620' (P:0 D:0)
[2019.12.10-23.19.21:886][  0]LogWindows:    3. 'NVIDIA GeForce GTX 1050' (P:0 D:0)
[2019.12.10-23.19.21:887][  0]LogWindows: DebugString: PrimaryIsNotTheChoosenAdapter PrimaryIsNotTheChoosenAdapter PrimaryIsNotTheChoosenAdapter 
[2019.12.10-23.19.21:887][  0]LogD3D11RHI:     Adapter Name: NVIDIA GeForce GTX 1050
[2019.12.10-23.19.21:887][  0]LogD3D11RHI:   Driver Version: 425.31 (internal:25.21.14.2531, unified:425.31)
[2019.12.10-23.19.21:887][  0]LogD3D11RHI:      Driver Date: 4-9-2019
[2019.12.10-23.19.21:887][  0]LogRHI: Texture pool is 2813 MB (70% of 4019 MB)
[2019.12.10-23.19.22:001][  0]LogD3D11RHI: Async texture creation enabled
[2019.12.10-23.19.22:291][  0]LogRendererCore: FGlobalReadBuffer::InitRHI
[2019.12.10-23.19.22:357][  0]LogRendererCore: FGlobalReadBuffer::InitRHI
[2019.12.10-23.19.22:357][  0]LogRendererCore: FGlobalReadBuffer::InitRHI
[2019.12.10-23.19.22:404][  0]LogD3D11RHI: GPU Timing Frequency: 1000.000000 (Debug: 2 1)
[2019.12.10-23.19.23:583][  0]LogTemp: Display: Module 'AllDesktopTargetPlatform' loaded TargetPlatform 'AllDesktop'
[2019.12.10-23.19.23:649][  0]LogTemp: Display: Module 'MacClientTargetPlatform' loaded TargetPlatform 'MacClient'
[2019.12.10-23.19.23:727][  0]LogTemp: Display: Module 'MacNoEditorTargetPlatform' loaded TargetPlatform 'MacNoEditor'
[2019.12.10-23.19.23:763][  0]LogTemp: Display: Module 'MacServerTargetPlatform' loaded TargetPlatform 'MacServer'
[2019.12.10-23.19.23:852][  0]LogTemp: Display: Module 'MacTargetPlatform' loaded TargetPlatform 'Mac'
[2019.12.10-23.19.23:956][  0]LogTemp: Display: Module 'WindowsClientTargetPlatform' loaded TargetPlatform 'WindowsClient'
[2019.12.10-23.19.24:021][  0]LogTemp: Display: Module 'WindowsNoEditorTargetPlatform' loaded TargetPlatform 'WindowsNoEditor'
[2019.12.10-23.19.24:067][  0]LogTemp: Display: Module 'WindowsServerTargetPlatform' loaded TargetPlatform 'WindowsServer'
[2019.12.10-23.19.24:118][  0]LogTemp: Display: Module 'WindowsTargetPlatform' loaded TargetPlatform 'Windows'
[2019.12.10-23.19.24:337][  0]LogTemp: Display: Module 'AndroidTargetPlatform' loaded TargetPlatform 'Android'
[2019.12.10-23.19.24:337][  0]LogTemp: Display: Module 'AndroidTargetPlatform' loaded TargetPlatform 'Android_ASTC'
[2019.12.10-23.19.24:337][  0]LogTemp: Display: Module 'AndroidTargetPlatform' loaded TargetPlatform 'Android_ATC'
[2019.12.10-23.19.24:337][  0]LogTemp: Display: Module 'AndroidTargetPlatform' loaded TargetPlatform 'Android_DXT'
[2019.12.10-23.19.24:337][  0]LogTemp: Display: Module 'AndroidTargetPlatform' loaded TargetPlatform 'Android_ETC1'
[2019.12.10-23.19.24:337][  0]LogTemp: Display: Module 'AndroidTargetPlatform' loaded TargetPlatform 'Android_ETC1a'
[2019.12.10-23.19.24:337][  0]LogTemp: Display: Module 'AndroidTargetPlatform' loaded TargetPlatform 'Android_ETC2'
[2019.12.10-23.19.24:338][  0]LogTemp: Display: Module 'AndroidTargetPlatform' loaded TargetPlatform 'Android_PVRTC'
[2019.12.10-23.19.24:338][  0]LogTemp: Display: Module 'AndroidTargetPlatform' loaded TargetPlatform 'AndroidClient'
[2019.12.10-23.19.24:338][  0]LogTemp: Display: Module 'AndroidTargetPlatform' loaded TargetPlatform 'Android_ASTCClient'
[2019.12.10-23.19.24:338][  0]LogTemp: Display: Module 'AndroidTargetPlatform' loaded TargetPlatform 'Android_ATCClient'
[2019.12.10-23.19.24:338][  0]LogTemp: Display: Module 'AndroidTargetPlatform' loaded TargetPlatform 'Android_DXTClient'
[2019.12.10-23.19.24:338][  0]LogTemp: Display: Module 'AndroidTargetPlatform' loaded TargetPlatform 'Android_ETC1Client'
[2019.12.10-23.19.24:338][  0]LogTemp: Display: Module 'AndroidTargetPlatform' loaded TargetPlatform 'Android_ETC1aClient'
[2019.12.10-23.19.24:338][  0]LogTemp: Display: Module 'AndroidTargetPlatform' loaded TargetPlatform 'Android_ETC2Client'
[2019.12.10-23.19.24:338][  0]LogTemp: Display: Module 'AndroidTargetPlatform' loaded TargetPlatform 'Android_PVRTCClient'
[2019.12.10-23.19.24:338][  0]LogTemp: Display: Module 'AndroidTargetPlatform' loaded TargetPlatform 'Android_Multi'
[2019.12.10-23.19.24:338][  0]LogTemp: Display: Module 'AndroidTargetPlatform' loaded TargetPlatform 'Android_MultiClient'
[2019.12.10-23.19.24:370][  0]LogTemp: Display: Module 'HTML5TargetPlatform' loaded TargetPlatform 'HTML5'
[2019.12.10-23.19.24:622][  0]LogTemp: Display: Module 'IOSTargetPlatform' loaded TargetPlatform 'IOSClient'
[2019.12.10-23.19.24:622][  0]LogTemp: Display: Module 'IOSTargetPlatform' loaded TargetPlatform 'IOS'
[2019.12.10-23.19.24:697][  0]LogTemp: Display: Module 'TVOSTargetPlatform' loaded TargetPlatform 'TVOSClient'
[2019.12.10-23.19.24:697][  0]LogTemp: Display: Module 'TVOSTargetPlatform' loaded TargetPlatform 'TVOS'
[2019.12.10-23.19.24:778][  0]LogTemp: Display: Module 'LinuxClientTargetPlatform' loaded TargetPlatform 'LinuxClient'
[2019.12.10-23.19.24:827][  0]LogTemp: Display: Module 'LinuxNoEditorTargetPlatform' loaded TargetPlatform 'LinuxNoEditor'
[2019.12.10-23.19.24:880][  0]LogTemp: Display: Module 'LinuxServerTargetPlatform' loaded TargetPlatform 'LinuxServer'
[2019.12.10-23.19.24:975][  0]LogTemp: Display: Module 'LinuxTargetPlatform' loaded TargetPlatform 'Linux'
[2019.12.10-23.19.25:072][  0]LogTemp: Display: Module 'LuminTargetPlatform' loaded TargetPlatform 'Lumin'
[2019.12.10-23.19.25:072][  0]LogTemp: Display: Module 'LuminTargetPlatform' loaded TargetPlatform 'LuminClient'
[2019.12.10-23.19.25:072][  0]LogTargetPlatformManager: Display: Building Assets For Windows
[2019.12.10-23.19.25:474][  0]LogAudioDebug: Display: Lib vorbis DLL was dynamically loaded.
[2019.12.10-23.19.26:447][  0]LogShaderCompilers: Guid format shader working directory is -18 characters bigger than the processId version (../../../../../../gitkraken/GBG210-TeamA/Prototype 2/P2_Iteration1/Intermediate/Shaders/WorkingDirectory/4760/).
[2019.12.10-23.19.26:447][  0]LogShaderCompilers: Cleaned the shader compiler working directory 'C:/Users/Natasha/AppData/Local/Temp/UnrealShaderWorkingDir/EF88330349C47FC7894E3D954BA7041F/'.
[2019.12.10-23.19.26:478][  0]LogXGEController: Cannot use XGE Controller as Incredibuild is not installed on this machine.
[2019.12.10-23.19.26:478][  0]LogShaderCompilers: Cannot use XGE Shader Compiler as Incredibuild is not installed on this machine.
[2019.12.10-23.19.26:478][  0]LogShaderCompilers: Display: Using Local Shader Compiler.
[2019.12.10-23.19.31:378][  0]LogDerivedDataCache: Display: Max Cache Size: 512 MB
[2019.12.10-23.19.31:732][  0]LogDerivedDataCache: Loaded boot cache 0.35s 71MB C:/Users/Natasha/AppData/Local/UnrealEngine/4.22/DerivedDataCache/Boot.ddc.
[2019.12.10-23.19.31:733][  0]LogDerivedDataCache: Display: Loaded Boot cache: C:/Users/Natasha/AppData/Local/UnrealEngine/4.22/DerivedDataCache/Boot.ddc
[2019.12.10-23.19.31:733][  0]LogDerivedDataCache: FDerivedDataBackendGraph:  Pak pak cache file ../../../../../../gitkraken/GBG210-TeamA/Prototype 2/P2_Iteration1/DerivedDataCache/DDC.ddp not found, will not use a pak cache.
[2019.12.10-23.19.31:733][  0]LogDerivedDataCache: Unable to find inner node Pak for hierarchical cache Hierarchy.
[2019.12.10-23.19.31:733][  0]LogDerivedDataCache: FDerivedDataBackendGraph:  CompressedPak pak cache file ../../../../../../gitkraken/GBG210-TeamA/Prototype 2/P2_Iteration1/DerivedDataCache/Compressed.ddp not found, will not use a pak cache.
[2019.12.10-23.19.31:733][  0]LogDerivedDataCache: Unable to find inner node CompressedPak for hierarchical cache Hierarchy.
[2019.12.10-23.19.31:810][  0]LogDerivedDataCache: Display: Pak cache opened for reading ../../../Engine/DerivedDataCache/Compressed.ddp.
[2019.12.10-23.19.31:810][  0]LogDerivedDataCache: FDerivedDataBackendGraph:  EnterprisePak pak cache file ../../../Enterprise/DerivedDataCache/Compressed.ddp not found, will not use a pak cache.
[2019.12.10-23.19.31:810][  0]LogDerivedDataCache: Unable to find inner node EnterprisePak for hierarchical cache Hierarchy.
[2019.12.10-23.19.31:824][  0]LogDerivedDataCache: Using Local data cache path C:/Users/Natasha/AppData/Local/UnrealEngine/Common/DerivedDataCache: Writable
[2019.12.10-23.19.31:824][  0]LogDerivedDataCache: Shared data cache path not found in *engine.ini, will not use an Shared cache.
[2019.12.10-23.19.31:824][  0]LogDerivedDataCache: Unable to find inner node Shared for hierarchical cache Hierarchy.
[2019.12.10-23.19.31:910][  0]LogMaterial: Verifying Global Shaders for PCD3D_SM5
[2019.12.10-23.19.32:006][  0]LogSlate: Using FreeType 2.6.0
[2019.12.10-23.19.32:114][  0]LogSlate: SlateFontServices - WITH_FREETYPE: 1, WITH_HARFBUZZ: 1
[2019.12.10-23.19.33:312][  0]LogAssetRegistry: FAssetRegistry took 0.0676 seconds to start up
[2019.12.10-23.19.36:404][  0]LogAssetRegistry: Error: Failed to open file for write ../../../../../../gitkraken/GBG210-TeamA/Prototype 2/P2_Iteration1/Intermediate/CachedAssetRegistry.bin
[2019.12.10-23.19.36:404][  0]LogInit: Selected Device Profile: [Windows]
[2019.12.10-23.19.38:189][  0]LogMeshReduction: Using QuadricMeshReduction for automatic static mesh reduction
[2019.12.10-23.19.38:189][  0]LogMeshReduction: Using SimplygonMeshReduction for automatic skeletal mesh reduction
[2019.12.10-23.19.38:189][  0]LogMeshReduction: Using ProxyLODMeshReduction for automatic mesh merging
[2019.12.10-23.19.38:189][  0]LogMeshReduction: No distributed automatic mesh merging module available
[2019.12.10-23.19.38:189][  0]LogMeshMerging: No distributed automatic mesh merging module available
[2019.12.10-23.19.38:613][  0]LogNetVersion: P2_Iteration1 1.0.0, NetCL: 5660361, EngineNetVer: 10, GameNetVer: 0 (Checksum: 1179186539)
[2019.12.10-23.19.41:062][  0]LogConfig: Warning: Failed to saved backup for config[../../../../../../gitkraken/GBG210-TeamA/Prototype 2/P2_Iteration1/Intermediate/Config/CoalescedSourceConfigs/GameplayTagsList.ini]
[2019.12.10-23.19.43:603][  0]LogAssetRegistry: Error: Failed to open file for write ../../../../../../gitkraken/GBG210-TeamA/Prototype 2/P2_Iteration1/Intermediate/AssetRegistryCache/866581fd.bin
[2019.12.10-23.19.43:674][  0]LogAssetRegistry: Error: Failed to open file for write ../../../../../../gitkraken/GBG210-TeamA/Prototype 2/P2_Iteration1/Intermediate/AssetRegistryCache/c9e91a3f.bin
[2019.12.10-23.19.43:686][  0]LogAssetRegistry: Error: Failed to open file for write ../../../../../../gitkraken/GBG210-TeamA/Prototype 2/P2_Iteration1/Intermediate/AssetRegistryCache/8e9331e2.bin
[2019.12.10-23.19.43:696][  0]LogAssetRegistry: Error: Failed to open file for write ../../../../../../gitkraken/GBG210-TeamA/Prototype 2/P2_Iteration1/Intermediate/AssetRegistryCache/f0d5030c.bin
[2019.12.10-23.19.43:705][  0]LogPackageLocalizationCache: Processed 10 localized package path(s) for 1 prioritized culture(s) in 0.167016 seconds
[2019.12.10-23.19.43:747][  0]LogUObjectArray: 42205 objects as part of root set at end of initial load.
[2019.12.10-23.19.43:747][  0]LogUObjectAllocator: 7325032 out of 0 bytes used by permanent object pool.
[2019.12.10-23.19.43:747][  0]LogUObjectArray: CloseDisregardForGC: 0/0 objects in disregard for GC pool
[2019.12.10-23.19.58:821][  0]LogTcpMessaging: Initializing TcpMessaging bridge
[2019.12.10-23.19.58:919][  0]LogUdpMessaging: Initializing bridge on interface 0.0.0.0:0 to multicast group 230.0.0.1:6666.
[2019.12.10-23.20.00:131][  0]SourceControl: Source control is disabled
[2019.12.10-23.20.00:131][  0]SourceControl: Source control is disabled
[2019.12.10-23.20.00:426][  0]SourceControl: Source control is disabled
[2019.12.10-23.20.00:542][  0]SourceControl: Source control is disabled
[2019.12.10-23.20.02:600][  0]LogAndroidPermission: UAndroidPermissionCallbackProxy::GetInstance
[2019.12.10-23.20.03:742][  0]LogOcInput: OculusInput pre-init called
[2019.12.10-23.20.06:127][  0]LogEngine: Initializing Engine...
[2019.12.10-23.20.06:238][  0]LogHMD: Failed to initialize OpenVR with code 110
[2019.12.10-23.20.06:240][  0]LogStats: UGameplayTagsManager::InitializeManager -  0.001 s
[2019.12.10-23.20.07:580][  0]LogInit: Initializing FReadOnlyCVARCache
[2019.12.10-23.20.08:166][  0]LogAIModule: Creating AISystem for world Untitled
[2019.12.10-23.20.08:342][  0]LogInit: XAudio2 using 'Speakers (Realtek(R) Audio)' : 2 channels at 48 kHz using 32 bits per sample (channel mask 0x3)
[2019.12.10-23.20.08:425][  0]LogInit: FAudioDevice initialized.
[2019.12.10-23.20.08:425][  0]LogNetVersion: Set ProjectVersion to 1.0.0.0. Version Checksum will be recalculated on next use.
[2019.12.10-23.20.08:426][  0]LogDerivedDataCache: Error: Could not save memory cache C:/Users/Natasha/AppData/Local/UnrealEngine/4.22/DerivedDataCache/Boot.ddc.
[2019.12.10-23.20.08:433][  0]LogInit: Texture streaming: Enabled
[2019.12.10-23.20.08:755][  0]LogEngineSessionManager: EngineSessionManager initialized
[2019.12.10-23.20.09:917][  0]LogInit: Transaction tracking system initialized
[2019.12.10-23.20.11:663][  0]BlueprintLog: New page: Editor Load
[2019.12.10-23.20.15:407][  0]LocalizationService: Localization service is disabled
[2019.12.10-23.20.20:759][  0]LogFileCache: Scanning file cache for directory 'D:/gitkraken/GBG210-TeamA/Prototype 2/P2_Iteration1/Content/' took 0.06s
[2019.12.10-23.20.20:759][  0]LogCook: Display: Max memory allowance for cook 16384mb min free memory 0mb
[2019.12.10-23.20.20:760][  0]LogCook: Display: Mobile HDR setting 1
[2019.12.10-23.20.29:843][  0]SourceControl: Source control is disabled
[2019.12.10-23.20.30:061][  0]Cmd: MAP LOAD FILE="../../../../../../gitkraken/GBG210-TeamA/Prototype 2/P2_Iteration1/Content/SideScrollerBP/Maps/SideScrollerExampleMap.umap" TEMPLATE=0 SHOWPROGRESS=1 FEATURELEVEL=3
[2019.12.10-23.20.30:187][  0]LightingResults: New page: Lighting Build
[2019.12.10-23.20.30:887][  0]MapCheck: New page: Map Check
[2019.12.10-23.20.30:887][  0]LightingResults: New page: Lighting Build
[2019.12.10-23.20.32:168][  0]LogUObjectHash: Compacting FUObjectHashTables data took  15.11ms
[2019.12.10-23.20.41:391][  0]LogAIModule: Creating AISystem for world SideScrollerExampleMap
[2019.12.10-23.20.42:457][  0]LogEditorServer: Finished looking for orphan Actors (0.000 secs)
[2019.12.10-23.20.42:709][  0]LogUObjectHash: Compacting FUObjectHashTables data took   4.71ms
[2019.12.10-23.20.42:710][  0]Cmd: MAP CHECKDEP NOCLEARLOG
[2019.12.10-23.20.42:725][  0]MapCheck: Map check complete: 0 Error(s), 0 Warning(s), took 0.082ms to complete.
[2019.12.10-23.20.42:765][  0]LogFileHelpers: Loading map 'SideScrollerExampleMap' took 12.773
[2019.12.10-23.20.46:662][  0]LogSlate: Updating window title bar state: overlay mode, drag disabled, window buttons hidden, title bar hidden
[2019.12.10-23.20.47:063][  0]LogCollectionManager: Loaded 0 collections in 0.002255 seconds
[2019.12.10-23.20.47:671][  0]LogFileCache: Scanning file cache for directory 'D:/gitkraken/GBG210-TeamA/Prototype 2/P2_Iteration1/Saved/Collections/' took 0.01s
[2019.12.10-23.20.47:671][  0]LogFileCache: Scanning file cache for directory 'D:/gitkraken/GBG210-TeamA/Prototype 2/P2_Iteration1/Content/Developers/Natasha/Collections/' took 0.01s
[2019.12.10-23.20.47:671][  0]LogFileCache: Scanning file cache for directory 'D:/gitkraken/GBG210-TeamA/Prototype 2/P2_Iteration1/Content/Collections/' took 0.00s
[2019.12.10-23.20.47:671][  0]LogCollectionManager: Rebuilt the GUID cache for 0 collections in 0.000000 seconds
[2019.12.10-23.20.47:746][  0]LogContentBrowser: Native class hierarchy populated in 0.0731 seconds. Added 2732 classes and 659 folders.
[2019.12.10-23.20.48:143][  0]LogContentBrowser: Native class hierarchy updated for 'WidgetCarousel' in 0.0002 seconds. Added 0 classes and 0 folders.
[2019.12.10-23.20.48:389][  0]LogPakFile: Registered encryption key '00000000000000000000000000000000': 0 pak files mounted, 0 remain pending
[2019.12.10-23.20.48:592][  0]LogPakFile: Registered encryption key '00000000000000000000000000000000': 0 pak files mounted, 0 remain pending
[2019.12.10-23.20.48:634][  0]LogPakFile: Registered encryption key '00000000000000000000000000000000': 0 pak files mounted, 0 remain pending
[2019.12.10-23.20.48:701][  0]LogPakFile: Registered encryption key '00000000000000000000000000000000': 0 pak files mounted, 0 remain pending
[2019.12.10-23.20.48:810][  0]LogPakFile: Registered encryption key '00000000000000000000000000000000': 0 pak files mounted, 0 remain pending
[2019.12.10-23.20.48:856][  0]LogPakFile: Registered encryption key '00000000000000000000000000000000': 0 pak files mounted, 0 remain pending
[2019.12.10-23.20.48:866][  0]LogPakFile: Registered encryption key '00000000000000000000000000000000': 0 pak files mounted, 0 remain pending
[2019.12.10-23.20.48:884][  0]LogPakFile: Registered encryption key '00000000000000000000000000000000': 0 pak files mounted, 0 remain pending
[2019.12.10-23.20.48:915][  0]LogPakFile: Registered encryption key '00000000000000000000000000000000': 0 pak files mounted, 0 remain pending
[2019.12.10-23.20.48:996][  0]LogPakFile: Registered encryption key '00000000000000000000000000000000': 0 pak files mounted, 0 remain pending
[2019.12.10-23.20.49:004][  0]LogPakFile: Registered encryption key '00000000000000000000000000000000': 0 pak files mounted, 0 remain pending
[2019.12.10-23.20.49:018][  0]LogPakFile: Registered encryption key '00000000000000000000000000000000': 0 pak files mounted, 0 remain pending
[2019.12.10-23.20.49:116][  0]LogPakFile: Registered encryption key '00000000000000000000000000000000': 0 pak files mounted, 0 remain pending
[2019.12.10-23.20.49:150][  0]LogPakFile: Registered encryption key '00000000000000000000000000000000': 0 pak files mounted, 0 remain pending
[2019.12.10-23.20.49:159][  0]LogPakFile: Registered encryption key '00000000000000000000000000000000': 0 pak files mounted, 0 remain pending
[2019.12.10-23.20.49:175][  0]LogPakFile: Registered encryption key '00000000000000000000000000000000': 0 pak files mounted, 0 remain pending
[2019.12.10-23.20.49:205][  0]LogPakFile: Registered encryption key '00000000000000000000000000000000': 0 pak files mounted, 0 remain pending
[2019.12.10-23.20.49:212][  0]LogPakFile: Registered encryption key '00000000000000000000000000000000': 0 pak files mounted, 0 remain pending
[2019.12.10-23.20.49:258][  0]LogPakFile: Registered encryption key '00000000000000000000000000000000': 0 pak files mounted, 0 remain pending
[2019.12.10-23.20.49:270][  0]LogPakFile: Registered encryption key '00000000000000000000000000000000': 0 pak files mounted, 0 remain pending
[2019.12.10-23.20.49:279][  0]LogPakFile: Registered encryption key '00000000000000000000000000000000': 0 pak files mounted, 0 remain pending
[2019.12.10-23.20.49:326][  0]LogPakFile: Registered encryption key '00000000000000000000000000000000': 0 pak files mounted, 0 remain pending
[2019.12.10-23.20.49:376][  0]LogPakFile: Registered encryption key '00000000000000000000000000000000': 0 pak files mounted, 0 remain pending
[2019.12.10-23.20.49:423][  0]LogPakFile: Registered encryption key '00000000000000000000000000000000': 0 pak files mounted, 0 remain pending
[2019.12.10-23.20.49:524][  0]LogPakFile: Registered encryption key '00000000000000000000000000000000': 0 pak files mounted, 0 remain pending
[2019.12.10-23.20.49:564][  0]LogPakFile: Registered encryption key '00000000000000000000000000000000': 0 pak files mounted, 0 remain pending
[2019.12.10-23.20.50:497][  0]LogContentBrowser: Native class hierarchy updated for 'AddContentDialog' in 0.0002 seconds. Added 0 classes and 0 folders.
[2019.12.10-23.20.50:564][  0]LogContentBrowser: Native class hierarchy updated for 'SceneOutliner' in 0.0003 seconds. Added 1 classes and 2 folders.
[2019.12.10-23.20.51:883][  0]LogSlate: Took 0.085423 seconds to synchronously load lazily loaded font '../../../Engine/Content/Slate/Fonts/Roboto-Regular.ttf' (155K)
[2019.12.10-23.20.51:924][  0]LogSlate: Took 0.022743 seconds to synchronously load lazily loaded font '../../../Engine/Content/Slate/Fonts/Roboto-Bold.ttf' (160K)
[2019.12.10-23.20.52:132][  0]LogSlate: Took 0.046216 seconds to synchronously load lazily loaded font '../../../Engine/Content/Editor/Slate/Fonts/FontAwesome.ttf' (139K)
[2019.12.10-23.20.53:325][  0]LogRenderer: Reallocating scene render targets to support 1356x448 Format 10 NumSamples 1 (Frame:1).
[2019.12.10-23.20.55:423][  0]LogContentBrowser: Native class hierarchy updated for 'HierarchicalLODOutliner' in 0.0003 seconds. Added 0 classes and 0 folders.
[2019.12.10-23.20.55:423][  0]LogLoad: (Engine Initialization) Total time: 103.71 seconds
[2019.12.10-23.20.55:423][  0]LogLoad: (Engine Initialization) Total Blueprint compile time: 0.00 seconds
[2019.12.10-23.20.56:928][  0]LogContentStreaming: Texture pool size now 1000 MB
[2019.12.10-23.20.57:472][  0]LogSlate: Took 0.022122 seconds to synchronously load lazily loaded font '../../../Engine/Content/Slate/Fonts/Roboto-Light.ttf' (167K)
[2019.12.10-23.20.58:443][  2]LogAssetRegistry: Asset discovery search completed in 85.1540 seconds
[2019.12.10-23.20.58:562][  2]LogCollectionManager: Rebuilt the object cache for 0 collections in 0.000000 seconds (found 0 objects)
[2019.12.10-23.20.58:562][  2]LogCollectionManager: Fixed up redirectors for 0 collections in 0.059844 seconds (updated 0 objects)
[2019.12.10-23.21.50:243][158]LogUObjectHash: Compacting FUObjectHashTables data took   0.78ms
[2019.12.10-23.21.50:553][158]LogSlate: Window 'P2_Iteration1 - Unreal Editor' being destroyed
[2019.12.10-23.21.50:585][158]LogWindowsTextInputMethodSystem: Display: IME system now deactivated.
[2019.12.10-23.21.51:373][159]Cmd: QUIT_EDITOR
[2019.12.10-23.21.51:950][159]LogExit: Preparing to exit.
[2019.12.10-23.21.53:664][159]LogExit: Editor shut down
[2019.12.10-23.21.53:665][159]LogExit: Transaction tracking system shut down
[2019.12.10-23.21.55:561][159]LogExit: Object subsystem successfully closed.
[2019.12.10-23.21.55:750][159]LogShaderCompilers: Display: Shaders left to compile 0
[2019.12.10-23.21.55:799][159]LogD3D11RHI: Shutdown
[2019.12.10-23.21.55:799][159]LogD3D11RHI: CleanupD3DDevice
[2019.12.10-23.21.55:811][159]LogRendererCore: FGlobalReadBuffer::ReleaseRHI
[2019.12.10-23.21.55:812][159]LogRendererCore: FGlobalDynamicReadBuffer::Cleanup()
[2019.12.10-23.21.55:829][159]LogRendererCore: FGlobalReadBuffer::ReleaseRHI
[2019.12.10-23.21.55:829][159]LogRendererCore: FGlobalDynamicReadBuffer::Cleanup()
[2019.12.10-23.21.55:829][159]LogRendererCore: FGlobalReadBuffer::ReleaseRHI
[2019.12.10-23.21.55:829][159]LogRendererCore: FGlobalDynamicReadBuffer::Cleanup()
[2019.12.10-23.21.55:979][159]LogD3D11RHI: ~FD3D11DynamicRHI
[2019.12.10-23.21.57:661][159]LogModuleManager: Shutting down and abandoning module HierarchicalLODOutliner (642)
[2019.12.10-23.21.57:661][159]LogModuleManager: Shutting down and abandoning module SceneOutliner (640)
[2019.12.10-23.21.57:662][159]LogModuleManager: Shutting down and abandoning module AddContentDialog (638)
[2019.12.10-23.21.57:694][159]LogModuleManager: Shutting down and abandoning module WidgetCarousel (637)
[2019.12.10-23.21.57:695][159]LogModuleManager: Shutting down and abandoning module EditorWidgets (634)
[2019.12.10-23.21.57:695][159]LogModuleManager: Shutting down and abandoning module CollectionManager (632)
[2019.12.10-23.21.57:705][159]LogModuleManager: Shutting down and abandoning module StatsViewer (630)
[2019.12.10-23.21.57:725][159]LogModuleManager: Shutting down and abandoning module FoliageEdit (628)
[2019.12.10-23.21.57:754][159]LogModuleManager: Shutting down and abandoning module LandscapeEditor (626)
[2019.12.10-23.21.57:769][159]LogModuleManager: Shutting down and abandoning module MeshPaintMode (624)
[2019.12.10-23.21.57:769][159]LogModuleManager: Shutting down and abandoning module SceneDepthPickerMode (622)
[2019.12.10-23.21.57:769][159]LogModuleManager: Shutting down and abandoning module ActorPickerMode (620)
[2019.12.10-23.21.57:769][159]LogModuleManager: Shutting down and abandoning module GeometryMode (618)
[2019.12.10-23.21.57:769][159]LogModuleManager: Shutting down and abandoning module TextureAlignMode (616)
[2019.12.10-23.21.57:769][159]LogModuleManager: Shutting down and abandoning module BspMode (614)
[2019.12.10-23.21.57:769][159]LogModuleManager: Shutting down and abandoning module PIEPreviewDeviceProfileSelector (612)
[2019.12.10-23.21.57:771][159]LogModuleManager: Shutting down and abandoning module SequenceRecorderSections (610)
[2019.12.10-23.21.57:795][159]LogModuleManager: Shutting down and abandoning module AutomationWorker (608)
[2019.12.10-23.21.57:805][159]LogModuleManager: Shutting down and abandoning module OculusMR (606)
[2019.12.10-23.21.57:805][159]LogModuleManager: Shutting down and abandoning module AudioCaptureEditor (604)
[2019.12.10-23.21.57:813][159]LogModuleManager: Shutting down and abandoning module MatineeToLevelSequence (602)
[2019.12.10-23.21.57:827][159]LogModuleManager: Shutting down and abandoning module LevelSequenceEditor (600)
[2019.12.10-23.21.57:859][159]LogModuleManager: Shutting down and abandoning module PlacementMode (599)
[2019.12.10-23.21.57:859][159]LogModuleManager: Shutting down and abandoning module MaterialEditor (598)
[2019.12.10-23.21.57:876][159]LogModuleManager: Shutting down and abandoning module ActorSequenceEditor (594)
[2019.12.10-23.21.57:876][159]LogModuleManager: Shutting down and abandoning module WmfMediaFactory (592)
[2019.12.10-23.21.57:876][159]LogModuleManager: Shutting down and abandoning module WmfMediaEditor (590)
[2019.12.10-23.21.57:876][159]LogModuleManager: Shutting down and abandoning module WebMMediaFactory (588)
[2019.12.10-23.21.57:876][159]LogModuleManager: Shutting down and abandoning module WebMMediaEditor (586)
[2019.12.10-23.21.57:876][159]LogModuleManager: Shutting down and abandoning module WebMMedia (584)
[2019.12.10-23.21.57:877][159]LogModuleManager: Shutting down and abandoning module MediaPlayerEditor (582)
[2019.12.10-23.21.57:886][159]LogModuleManager: Shutting down and abandoning module MediaCompositingEditor (580)
[2019.12.10-23.21.57:907][159]LogModuleManager: Shutting down and abandoning module SequenceRecorder (579)
[2019.12.10-23.21.57:907][159]LogModuleManager: Shutting down and abandoning module OpenExrWrapper (576)
[2019.12.10-23.21.57:907][159]LogModuleManager: Shutting down and abandoning module ImgMediaFactory (574)
[2019.12.10-23.21.57:907][159]LogModuleManager: Shutting down and abandoning module ImgMediaEditor (572)
[2019.12.10-23.21.57:907][159]LogModuleManager: Shutting down and abandoning module AvfMediaFactory (570)
[2019.12.10-23.21.57:907][159]LogModuleManager: Shutting down and abandoning module AvfMediaEditor (568)
[2019.12.10-23.21.57:907][159]LogModuleManager: Shutting down and abandoning module AndroidMediaFactory (566)
[2019.12.10-23.21.57:907][159]LogModuleManager: Shutting down and abandoning module AndroidMediaEditor (564)
[2019.12.10-23.21.57:907][159]LogModuleManager: Shutting down and abandoning module MagicLeapCameraPreviewFactory (562)
[2019.12.10-23.21.57:907][159]LogModuleManager: Shutting down and abandoning module MagicLeapMediaCodecFactory (560)
[2019.12.10-23.21.57:907][159]LogModuleManager: Shutting down and abandoning module MagicLeapMediaFactory (558)
[2019.12.10-23.21.57:907][159]LogModuleManager: Shutting down and abandoning module MagicLeapMediaEditor (556)
[2019.12.10-23.21.57:908][159]LogModuleManager: Shutting down and abandoning module CharacterAI (554)
[2019.12.10-23.21.57:908][159]LogModuleManager: Shutting down and abandoning module SmartSnapping (552)
[2019.12.10-23.21.57:908][159]LogModuleManager: Shutting down and abandoning module SessionServices (550)
[2019.12.10-23.21.57:908][159]LogModuleManager: Shutting down and abandoning module MeshPaint (548)
[2019.12.10-23.21.57:927][159]LogModuleManager: Shutting down and abandoning module ViewportSnapping (546)
[2019.12.10-23.21.57:927][159]LogModuleManager: Shutting down and abandoning module ViewportInteraction (544)
[2019.12.10-23.21.57:927][159]LogModuleManager: Shutting down and abandoning module ClothPainter (542)
[2019.12.10-23.21.57:951][159]LogModuleManager: Shutting down and abandoning module SkeletalMeshEditor (541)
[2019.12.10-23.21.58:023][159]LogModuleManager: Shutting down and abandoning module LogVisualizer (538)
[2019.12.10-23.21.58:040][159]LogModuleManager: Shutting down and abandoning module IntroTutorials (536)
[2019.12.10-23.21.58:082][159]LogModuleManager: Shutting down and abandoning module GameProjectGeneration (535)
[2019.12.10-23.21.58:105][159]LogModuleManager: Shutting down and abandoning module LuminPlatformEditor (532)
[2019.12.10-23.21.58:105][159]LogModuleManager: Shutting down and abandoning module IOSPlatformEditor (530)
[2019.12.10-23.21.58:105][159]LogModuleManager: Shutting down and abandoning module HTML5PlatformEditor (528)
[2019.12.10-23.21.58:105][159]LogModuleManager: Shutting down and abandoning module AndroidPlatformEditor (526)
[2019.12.10-23.21.58:106][159]LogModuleManager: Shutting down and abandoning module AndroidDeviceDetection (525)
[2019.12.10-23.21.58:575][159]LogModuleManager: Shutting down and abandoning module WindowsPlatformEditor (522)
[2019.12.10-23.21.58:575][159]LogModuleManager: Shutting down and abandoning module LuminRuntimeSettings (520)
[2019.12.10-23.21.58:575][159]LogModuleManager: Shutting down and abandoning module IOSRuntimeSettings (518)
[2019.12.10-23.21.58:575][159]LogModuleManager: Shutting down and abandoning module AndroidRuntimeSettings (516)
[2019.12.10-23.21.58:575][159]LogModuleManager: Shutting down and abandoning module TimeManagementEditor (514)
[2019.12.10-23.21.58:575][159]LogModuleManager: Shutting down and abandoning module InputBindingEditor (512)
[2019.12.10-23.21.58:575][159]LogModuleManager: Shutting down and abandoning module MergeActors (510)
[2019.12.10-23.21.58:587][159]LogModuleManager: Shutting down and abandoning module LocalizationDashboard (508)
[2019.12.10-23.21.58:602][159]LogModuleManager: Shutting down and abandoning module LocalizationService (507)
[2019.12.10-23.21.58:615][159]LogModuleManager: Shutting down and abandoning module HardwareTargeting (504)
[2019.12.10-23.21.58:615][159]LogModuleManager: Shutting down and abandoning module DeviceProfileEditor (502)
[2019.12.10-23.21.58:634][159]LogModuleManager: Shutting down and abandoning module UndoHistory (500)
[2019.12.10-23.21.58:634][159]LogModuleManager: Shutting down and abandoning module XmlParser (498)
[2019.12.10-23.21.58:635][159]LogModuleManager: Shutting down and abandoning module Blutility (496)
[2019.12.10-23.21.58:646][159]LogModuleManager: Shutting down and abandoning module ProjectSettingsViewer (494)
[2019.12.10-23.21.58:646][159]LogModuleManager: Shutting down and abandoning module ProjectTargetPlatformEditor (493)
[2019.12.10-23.21.58:646][159]LogModuleManager: Shutting down and abandoning module EditorSettingsViewer (490)
[2019.12.10-23.21.58:646][159]LogModuleManager: Shutting down and abandoning module SettingsEditor (488)
[2019.12.10-23.21.58:646][159]LogModuleManager: Shutting down and abandoning module ProjectLauncher (486)
[2019.12.10-23.21.58:655][159]LogModuleManager: Shutting down and abandoning module SessionFrontend (484)
[2019.12.10-23.21.58:667][159]LogModuleManager: Shutting down and abandoning module ProfilerClient (482)
[2019.12.10-23.21.58:668][159]LogModuleManager: Shutting down and abandoning module DeviceManager (480)
[2019.12.10-23.21.58:682][159]LogModuleManager: Shutting down and abandoning module TargetDeviceServices (479)
[2019.12.10-23.21.58:746][159]LogModuleManager: Shutting down and abandoning module AutomationController (476)
[2019.12.10-23.21.58:802][159]LogModuleManager: Shutting down and abandoning module AutomationWindow (474)
[2019.12.10-23.21.58:816][159]LogModuleManager: Shutting down and abandoning module Layers (472)
[2019.12.10-23.21.58:842][159]LogModuleManager: Shutting down and abandoning module ComponentVisualizers (470)
[2019.12.10-23.21.58:842][159]LogModuleManager: Shutting down and abandoning module DetailCustomizations (468)
[2019.12.10-23.21.58:869][159]LogModuleManager: Shutting down and abandoning module PackagesDialog (466)
[2019.12.10-23.21.58:890][159]LogModuleManager: Shutting down and abandoning module AnimationBlueprintEditor (464)
[2019.12.10-23.21.58:933][159]LogModuleManager: Shutting down and abandoning module Persona (462)
[2019.12.10-23.21.58:962][159]LogModuleManager: Shutting down and abandoning module AdvancedPreviewScene (461)
[2019.12.10-23.21.58:962][159]LogModuleManager: Shutting down and abandoning module AnimGraph (459)
[2019.12.10-23.21.58:962][159]LogModuleManager: Shutting down and abandoning module Kismet (456)
[2019.12.10-23.21.59:040][159]LogModuleManager: Shutting down and abandoning module GraphEditor (454)
[2019.12.10-23.21.59:070][159]LogModuleManager: Shutting down and abandoning module ClassViewer (452)
[2019.12.10-23.21.59:070][159]LogModuleManager: Shutting down and abandoning module Toolbox (450)
[2019.12.10-23.21.59:070][159]LogModuleManager: Shutting down and abandoning module ModuleUI (448)
[2019.12.10-23.21.59:083][159]LogModuleManager: Shutting down and abandoning module MovieSceneTools (446)
[2019.12.10-23.21.59:083][159]LogModuleManager: Shutting down and abandoning module OutputLog (444)
[2019.12.10-23.21.59:083][159]LogModuleManager: Shutting down and abandoning module GammaUI (442)
[2019.12.10-23.21.59:091][159]LogModuleManager: Shutting down and abandoning module Documentation (440)
[2019.12.10-23.21.59:091][159]LogModuleManager: Shutting down and abandoning module LiveCoding (438)
[2019.12.10-23.21.59:106][159]LogModuleManager: Shutting down and abandoning module LevelSequence (436)
[2019.12.10-23.21.59:106][159]LogModuleManager: Shutting down and abandoning module MovieSceneTracks (434)
[2019.12.10-23.21.59:106][159]LogModuleManager: Shutting down and abandoning module MovieScene (432)
[2019.12.10-23.21.59:110][159]LogModuleManager: Shutting down and abandoning module StreamingPauseRendering (430)
[2019.12.10-23.21.59:123][159]LogModuleManager: Shutting down and abandoning module LauncherPlatform (428)
[2019.12.10-23.21.59:123][159]LogModuleManager: Shutting down and abandoning module AnalyticsET (426)
[2019.12.10-23.21.59:123][159]LogModuleManager: Shutting down and abandoning module PortalServices (424)
[2019.12.10-23.21.59:123][159]LogModuleManager: Shutting down and abandoning module PortalRpc (422)
[2019.12.10-23.21.59:123][159]LogModuleManager: Shutting down and abandoning module MessagingRpc (420)
[2019.12.10-23.21.59:123][159]LogModuleManager: Shutting down and abandoning module AIModule (418)
[2019.12.10-23.21.59:123][159]LogModuleManager: Shutting down and abandoning module GameplayDebugger (417)
[2019.12.10-23.21.59:134][159]LogModuleManager: Shutting down and abandoning module AITestSuite (415)
[2019.12.10-23.21.59:150][159]LogModuleManager: Shutting down and abandoning module NavigationSystem (413)
[2019.12.10-23.21.59:150][159]LogModuleManager: Shutting down and abandoning module DesktopPlatform (410)
[2019.12.10-23.21.59:150][159]LogModuleManager: Shutting down and abandoning module ImageWriteQueue (408)
[2019.12.10-23.21.59:155][159]LogModuleManager: Shutting down and abandoning module ProfilerService (406)
[2019.12.10-23.21.59:285][159]LogModuleManager: Shutting down and abandoning module TaskGraph (404)
[2019.12.10-23.21.59:299][159]LogModuleManager: Shutting down and abandoning module SteamVRController (402)
[2019.12.10-23.21.59:299][159]LogModuleManager: Shutting down and abandoning module ProceduralMeshComponentEditor (400)
[2019.12.10-23.21.59:311][159]LogModuleManager: Shutting down and abandoning module ProceduralMeshComponent (398)
[2019.12.10-23.21.59:327][159]LogModuleManager: Shutting down and abandoning module OculusEditor (396)
[2019.12.10-23.21.59:344][159]LogModuleManager: Shutting down and abandoning module OculusInput (394)
[2019.12.10-23.21.59:344][159]LogModuleManager: Shutting down and abandoning module MobilePatchingUtils (392)
[2019.12.10-23.21.59:344][159]LogModuleManager: Shutting down and abandoning module EditableMesh (390)
[2019.12.10-23.21.59:359][159]LogModuleManager: Shutting down and abandoning module CustomMeshComponent (388)
[2019.12.10-23.21.59:359][159]LogModuleManager: Shutting down and abandoning module CableComponent (386)
[2019.12.10-23.21.59:376][159]LogModuleManager: Shutting down and abandoning module AudioCapture (384)
[2019.12.10-23.21.59:376][159]LogModuleManager: Shutting down and abandoning module ArchVisCharacter (382)
[2019.12.10-23.21.59:376][159]LogModuleManager: Shutting down and abandoning module AndroidPermission (380)
[2019.12.10-23.21.59:376][159]LogModuleManager: Shutting down and abandoning module NUTUnrealEngine4 (378)
[2019.12.10-23.21.59:382][159]LogModuleManager: Shutting down and abandoning module NetcodeUnitTest (376)
[2019.12.10-23.21.59:384][159]LogModuleManager: Shutting down and abandoning module MediaCompositing (374)
[2019.12.10-23.21.59:385][159]LogModuleManager: Shutting down and abandoning module LinearTimecode (372)
[2019.12.10-23.21.59:385][159]LogModuleManager: Shutting down and abandoning module ImgMedia (370)
[2019.12.10-23.21.59:385][159]LogModuleManager: Shutting down and abandoning module MagicLeapHelperVulkan (368)
[2019.12.10-23.21.59:385][159]LogModuleManager: Shutting down and abandoning module MagicLeapHelperOpenGL (366)
[2019.12.10-23.21.59:395][159]LogModuleManager: Shutting down and abandoning module MagicLeapAudio (364)
[2019.12.10-23.21.59:407][159]LogModuleManager: Shutting down and abandoning module HTML5Networking (362)
[2019.12.10-23.21.59:407][159]LogModuleManager: Shutting down and abandoning module GeometryCacheTracks (360)
[2019.12.10-23.21.59:407][159]LogModuleManager: Shutting down and abandoning module GeometryCacheSequencer (358)
[2019.12.10-23.21.59:407][159]LogModuleManager: Shutting down and abandoning module BackChannel (356)
[2019.12.10-23.21.59:427][159]LogModuleManager: Shutting down and abandoning module AppleVision (354)
[2019.12.10-23.21.59:427][159]LogModuleManager: Shutting down and abandoning module AppleImageUtilsBlueprintSupport (352)
[2019.12.10-23.21.59:427][159]LogModuleManager: Shutting down and abandoning module AppleImageUtils (350)
[2019.12.10-23.21.59:427][159]LogModuleManager: Shutting down and abandoning module AlembicImporter (348)
[2019.12.10-23.21.59:427][159]LogModuleManager: Shutting down and abandoning module AlembicLibrary (347)
[2019.12.10-23.21.59:427][159]LogModuleManager: Shutting down and abandoning module GeometryCache (346)
[2019.12.10-23.21.59:427][159]LogModuleManager: Shutting down and abandoning module GeometryCacheEd (345)
[2019.12.10-23.21.59:427][159]LogModuleManager: Shutting down and abandoning module VariantManagerContent (340)
[2019.12.10-23.21.59:427][159]LogModuleManager: Shutting down and abandoning module DatasmithContentEditor (338)
[2019.12.10-23.21.59:439][159]LogModuleManager: Shutting down and abandoning module SpeedTreeImporter (336)
[2019.12.10-23.21.59:439][159]LogModuleManager: Shutting down and abandoning module PluginBrowser (334)
[2019.12.10-23.21.59:452][159]LogModuleManager: Shutting down and abandoning module MobileLauncherProfileWizard (332)
[2019.12.10-23.21.59:459][159]LogModuleManager: Shutting down and abandoning module MaterialAnalyzer (330)
[2019.12.10-23.21.59:464][159]LogModuleManager: Shutting down and abandoning module CryptoKeysOpenSSL (328)
[2019.12.10-23.21.59:464][159]LogModuleManager: Shutting down and abandoning module CryptoKeys (326)
[2019.12.10-23.21.59:464][159]LogModuleManager: Shutting down and abandoning module VisualStudioSourceCodeAccess (324)
[2019.12.10-23.21.59:474][159]LogModuleManager: Shutting down and abandoning module VisualStudioCodeSourceCodeAccess (322)
[2019.12.10-23.21.59:474][159]LogModuleManager: Shutting down and abandoning module UObjectPlugin (320)
[2019.12.10-23.21.59:474][159]LogModuleManager: Shutting down and abandoning module SubversionSourceControl (318)
[2019.12.10-23.21.59:539][159]LogModuleManager: Shutting down and abandoning module PerforceSourceControl (316)
[2019.12.10-23.21.59:556][159]LogModuleManager: Shutting down and abandoning module GitSourceControl (314)
[2019.12.10-23.21.59:572][159]LogModuleManager: Shutting down and abandoning module SourceControl (313)
[2019.12.10-23.21.59:592][159]LogModuleManager: Shutting down and abandoning module CLionSourceCodeAccess (310)
[2019.12.10-23.21.59:592][159]LogModuleManager: Shutting down and abandoning module AnimationSharingEd (308)
[2019.12.10-23.21.59:592][159]LogModuleManager: Shutting down and abandoning module ActorLayerUtilitiesEditor (306)
[2019.12.10-23.21.59:592][159]LogModuleManager: Shutting down and abandoning module ActorLayerUtilities (304)
[2019.12.10-23.21.59:592][159]LogModuleManager: Shutting down and abandoning module LightPropagationVolumeEditor (302)
[2019.12.10-23.21.59:592][159]LogModuleManager: Shutting down and abandoning module PaperTiledImporter (300)
[2019.12.10-23.21.59:592][159]LogModuleManager: Shutting down and abandoning module PaperSpriteSheetImporter (298)
[2019.12.10-23.21.59:593][159]LogModuleManager: Shutting down and abandoning module Paper2DEditor (296)
[2019.12.10-23.21.59:628][159]LogModuleManager: Shutting down and abandoning module SignificanceManager (294)
[2019.12.10-23.21.59:628][159]LogModuleManager: Shutting down and abandoning module RuntimePhysXCooking (292)
[2019.12.10-23.21.59:628][159]LogModuleManager: Shutting down and abandoning module PhysXVehiclesEditor (290)
[2019.12.10-23.21.59:628][159]LogModuleManager: Shutting down and abandoning module PhysXVehicles (288)
[2019.12.10-23.21.59:628][159]LogModuleManager: Shutting down and abandoning module LocationServicesBPLibrary (286)
[2019.12.10-23.21.59:628][159]LogModuleManager: Shutting down and abandoning module ActorSequence (284)
[2019.12.10-23.21.59:628][159]LogModuleManager: Shutting down and abandoning module UdpMessaging (282)
[2019.12.10-23.21.59:729][159]LogModuleManager: Shutting down and abandoning module TcpMessaging (280)
[2019.12.10-23.21.59:885][159]LogModuleManager: Shutting down and abandoning module MagicLeapIdentity (278)
[2019.12.10-23.21.59:885][159]LogModuleManager: Shutting down and abandoning module MagicLeapSecureStorage (276)
[2019.12.10-23.21.59:885][159]LogModuleManager: Shutting down and abandoning module MagicLeapHandTracking (274)
[2019.12.10-23.21.59:900][159]LogModuleManager: Shutting down and abandoning module MagicLeapEyeTracker (272)
[2019.12.10-23.21.59:900][159]LogModuleManager: Shutting down and abandoning module MagicLeapController (270)
[2019.12.10-23.21.59:911][159]LogSlate: Slate User Destroyed.  User Index 0, Is Virtual User: 0
[2019.12.10-23.21.59:911][159]LogModuleManager: Shutting down and abandoning module MagicLeapAR (268)
[2019.12.10-23.21.59:912][159]LogModuleManager: Shutting down and abandoning module AugmentedReality (267)
[2019.12.10-23.21.59:912][159]LogModuleManager: Shutting down and abandoning module GameplayTagsEditor (264)
[2019.12.10-23.21.59:921][159]LogModuleManager: Shutting down and abandoning module FacialAnimationEditor (262)
[2019.12.10-23.21.59:921][159]LogModuleManager: Shutting down and abandoning module FacialAnimation (260)
[2019.12.10-23.21.59:921][159]LogModuleManager: Shutting down and abandoning module DataValidation (258)
[2019.12.10-23.21.59:921][159]LogModuleManager: Shutting down and abandoning module AssetManagerEditor (256)
[2019.12.10-23.21.59:938][159]LogModuleManager: Shutting down and abandoning module LevelEditor (255)
[2019.12.10-23.21.59:951][159]LogModuleManager: Shutting down and abandoning module PixelInspectorModule (254)
[2019.12.10-23.21.59:960][159]LogModuleManager: Shutting down and abandoning module CommonMenuExtensions (252)
[2019.12.10-23.21.59:960][159]LogModuleManager: Shutting down and abandoning module MainFrame (250)
[2019.12.10-23.21.59:960][159]LogModuleManager: Shutting down and abandoning module HotReload (249)
[2019.12.10-23.21.59:968][159]LogModuleManager: Shutting down and abandoning module ContentBrowser (245)
[2019.12.10-23.21.59:969][159]LogModuleManager: Shutting down and abandoning module TreeMap (243)
[2019.12.10-23.21.59:979][159]LogModuleManager: Shutting down and abandoning module AnimationSharing (240)
[2019.12.10-23.21.59:979][159]LogModuleManager: Shutting down and abandoning module LightPropagationVolumeRuntime (238)
[2019.12.10-23.21.59:979][159]LogModuleManager: Shutting down and abandoning module AISupportModule (236)
[2019.12.10-23.21.59:979][159]LogModuleManager: Shutting down and abandoning module Paper2D (234)
[2019.12.10-23.21.59:991][159]LogModuleManager: Shutting down and abandoning module WindowsMoviePlayer (232)
[2019.12.10-23.22.00:002][159]LogModuleManager: Shutting down and abandoning module WebMMoviePlayer (230)
[2019.12.10-23.22.00:019][159]LogModuleManager: Shutting down and abandoning module PacketHandler (228)
[2019.12.10-23.22.00:019][159]LogModuleManager: Shutting down and abandoning module ClothingSystemEditor (226)
[2019.12.10-23.22.00:019][159]LogModuleManager: Shutting down and abandoning module ClothingSystemRuntime (224)
[2019.12.10-23.22.00:089][159]LogModuleManager: Shutting down and abandoning module MediaAssets (222)
[2019.12.10-23.22.00:089][159]LogModuleManager: Shutting down and abandoning module Overlay (220)
[2019.12.10-23.22.00:089][159]LogModuleManager: Shutting down and abandoning module OverlayEditor (219)
[2019.12.10-23.22.00:089][159]LogModuleManager: Shutting down and abandoning module VREditor (216)
[2019.12.10-23.22.00:102][159]LogModuleManager: Shutting down and abandoning module StringTableEditor (214)
[2019.12.10-23.22.00:134][159]LogModuleManager: Shutting down and abandoning module GameplayTasksEditor (212)
[2019.12.10-23.22.00:134][159]LogModuleManager: Shutting down and abandoning module BehaviorTreeEditor (210)
[2019.12.10-23.22.00:188][159]LogModuleManager: Shutting down and abandoning module FunctionalTesting (208)
[2019.12.10-23.22.00:194][159]LogModuleManager: Shutting down and abandoning module CollisionAnalyzer (206)
[2019.12.10-23.22.00:217][159]LogModuleManager: Shutting down and abandoning module WorkspaceMenuStructure (205)
[2019.12.10-23.22.00:217][159]LogModuleManager: Shutting down and abandoning module UMG (202)
[2019.12.10-23.22.00:235][159]LogModuleManager: Shutting down and abandoning module UMGEditor (201)
[2019.12.10-23.22.00:262][159]LogModuleManager: Shutting down and abandoning module Sequencer (200)
[2019.12.10-23.22.00:367][159]LogModuleManager: Shutting down and abandoning module MessageLog (197)
[2019.12.10-23.22.00:367][159]LogModuleManager: Shutting down and abandoning module SlateReflector (192)
[2019.12.10-23.22.00:388][159]LogModuleManager: Shutting down and abandoning module Slate (190)
[2019.12.10-23.22.00:388][159]LogModuleManager: Shutting down and abandoning module EditorStyle (188)
[2019.12.10-23.22.00:389][159]LogModuleManager: Shutting down and abandoning module UnrealEd (186)
[2019.12.10-23.22.00:389][159]LogModuleManager: Shutting down and abandoning module MRMesh (184)
[2019.12.10-23.22.00:389][159]LogModuleManager: Shutting down and abandoning module SourceCodeAccess (182)
[2019.12.10-23.22.00:389][159]LogModuleManager: Shutting down and abandoning module HeadMountedDisplay (180)
[2019.12.10-23.22.00:389][159]LogModuleManager: Shutting down and abandoning module XAudio2 (178)
[2019.12.10-23.22.00:389][159]LogModuleManager: Shutting down and abandoning module Networking (176)
[2019.12.10-23.22.00:389][159]LogModuleManager: Shutting down and abandoning module Core (174)
[2019.12.10-23.22.00:389][159]LogModuleManager: Shutting down and abandoning module KismetCompiler (172)
[2019.12.10-23.22.00:389][159]LogModuleManager: Shutting down and abandoning module MeshUtilities (170)
[2019.12.10-23.22.00:389][159]LogModuleManager: Shutting down and abandoning module MeshMergeUtilities (169)
[2019.12.10-23.22.00:402][159]LogModuleManager: Shutting down and abandoning module MeshReductionInterface (168)
[2019.12.10-23.22.00:402][159]LogModuleManager: Shutting down and abandoning module SkeletalMeshReduction (167)
[2019.12.10-23.22.00:417][159]LogModuleManager: Shutting down and abandoning module ProxyLODMeshReduction (165)
[2019.12.10-23.22.00:463][159]LogModuleManager: Shutting down and abandoning module QuadricMeshReduction (163)
[2019.12.10-23.22.00:474][159]LogModuleManager: Shutting down and abandoning module MaterialBaking (159)
[2019.12.10-23.22.00:496][159]LogModuleManager: Shutting down and abandoning module DerivedDataCache (154)
[2019.12.10-23.22.00:522][159]LogDerivedDataCache: Shutdown
[2019.12.10-23.22.00:522][159]LogModuleManager: Shutting down and abandoning module XGEController (152)
[2019.12.10-23.22.00:526][159]LogModuleManager: Shutting down and abandoning module TargetPlatform (150)
[2019.12.10-23.22.00:543][159]LogModuleManager: Shutting down and abandoning module VulkanShaderFormat (149)
[2019.12.10-23.22.00:557][159]LogModuleManager: Shutting down and abandoning module ShaderFormatVectorVM (147)
[2019.12.10-23.22.00:609][159]LogModuleManager: Shutting down and abandoning module ShaderFormatOpenGL (145)
[2019.12.10-23.22.00:637][159]LogModuleManager: Shutting down and abandoning module ShaderFormatD3D (143)
[2019.12.10-23.22.00:640][159]LogModuleManager: Shutting down and abandoning module MetalShaderFormat (141)
[2019.12.10-23.22.00:652][159]LogModuleManager: Shutting down and abandoning module TextureFormatUncompressed (139)
[2019.12.10-23.22.00:652][159]LogModuleManager: Shutting down and abandoning module TextureFormatPVR (137)
[2019.12.10-23.22.00:652][159]LogModuleManager: Shutting down and abandoning module TextureFormatDXT (135)
[2019.12.10-23.22.00:658][159]LogModuleManager: Shutting down and abandoning module TextureFormatIntelISPCTexComp (133)
[2019.12.10-23.22.00:665][159]LogModuleManager: Shutting down and abandoning module TextureFormatASTC (131)
[2019.12.10-23.22.00:665][159]LogModuleManager: Shutting down and abandoning module ImageWrapper (130)
[2019.12.10-23.22.00:665][159]LogModuleManager: Shutting down and abandoning module TextureFormatAndroid (127)
[2019.12.10-23.22.00:665][159]LogModuleManager: Shutting down and abandoning module AudioFormatOpus (125)
[2019.12.10-23.22.00:675][159]LogModuleManager: Shutting down and abandoning module AudioFormatOgg (123)
[2019.12.10-23.22.00:675][159]LogModuleManager: Shutting down and abandoning module AudioFormatADPCM (121)
[2019.12.10-23.22.00:681][159]LogModuleManager: Shutting down and abandoning module LuminTargetPlatform (119)
[2019.12.10-23.22.00:691][159]LogModuleManager: Shutting down and abandoning module LinuxTargetPlatform (117)
[2019.12.10-23.22.00:691][159]LogModuleManager: Shutting down and abandoning module LinuxServerTargetPlatform (115)
[2019.12.10-23.22.00:707][159]LogModuleManager: Shutting down and abandoning module LinuxNoEditorTargetPlatform (113)
[2019.12.10-23.22.00:717][159]LogModuleManager: Shutting down and abandoning module LinuxClientTargetPlatform (111)
[2019.12.10-23.22.00:730][159]LogModuleManager: Shutting down and abandoning module TVOSTargetPlatform (109)
[2019.12.10-23.22.00:731][159]LogModuleManager: Shutting down and abandoning module Messaging (107)
[2019.12.10-23.22.00:731][159]LogModuleManager: Shutting down and abandoning module IOSTargetPlatform (105)
[2019.12.10-23.22.00:731][159]LogModuleManager: Shutting down and abandoning module HTML5TargetPlatform (103)
[2019.12.10-23.22.00:731][159]LogModuleManager: Shutting down and abandoning module AndroidTargetPlatform (101)
[2019.12.10-23.22.00:738][159]LogModuleManager: Shutting down and abandoning module WindowsTargetPlatform (99)
[2019.12.10-23.22.00:738][159]LogModuleManager: Shutting down and abandoning module WindowsServerTargetPlatform (97)
[2019.12.10-23.22.00:738][159]LogModuleManager: Shutting down and abandoning module WindowsNoEditorTargetPlatform (95)
[2019.12.10-23.22.00:738][159]LogModuleManager: Shutting down and abandoning module WindowsClientTargetPlatform (93)
[2019.12.10-23.22.00:738][159]LogModuleManager: Shutting down and abandoning module MacTargetPlatform (91)
[2019.12.10-23.22.00:738][159]LogModuleManager: Shutting down and abandoning module MacServerTargetPlatform (89)
[2019.12.10-23.22.00:738][159]LogModuleManager: Shutting down and abandoning module MacNoEditorTargetPlatform (87)
[2019.12.10-23.22.00:738][159]LogModuleManager: Shutting down and abandoning module MacClientTargetPlatform (85)
[2019.12.10-23.22.00:739][159]LogModuleManager: Shutting down and abandoning module AllDesktopTargetPlatform (83)
[2019.12.10-23.22.00:739][159]LogModuleManager: Shutting down and abandoning module InputCore (80)
[2019.12.10-23.22.00:739][159]LogModuleManager: Shutting down and abandoning module Settings (78)
[2019.12.10-23.22.00:739][159]LogModuleManager: Shutting down and abandoning module DirectoryWatcher (76)
[2019.12.10-23.22.00:741][159]LogModuleManager: Shutting down and abandoning module PhysXCooking (74)
[2019.12.10-23.22.00:741][159]LogModuleManager: Shutting down and abandoning module SteamVR (72)
[2019.12.10-23.22.00:752][159]LogHMD: Freeing OpenVRDLLHandle.
[2019.12.10-23.22.00:752][159]LogModuleManager: Shutting down and abandoning module OculusHMD (70)
[2019.12.10-23.22.00:753][159]LogModuleManager: Shutting down and abandoning module ExampleDeviceProfileSelector (68)
[2019.12.10-23.22.00:753][159]LogModuleManager: Shutting down and abandoning module LauncherChunkInstaller (66)
[2019.12.10-23.22.00:753][159]LogModuleManager: Shutting down and abandoning module OnlineBlueprintSupport (64)
[2019.12.10-23.22.00:753][159]LogModuleManager: Shutting down and abandoning module OnlineSubsystem (60)
[2019.12.10-23.22.00:792][159]LogModuleManager: Shutting down and abandoning module XMPP (55)
[2019.12.10-23.22.00:807][159]LogModuleManager: Shutting down and abandoning module WebSockets (54)
[2019.12.10-23.22.00:918][159]LogModuleManager: Shutting down and abandoning module HTTP (51)
[2019.12.10-23.22.00:918][159]LogHttp: Display: Http module shutting down, but needs to wait on 1 outstanding Http requests:
[2019.12.10-23.22.00:918][159]LogHttp: Display: 	verb=[POST] url=[https://datarouter.ol.epicgames.com/datarouter/api/v1/public/data?SessionID=%7B0C461B65-4118-A312-03A2-B891DE4E32E9%7D&AppID=UEEditor.Rocket.Release&AppVersion=4.22.3-7053642%2B%2B%2BUE4%2BRelease-4.22&UserID=f4ee64024e3f52dbdfdcf3ac3d76ed9d%7Ca3814642f71245888cd9387ecea366de%7Cbadfa7fd-6883-4b26-9efd-4a4566d1488c&AppEnvironment=datacollector-binary&UploadType=eteventstream] status=Processing
[2019.12.10-23.22.00:923][159]LogModuleManager: Shutting down and abandoning module SSL (50)
[2019.12.10-23.22.00:925][159]LogModuleManager: Shutting down and abandoning module WmfMedia (46)
[2019.12.10-23.22.00:945][159]LogModuleManager: Shutting down and abandoning module Media (45)
[2019.12.10-23.22.00:952][159]LogModuleManager: Shutting down and abandoning module MagicLeap (42)
[2019.12.10-23.22.00:953][159]LogModuleManager: Shutting down and abandoning module DatasmithContent (40)
[2019.12.10-23.22.00:953][159]LogModuleManager: Shutting down and abandoning module AnimationModifiers (38)
[2019.12.10-23.22.00:973][159]LogModuleManager: Shutting down and abandoning module PropertyEditor (37)
[2019.12.10-23.22.01:010][159]LogModuleManager: Shutting down and abandoning module AudioEditor (34)
[2019.12.10-23.22.01:060][159]LogModuleManager: Shutting down and abandoning module TextureCompressor (32)
[2019.12.10-23.22.01:116][159]LogModuleManager: Shutting down and abandoning module RenderCore (30)
[2019.12.10-23.22.01:116][159]LogModuleManager: Shutting down and abandoning module Landscape (28)
[2019.12.10-23.22.01:116][159]LogModuleManager: Shutting down and abandoning module SlateRHIRenderer (26)
[2019.12.10-23.22.01:136][159]LogModuleManager: Shutting down and abandoning module OpenGLDrv (24)
[2019.12.10-23.22.01:157][159]LogModuleManager: Shutting down and abandoning module D3D11RHI (22)
[2019.12.10-23.22.01:157][159]LogModuleManager: Shutting down and abandoning module AnimGraphRuntime (20)
[2019.12.10-23.22.01:157][159]LogModuleManager: Shutting down and abandoning module Renderer (18)
[2019.12.10-23.22.01:157][159]LogModuleManager: Shutting down and abandoning module Engine (16)
[2019.12.10-23.22.01:157][159]LogModuleManager: Shutting down and abandoning module CoreUObject (14)
[2019.12.10-23.22.01:157][159]LogModuleManager: Shutting down and abandoning module NetworkFile (12)
[2019.12.10-23.22.01:167][159]LogModuleManager: Shutting down and abandoning module CookedIterativeFile (10)
[2019.12.10-23.22.01:168][159]LogModuleManager: Shutting down and abandoning module StreamingFile (8)
[2019.12.10-23.22.01:183][159]LogModuleManager: Shutting down and abandoning module SandboxFile (6)
[2019.12.10-23.22.01:184][159]LogModuleManager: Shutting down and abandoning module PakFile (4)
[2019.12.10-23.22.01:193][159]LogModuleManager: Shutting down and abandoning module RSA (3)
[2019.12.10-23.22.01:220][159]LogExit: Exiting.
[2019.12.10-23.22.01:257][159]Log file closed, 12/11/19 10:22:01
